#
# A fatal error has been detected by the Java Runtime Environment:
#
#  EXCEPTION_ACCESS_VIOLATION (0xc0000005) at pc=0x00007ff8204111e5, pid=10932, tid=22240
#
# JRE version: OpenJDK Runtime Environment Microsoft-25199 (11.0.12+7) (build 11.0.12+7)
# Java VM: OpenJDK 64-Bit Server VM Microsoft-25199 (11.0.12+7, mixed mode, tiered, compressed oops, g1 gc, windows-amd64)
# Problematic frame:
# V  [jvm.dll+0x7711e5]
#
# No core dump will be written. Minidumps are not enabled by default on client versions of Windows
#
# If you would like to submit a bug report, please visit:
#   https://github.com/microsoft/openjdk/issues
#

---------------  S U M M A R Y ------------

Command Line: -agentlib:jdwp=transport=dt_socket,server=n,suspend=y,address=localhost:60917 Main

Host: Intel(R) Core(TM) i9-9900K CPU @ 3.60GHz, 16 cores, 31G,  Windows 10 , 64 bit Build 19041 (10.0.19041.3570)
Time: Sat Oct 28 07:20:17 2023 GMT Summer Time elapsed time: 65.891634 seconds (0d 0h 1m 5s)

---------------  T H R E A D  ---------------

Current thread (0x000001f1782ce000):  JavaThread "main" [_thread_in_vm, id=22240, stack(0x0000008ac4800000,0x0000008ac4900000)]

Stack: [0x0000008ac4800000,0x0000008ac4900000],  sp=0x0000008ac48ff0f0,  free space=1020k
Native frames: (J=compiled Java code, j=interpreted, Vv=VM code, C=native code)
V  [jvm.dll+0x7711e5]
C  0x000001f1086564c2

Java frames: (J=compiled Java code, j=interpreted, Vv=VM code)
j  jdk.internal.misc.Unsafe.getLong(Ljava/lang/Object;J)J+0 java.base@11.0.12
j  jdk.internal.misc.Unsafe.getLong(J)J+3 java.base@11.0.12
j  sun.misc.Unsafe.getLong(J)J+4 jdk.unsupported@11.0.12
j  aed.collections.UNode.get_prev_next_addr(J)J+40
j  aed.collections.StingyList.getNextAddr(JJ)J+1
j  aed.collections.StingyList$AdjacentAddresses.next()J+48
j  aed.collections.StingyList.getAdjacentAddresses(I)Laed/collections/StingyList$AdjacentAddresses;+16
j  aed.collections.StingyList.get(I)Ljava/lang/Object;+7
j  aed.collections.StingyList.print()V+10
j  Main.main([Ljava/lang/String;)V+46
v  ~StubRoutines::call_stub

siginfo: EXCEPTION_ACCESS_VIOLATION (0xc0000005), reading address 0x00000000000003c0


Register to memory mapping:

RIP=0x00007ff8204111e5 jvm.dll
RAX=0x0 is NULL
RBX=0x000001f1782ce000 is a thread
RCX=0x000001f1782ce000 is a thread
RDX=0x0000008ac48ff1f0 is pointing into the stack for thread: 0x000001f1782ce000
RSP=0x0000008ac48ff0f0 is pointing into the stack for thread: 0x000001f1782ce000
RBP=0x000001f1782ce000 is a thread
RSI=0x0 is NULL
RDI=0x000001f10864c200 is at code_begin+3744 in an Interpreter codelet
invoke return entry points  [0x000001f10864b360, 0x000001f10864d420]  8384 bytes
R8 =0x0 is NULL
R9 =0x00000000000003c0 is an unknown value
R10=0x000001f108656493 is at code_begin+1971 in an Interpreter codelet
method entry point (kind = native)  [0x000001f108655ce0, 0x000001f108656fe0]  4864 bytes
R11=0x0000000000000101 is an unknown value
R12=0x0 is NULL
R13=0x000001f17ee42fb0 is pointing into metadata
R14=0x00000000000003c0 is an unknown value
R15=0x000001f1782ce000 is a thread


Registers:
RAX=0x0000000000000000, RBX=0x000001f1782ce000, RCX=0x000001f1782ce000, RDX=0x0000008ac48ff1f0
RSP=0x0000008ac48ff0f0, RBP=0x000001f1782ce000, RSI=0x0000000000000000, RDI=0x000001f10864c200
R8 =0x0000000000000000, R9 =0x00000000000003c0, R10=0x000001f108656493, R11=0x0000000000000101
R12=0x0000000000000000, R13=0x000001f17ee42fb0, R14=0x00000000000003c0, R15=0x000001f1782ce000
RIP=0x00007ff8204111e5, EFLAGS=0x0000000000010246

Top of Stack: (sp=0x0000008ac48ff0f0)
0x0000008ac48ff0f0:   0000008ac48ff1b8 0000008ac48ff170
0x0000008ac48ff100:   0000008ac48ff170 000001f108655f4c
0x0000008ac48ff110:   0000008ac48ff1f0 000001f10864c2ce
0x0000008ac48ff120:   0000000000000000 000001f1086564c2
0x0000008ac48ff130:   000001f1782ce000 000001f17ee42fb8
0x0000008ac48ff140:   0000008ac48ff1b8 000001f17ee42fb8
0x0000008ac48ff150:   0000000000000000 0000008ac48ff1f8
0x0000008ac48ff160:   0000008ac48ff1f8 000001f108655f4c
0x0000008ac48ff170:   0000008ac48ff170 000001f17ee42fb0
0x0000008ac48ff180:   0000008ac48ff1f0 000001f17ee95f88
0x0000008ac48ff190:   0000000000000000 0000000621c03698
0x0000008ac48ff1a0:   000001f17ee42fb8 0000000000000000
0x0000008ac48ff1b0:   0000008ac48ff1d8 0000008ac48ff240
0x0000008ac48ff1c0:   000001f10864c2ce 0000000000000000
0x0000008ac48ff1d0:   000001f1086513d7 00000000000003c0
0x0000008ac48ff1e0:   0000000000000000 0000000000000000 

Instructions: (pc=0x00007ff8204111e5)
0x00007ff8204110e5:   48 89 6c 24 18 56 57 41 56 48 83 ec 20 8b 81 90
0x00007ff8204110f5:   00 00 00 48 8d a9 b8 fc ff ff 05 55 21 ff ff 4d
0x00007ff820411105:   8b f1 49 8b f0 83 f8 01 76 0d 48 8b cd 40 b7 01
0x00007ff820411115:   e8 36 e2 fd ff eb 03 40 32 ff 33 db 40 84 ff 48
0x00007ff820411125:   0f 44 dd 48 89 5c 24 40 c7 83 c0 03 00 00 05 00
0x00007ff820411135:   00 00 80 3d 22 28 2b 00 00 75 09 83 3d a9 ea 32
0x00007ff820411145:   00 01 74 18 80 3d 11 28 2b 00 00 74 07 e8 09 95
0x00007ff820411155:   e8 ff eb 08 48 8b cb e8 5f 46 99 ff 83 3d b8 33
0x00007ff820411165:   33 00 01 75 1b 48 8b 03 48 8b cb ff 50 20 84 c0
0x00007ff820411175:   74 0e 48 8b 83 08 01 00 00 c0 e8 03 24 01 eb 0b
0x00007ff820411185:   8b 05 25 30 33 00 85 c0 0f 95 c0 84 c0 75 0d 8b
0x00007ff820411195:   83 d8 00 00 00 a9 00 00 00 30 74 08 48 8b cb e8
0x00007ff8204111a5:   87 e8 fd ff c7 83 c0 03 00 00 06 00 00 00 48 85
0x00007ff8204111b5:   f6 74 26 40 f6 c6 01 74 0c 48 8d 4e ff ff 15 70
0x00007ff8204111c5:   fc 2a 00 eb 09 48 8b ce ff 15 5d fc 2a 00 48 85
0x00007ff8204111d5:   c0 74 06 4a 8b 34 30 eb 11 c6 83 e4 03 00 00 01
0x00007ff8204111e5:   49 8b 36 c6 83 e4 03 00 00 00 48 8b 9b f0 00 00
0x00007ff8204111f5:   00 48 8b 43 10 48 8b 7b 08 48 83 38 00 74 19 48
0x00007ff820411205:   8b 53 28 48 8b cf e8 e0 17 95 ff 48 8b 4b 10 e8
0x00007ff820411215:   47 17 95 ff 48 8b 43 10 48 89 47 10 ba 06 00 00
0x00007ff820411225:   00 48 8b 4b 18 48 89 4f 18 48 8b 4b 20 48 89 4f
0x00007ff820411235:   20 44 8d 42 fe 48 8d 4c 24 40 e8 bc 43 99 ff 48
0x00007ff820411245:   8b 5c 24 48 48 8b c6 48 8b 6c 24 50 48 83 c4 20
0x00007ff820411255:   41 5e 5f 5e c3 cc cc cc cc cc cc 48 89 5c 24 10
0x00007ff820411265:   48 89 6c 24 18 56 57 41 56 48 83 ec 20 8b 81 90
0x00007ff820411275:   00 00 00 48 8d a9 b8 fc ff ff 05 55 21 ff ff 4d
0x00007ff820411285:   8b f1 49 8b f0 83 f8 01 76 0d 48 8b cd 40 b7 01
0x00007ff820411295:   e8 b6 e0 fd ff eb 03 40 32 ff 33 db 40 84 ff 48
0x00007ff8204112a5:   0f 44 dd 48 89 5c 24 40 c7 83 c0 03 00 00 05 00
0x00007ff8204112b5:   00 00 80 3d a2 26 2b 00 00 75 09 83 3d 29 e9 32
0x00007ff8204112c5:   00 01 74 18 80 3d 91 26 2b 00 00 74 07 e8 89 93
0x00007ff8204112d5:   e8 ff eb 08 48 8b cb e8 df 44 99 ff 83 3d 38 32 


Stack slot to memory mapping:
stack at sp + 0 slots: 0x0000008ac48ff1b8 is pointing into the stack for thread: 0x000001f1782ce000
stack at sp + 1 slots: 0x0000008ac48ff170 is pointing into the stack for thread: 0x000001f1782ce000
stack at sp + 2 slots: 0x0000008ac48ff170 is pointing into the stack for thread: 0x000001f1782ce000
stack at sp + 3 slots: 0x000001f108655f4c is at code_begin+620 in an Interpreter codelet
method entry point (kind = native)  [0x000001f108655ce0, 0x000001f108656fe0]  4864 bytes
stack at sp + 4 slots: 0x0000008ac48ff1f0 is pointing into the stack for thread: 0x000001f1782ce000
stack at sp + 5 slots: 0x000001f10864c2ce is at code_begin+3950 in an Interpreter codelet
invoke return entry points  [0x000001f10864b360, 0x000001f10864d420]  8384 bytes
stack at sp + 6 slots: 0x0 is NULL
stack at sp + 7 slots: 0x000001f1086564c2 is at code_begin+2018 in an Interpreter codelet
method entry point (kind = native)  [0x000001f108655ce0, 0x000001f108656fe0]  4864 bytes


---------------  P R O C E S S  ---------------

Threads class SMR info:
_java_thread_list=0x000001f17f9101c0, length=13, elements={
0x000001f1782ce000, 0x000001f17f6b6000, 0x000001f17f6d7000, 0x000001f17f736000,
0x000001f17f738000, 0x000001f17f739000, 0x000001f17f745000, 0x000001f17f74d000,
0x000001f17f759000, 0x000001f17f8d9000, 0x000001f17f905000, 0x000001f17f908000,
0x000001f17f922000
}

Java Threads: ( => current thread )
=>0x000001f1782ce000 JavaThread "main" [_thread_in_vm, id=22240, stack(0x0000008ac4800000,0x0000008ac4900000)]
  0x000001f17f6b6000 JavaThread "Reference Handler" daemon [_thread_blocked, id=29216, stack(0x0000008ac4f00000,0x0000008ac5000000)]
  0x000001f17f6d7000 JavaThread "Finalizer" daemon [_thread_blocked, id=28416, stack(0x0000008ac5000000,0x0000008ac5100000)]
  0x000001f17f736000 JavaThread "Signal Dispatcher" daemon [_thread_blocked, id=8940, stack(0x0000008ac5100000,0x0000008ac5200000)]
  0x000001f17f738000 JavaThread "Attach Listener" daemon [_thread_blocked, id=21168, stack(0x0000008ac5200000,0x0000008ac5300000)]
  0x000001f17f739000 JavaThread "Service Thread" daemon [_thread_blocked, id=22760, stack(0x0000008ac5300000,0x0000008ac5400000)]
  0x000001f17f745000 JavaThread "C2 CompilerThread0" daemon [_thread_blocked, id=28756, stack(0x0000008ac5400000,0x0000008ac5500000)]
  0x000001f17f74d000 JavaThread "C1 CompilerThread0" daemon [_thread_blocked, id=20184, stack(0x0000008ac5500000,0x0000008ac5600000)]
  0x000001f17f759000 JavaThread "Sweeper thread" daemon [_thread_blocked, id=25764, stack(0x0000008ac5600000,0x0000008ac5700000)]
  0x000001f17f8d9000 JavaThread "JDWP Transport Listener: dt_socket" daemon [_thread_blocked, id=28460, stack(0x0000008ac5800000,0x0000008ac5900000)]
  0x000001f17f905000 JavaThread "JDWP Event Helper Thread" daemon [_thread_blocked, id=8836, stack(0x0000008ac5900000,0x0000008ac5a00000)]
  0x000001f17f908000 JavaThread "JDWP Command Reader" daemon [_thread_in_native, id=6004, stack(0x0000008ac5a00000,0x0000008ac5b00000)]
  0x000001f17f922000 JavaThread "Common-Cleaner" daemon [_thread_blocked, id=23504, stack(0x0000008ac5c00000,0x0000008ac5d00000)]

Other Threads:
  0x000001f17f6b1000 VMThread "VM Thread" [stack: 0x0000008ac4e00000,0x0000008ac4f00000] [id=12416]
  0x000001f17f91c800 WatcherThread [stack: 0x0000008ac5b00000,0x0000008ac5c00000] [id=2004]
  0x000001f1782e5800 GCTaskThread "GC Thread#0" [stack: 0x0000008ac4900000,0x0000008ac4a00000] [id=11684]
  0x000001f178368000 ConcurrentGCThread "G1 Main Marker" [stack: 0x0000008ac4a00000,0x0000008ac4b00000] [id=6360]
  0x000001f178369800 ConcurrentGCThread "G1 Conc#0" [stack: 0x0000008ac4b00000,0x0000008ac4c00000] [id=12012]
  0x000001f17ed18000 ConcurrentGCThread "G1 Refine#0" [stack: 0x0000008ac4c00000,0x0000008ac4d00000] [id=18820]
  0x000001f17ed19000 ConcurrentGCThread "G1 Young RemSet Sampling" [stack: 0x0000008ac4d00000,0x0000008ac4e00000] [id=4380]

Threads with active compile tasks:

VM state:not at safepoint (normal execution)

VM Mutex/Monitor currently owned by a thread: None

Heap address: 0x0000000601e00000, size: 8162 MB, Compressed Oops mode: Zero based, Oop shift amount: 3
Narrow klass base: 0x0000000800000000, Narrow klass shift: 0
Compressed class space size: 1073741824 Address: 0x0000000800000000

Heap:
 garbage-first heap   total 524288K, used 0K [0x0000000601e00000, 0x0000000800000000)
  region size 2048K, 1 young (2048K), 0 survivors (0K)
 Metaspace       used 4506K, capacity 4579K, committed 4864K, reserved 1056768K
  class space    used 367K, capacity 389K, committed 512K, reserved 1048576K
Heap Regions: E=young(eden), S=young(survivor), O=old, HS=humongous(starts), HC=humongous(continues), CS=collection set, F=free, A=archive, TAMS=top-at-mark-start (previous, next)
|   0|0x0000000601e00000, 0x0000000601e00000, 0x0000000602000000|  0%| F|  |TAMS 0x0000000601e00000, 0x0000000601e00000| Untracked 
|   1|0x0000000602000000, 0x0000000602000000, 0x0000000602200000|  0%| F|  |TAMS 0x0000000602000000, 0x0000000602000000| Untracked 
|   2|0x0000000602200000, 0x0000000602200000, 0x0000000602400000|  0%| F|  |TAMS 0x0000000602200000, 0x0000000602200000| Untracked 
|   3|0x0000000602400000, 0x0000000602400000, 0x0000000602600000|  0%| F|  |TAMS 0x0000000602400000, 0x0000000602400000| Untracked 
|   4|0x0000000602600000, 0x0000000602600000, 0x0000000602800000|  0%| F|  |TAMS 0x0000000602600000, 0x0000000602600000| Untracked 
|   5|0x0000000602800000, 0x0000000602800000, 0x0000000602a00000|  0%| F|  |TAMS 0x0000000602800000, 0x0000000602800000| Untracked 
|   6|0x0000000602a00000, 0x0000000602a00000, 0x0000000602c00000|  0%| F|  |TAMS 0x0000000602a00000, 0x0000000602a00000| Untracked 
|   7|0x0000000602c00000, 0x0000000602c00000, 0x0000000602e00000|  0%| F|  |TAMS 0x0000000602c00000, 0x0000000602c00000| Untracked 
|   8|0x0000000602e00000, 0x0000000602e00000, 0x0000000603000000|  0%| F|  |TAMS 0x0000000602e00000, 0x0000000602e00000| Untracked 
|   9|0x0000000603000000, 0x0000000603000000, 0x0000000603200000|  0%| F|  |TAMS 0x0000000603000000, 0x0000000603000000| Untracked 
|  10|0x0000000603200000, 0x0000000603200000, 0x0000000603400000|  0%| F|  |TAMS 0x0000000603200000, 0x0000000603200000| Untracked 
|  11|0x0000000603400000, 0x0000000603400000, 0x0000000603600000|  0%| F|  |TAMS 0x0000000603400000, 0x0000000603400000| Untracked 
|  12|0x0000000603600000, 0x0000000603600000, 0x0000000603800000|  0%| F|  |TAMS 0x0000000603600000, 0x0000000603600000| Untracked 
|  13|0x0000000603800000, 0x0000000603800000, 0x0000000603a00000|  0%| F|  |TAMS 0x0000000603800000, 0x0000000603800000| Untracked 
|  14|0x0000000603a00000, 0x0000000603a00000, 0x0000000603c00000|  0%| F|  |TAMS 0x0000000603a00000, 0x0000000603a00000| Untracked 
|  15|0x0000000603c00000, 0x0000000603c00000, 0x0000000603e00000|  0%| F|  |TAMS 0x0000000603c00000, 0x0000000603c00000| Untracked 
|  16|0x0000000603e00000, 0x0000000603e00000, 0x0000000604000000|  0%| F|  |TAMS 0x0000000603e00000, 0x0000000603e00000| Untracked 
|  17|0x0000000604000000, 0x0000000604000000, 0x0000000604200000|  0%| F|  |TAMS 0x0000000604000000, 0x0000000604000000| Untracked 
|  18|0x0000000604200000, 0x0000000604200000, 0x0000000604400000|  0%| F|  |TAMS 0x0000000604200000, 0x0000000604200000| Untracked 
|  19|0x0000000604400000, 0x0000000604400000, 0x0000000604600000|  0%| F|  |TAMS 0x0000000604400000, 0x0000000604400000| Untracked 
|  20|0x0000000604600000, 0x0000000604600000, 0x0000000604800000|  0%| F|  |TAMS 0x0000000604600000, 0x0000000604600000| Untracked 
|  21|0x0000000604800000, 0x0000000604800000, 0x0000000604a00000|  0%| F|  |TAMS 0x0000000604800000, 0x0000000604800000| Untracked 
|  22|0x0000000604a00000, 0x0000000604a00000, 0x0000000604c00000|  0%| F|  |TAMS 0x0000000604a00000, 0x0000000604a00000| Untracked 
|  23|0x0000000604c00000, 0x0000000604c00000, 0x0000000604e00000|  0%| F|  |TAMS 0x0000000604c00000, 0x0000000604c00000| Untracked 
|  24|0x0000000604e00000, 0x0000000604e00000, 0x0000000605000000|  0%| F|  |TAMS 0x0000000604e00000, 0x0000000604e00000| Untracked 
|  25|0x0000000605000000, 0x0000000605000000, 0x0000000605200000|  0%| F|  |TAMS 0x0000000605000000, 0x0000000605000000| Untracked 
|  26|0x0000000605200000, 0x0000000605200000, 0x0000000605400000|  0%| F|  |TAMS 0x0000000605200000, 0x0000000605200000| Untracked 
|  27|0x0000000605400000, 0x0000000605400000, 0x0000000605600000|  0%| F|  |TAMS 0x0000000605400000, 0x0000000605400000| Untracked 
|  28|0x0000000605600000, 0x0000000605600000, 0x0000000605800000|  0%| F|  |TAMS 0x0000000605600000, 0x0000000605600000| Untracked 
|  29|0x0000000605800000, 0x0000000605800000, 0x0000000605a00000|  0%| F|  |TAMS 0x0000000605800000, 0x0000000605800000| Untracked 
|  30|0x0000000605a00000, 0x0000000605a00000, 0x0000000605c00000|  0%| F|  |TAMS 0x0000000605a00000, 0x0000000605a00000| Untracked 
|  31|0x0000000605c00000, 0x0000000605c00000, 0x0000000605e00000|  0%| F|  |TAMS 0x0000000605c00000, 0x0000000605c00000| Untracked 
|  32|0x0000000605e00000, 0x0000000605e00000, 0x0000000606000000|  0%| F|  |TAMS 0x0000000605e00000, 0x0000000605e00000| Untracked 
|  33|0x0000000606000000, 0x0000000606000000, 0x0000000606200000|  0%| F|  |TAMS 0x0000000606000000, 0x0000000606000000| Untracked 
|  34|0x0000000606200000, 0x0000000606200000, 0x0000000606400000|  0%| F|  |TAMS 0x0000000606200000, 0x0000000606200000| Untracked 
|  35|0x0000000606400000, 0x0000000606400000, 0x0000000606600000|  0%| F|  |TAMS 0x0000000606400000, 0x0000000606400000| Untracked 
|  36|0x0000000606600000, 0x0000000606600000, 0x0000000606800000|  0%| F|  |TAMS 0x0000000606600000, 0x0000000606600000| Untracked 
|  37|0x0000000606800000, 0x0000000606800000, 0x0000000606a00000|  0%| F|  |TAMS 0x0000000606800000, 0x0000000606800000| Untracked 
|  38|0x0000000606a00000, 0x0000000606a00000, 0x0000000606c00000|  0%| F|  |TAMS 0x0000000606a00000, 0x0000000606a00000| Untracked 
|  39|0x0000000606c00000, 0x0000000606c00000, 0x0000000606e00000|  0%| F|  |TAMS 0x0000000606c00000, 0x0000000606c00000| Untracked 
|  40|0x0000000606e00000, 0x0000000606e00000, 0x0000000607000000|  0%| F|  |TAMS 0x0000000606e00000, 0x0000000606e00000| Untracked 
|  41|0x0000000607000000, 0x0000000607000000, 0x0000000607200000|  0%| F|  |TAMS 0x0000000607000000, 0x0000000607000000| Untracked 
|  42|0x0000000607200000, 0x0000000607200000, 0x0000000607400000|  0%| F|  |TAMS 0x0000000607200000, 0x0000000607200000| Untracked 
|  43|0x0000000607400000, 0x0000000607400000, 0x0000000607600000|  0%| F|  |TAMS 0x0000000607400000, 0x0000000607400000| Untracked 
|  44|0x0000000607600000, 0x0000000607600000, 0x0000000607800000|  0%| F|  |TAMS 0x0000000607600000, 0x0000000607600000| Untracked 
|  45|0x0000000607800000, 0x0000000607800000, 0x0000000607a00000|  0%| F|  |TAMS 0x0000000607800000, 0x0000000607800000| Untracked 
|  46|0x0000000607a00000, 0x0000000607a00000, 0x0000000607c00000|  0%| F|  |TAMS 0x0000000607a00000, 0x0000000607a00000| Untracked 
|  47|0x0000000607c00000, 0x0000000607c00000, 0x0000000607e00000|  0%| F|  |TAMS 0x0000000607c00000, 0x0000000607c00000| Untracked 
|  48|0x0000000607e00000, 0x0000000607e00000, 0x0000000608000000|  0%| F|  |TAMS 0x0000000607e00000, 0x0000000607e00000| Untracked 
|  49|0x0000000608000000, 0x0000000608000000, 0x0000000608200000|  0%| F|  |TAMS 0x0000000608000000, 0x0000000608000000| Untracked 
|  50|0x0000000608200000, 0x0000000608200000, 0x0000000608400000|  0%| F|  |TAMS 0x0000000608200000, 0x0000000608200000| Untracked 
|  51|0x0000000608400000, 0x0000000608400000, 0x0000000608600000|  0%| F|  |TAMS 0x0000000608400000, 0x0000000608400000| Untracked 
|  52|0x0000000608600000, 0x0000000608600000, 0x0000000608800000|  0%| F|  |TAMS 0x0000000608600000, 0x0000000608600000| Untracked 
|  53|0x0000000608800000, 0x0000000608800000, 0x0000000608a00000|  0%| F|  |TAMS 0x0000000608800000, 0x0000000608800000| Untracked 
|  54|0x0000000608a00000, 0x0000000608a00000, 0x0000000608c00000|  0%| F|  |TAMS 0x0000000608a00000, 0x0000000608a00000| Untracked 
|  55|0x0000000608c00000, 0x0000000608c00000, 0x0000000608e00000|  0%| F|  |TAMS 0x0000000608c00000, 0x0000000608c00000| Untracked 
|  56|0x0000000608e00000, 0x0000000608e00000, 0x0000000609000000|  0%| F|  |TAMS 0x0000000608e00000, 0x0000000608e00000| Untracked 
|  57|0x0000000609000000, 0x0000000609000000, 0x0000000609200000|  0%| F|  |TAMS 0x0000000609000000, 0x0000000609000000| Untracked 
|  58|0x0000000609200000, 0x0000000609200000, 0x0000000609400000|  0%| F|  |TAMS 0x0000000609200000, 0x0000000609200000| Untracked 
|  59|0x0000000609400000, 0x0000000609400000, 0x0000000609600000|  0%| F|  |TAMS 0x0000000609400000, 0x0000000609400000| Untracked 
|  60|0x0000000609600000, 0x0000000609600000, 0x0000000609800000|  0%| F|  |TAMS 0x0000000609600000, 0x0000000609600000| Untracked 
|  61|0x0000000609800000, 0x0000000609800000, 0x0000000609a00000|  0%| F|  |TAMS 0x0000000609800000, 0x0000000609800000| Untracked 
|  62|0x0000000609a00000, 0x0000000609a00000, 0x0000000609c00000|  0%| F|  |TAMS 0x0000000609a00000, 0x0000000609a00000| Untracked 
|  63|0x0000000609c00000, 0x0000000609c00000, 0x0000000609e00000|  0%| F|  |TAMS 0x0000000609c00000, 0x0000000609c00000| Untracked 
|  64|0x0000000609e00000, 0x0000000609e00000, 0x000000060a000000|  0%| F|  |TAMS 0x0000000609e00000, 0x0000000609e00000| Untracked 
|  65|0x000000060a000000, 0x000000060a000000, 0x000000060a200000|  0%| F|  |TAMS 0x000000060a000000, 0x000000060a000000| Untracked 
|  66|0x000000060a200000, 0x000000060a200000, 0x000000060a400000|  0%| F|  |TAMS 0x000000060a200000, 0x000000060a200000| Untracked 
|  67|0x000000060a400000, 0x000000060a400000, 0x000000060a600000|  0%| F|  |TAMS 0x000000060a400000, 0x000000060a400000| Untracked 
|  68|0x000000060a600000, 0x000000060a600000, 0x000000060a800000|  0%| F|  |TAMS 0x000000060a600000, 0x000000060a600000| Untracked 
|  69|0x000000060a800000, 0x000000060a800000, 0x000000060aa00000|  0%| F|  |TAMS 0x000000060a800000, 0x000000060a800000| Untracked 
|  70|0x000000060aa00000, 0x000000060aa00000, 0x000000060ac00000|  0%| F|  |TAMS 0x000000060aa00000, 0x000000060aa00000| Untracked 
|  71|0x000000060ac00000, 0x000000060ac00000, 0x000000060ae00000|  0%| F|  |TAMS 0x000000060ac00000, 0x000000060ac00000| Untracked 
|  72|0x000000060ae00000, 0x000000060ae00000, 0x000000060b000000|  0%| F|  |TAMS 0x000000060ae00000, 0x000000060ae00000| Untracked 
|  73|0x000000060b000000, 0x000000060b000000, 0x000000060b200000|  0%| F|  |TAMS 0x000000060b000000, 0x000000060b000000| Untracked 
|  74|0x000000060b200000, 0x000000060b200000, 0x000000060b400000|  0%| F|  |TAMS 0x000000060b200000, 0x000000060b200000| Untracked 
|  75|0x000000060b400000, 0x000000060b400000, 0x000000060b600000|  0%| F|  |TAMS 0x000000060b400000, 0x000000060b400000| Untracked 
|  76|0x000000060b600000, 0x000000060b600000, 0x000000060b800000|  0%| F|  |TAMS 0x000000060b600000, 0x000000060b600000| Untracked 
|  77|0x000000060b800000, 0x000000060b800000, 0x000000060ba00000|  0%| F|  |TAMS 0x000000060b800000, 0x000000060b800000| Untracked 
|  78|0x000000060ba00000, 0x000000060ba00000, 0x000000060bc00000|  0%| F|  |TAMS 0x000000060ba00000, 0x000000060ba00000| Untracked 
|  79|0x000000060bc00000, 0x000000060bc00000, 0x000000060be00000|  0%| F|  |TAMS 0x000000060bc00000, 0x000000060bc00000| Untracked 
|  80|0x000000060be00000, 0x000000060be00000, 0x000000060c000000|  0%| F|  |TAMS 0x000000060be00000, 0x000000060be00000| Untracked 
|  81|0x000000060c000000, 0x000000060c000000, 0x000000060c200000|  0%| F|  |TAMS 0x000000060c000000, 0x000000060c000000| Untracked 
|  82|0x000000060c200000, 0x000000060c200000, 0x000000060c400000|  0%| F|  |TAMS 0x000000060c200000, 0x000000060c200000| Untracked 
|  83|0x000000060c400000, 0x000000060c400000, 0x000000060c600000|  0%| F|  |TAMS 0x000000060c400000, 0x000000060c400000| Untracked 
|  84|0x000000060c600000, 0x000000060c600000, 0x000000060c800000|  0%| F|  |TAMS 0x000000060c600000, 0x000000060c600000| Untracked 
|  85|0x000000060c800000, 0x000000060c800000, 0x000000060ca00000|  0%| F|  |TAMS 0x000000060c800000, 0x000000060c800000| Untracked 
|  86|0x000000060ca00000, 0x000000060ca00000, 0x000000060cc00000|  0%| F|  |TAMS 0x000000060ca00000, 0x000000060ca00000| Untracked 
|  87|0x000000060cc00000, 0x000000060cc00000, 0x000000060ce00000|  0%| F|  |TAMS 0x000000060cc00000, 0x000000060cc00000| Untracked 
|  88|0x000000060ce00000, 0x000000060ce00000, 0x000000060d000000|  0%| F|  |TAMS 0x000000060ce00000, 0x000000060ce00000| Untracked 
|  89|0x000000060d000000, 0x000000060d000000, 0x000000060d200000|  0%| F|  |TAMS 0x000000060d000000, 0x000000060d000000| Untracked 
|  90|0x000000060d200000, 0x000000060d200000, 0x000000060d400000|  0%| F|  |TAMS 0x000000060d200000, 0x000000060d200000| Untracked 
|  91|0x000000060d400000, 0x000000060d400000, 0x000000060d600000|  0%| F|  |TAMS 0x000000060d400000, 0x000000060d400000| Untracked 
|  92|0x000000060d600000, 0x000000060d600000, 0x000000060d800000|  0%| F|  |TAMS 0x000000060d600000, 0x000000060d600000| Untracked 
|  93|0x000000060d800000, 0x000000060d800000, 0x000000060da00000|  0%| F|  |TAMS 0x000000060d800000, 0x000000060d800000| Untracked 
|  94|0x000000060da00000, 0x000000060da00000, 0x000000060dc00000|  0%| F|  |TAMS 0x000000060da00000, 0x000000060da00000| Untracked 
|  95|0x000000060dc00000, 0x000000060dc00000, 0x000000060de00000|  0%| F|  |TAMS 0x000000060dc00000, 0x000000060dc00000| Untracked 
|  96|0x000000060de00000, 0x000000060de00000, 0x000000060e000000|  0%| F|  |TAMS 0x000000060de00000, 0x000000060de00000| Untracked 
|  97|0x000000060e000000, 0x000000060e000000, 0x000000060e200000|  0%| F|  |TAMS 0x000000060e000000, 0x000000060e000000| Untracked 
|  98|0x000000060e200000, 0x000000060e200000, 0x000000060e400000|  0%| F|  |TAMS 0x000000060e200000, 0x000000060e200000| Untracked 
|  99|0x000000060e400000, 0x000000060e400000, 0x000000060e600000|  0%| F|  |TAMS 0x000000060e400000, 0x000000060e400000| Untracked 
| 100|0x000000060e600000, 0x000000060e600000, 0x000000060e800000|  0%| F|  |TAMS 0x000000060e600000, 0x000000060e600000| Untracked 
| 101|0x000000060e800000, 0x000000060e800000, 0x000000060ea00000|  0%| F|  |TAMS 0x000000060e800000, 0x000000060e800000| Untracked 
| 102|0x000000060ea00000, 0x000000060ea00000, 0x000000060ec00000|  0%| F|  |TAMS 0x000000060ea00000, 0x000000060ea00000| Untracked 
| 103|0x000000060ec00000, 0x000000060ec00000, 0x000000060ee00000|  0%| F|  |TAMS 0x000000060ec00000, 0x000000060ec00000| Untracked 
| 104|0x000000060ee00000, 0x000000060ee00000, 0x000000060f000000|  0%| F|  |TAMS 0x000000060ee00000, 0x000000060ee00000| Untracked 
| 105|0x000000060f000000, 0x000000060f000000, 0x000000060f200000|  0%| F|  |TAMS 0x000000060f000000, 0x000000060f000000| Untracked 
| 106|0x000000060f200000, 0x000000060f200000, 0x000000060f400000|  0%| F|  |TAMS 0x000000060f200000, 0x000000060f200000| Untracked 
| 107|0x000000060f400000, 0x000000060f400000, 0x000000060f600000|  0%| F|  |TAMS 0x000000060f400000, 0x000000060f400000| Untracked 
| 108|0x000000060f600000, 0x000000060f600000, 0x000000060f800000|  0%| F|  |TAMS 0x000000060f600000, 0x000000060f600000| Untracked 
| 109|0x000000060f800000, 0x000000060f800000, 0x000000060fa00000|  0%| F|  |TAMS 0x000000060f800000, 0x000000060f800000| Untracked 
| 110|0x000000060fa00000, 0x000000060fa00000, 0x000000060fc00000|  0%| F|  |TAMS 0x000000060fa00000, 0x000000060fa00000| Untracked 
| 111|0x000000060fc00000, 0x000000060fc00000, 0x000000060fe00000|  0%| F|  |TAMS 0x000000060fc00000, 0x000000060fc00000| Untracked 
| 112|0x000000060fe00000, 0x000000060fe00000, 0x0000000610000000|  0%| F|  |TAMS 0x000000060fe00000, 0x000000060fe00000| Untracked 
| 113|0x0000000610000000, 0x0000000610000000, 0x0000000610200000|  0%| F|  |TAMS 0x0000000610000000, 0x0000000610000000| Untracked 
| 114|0x0000000610200000, 0x0000000610200000, 0x0000000610400000|  0%| F|  |TAMS 0x0000000610200000, 0x0000000610200000| Untracked 
| 115|0x0000000610400000, 0x0000000610400000, 0x0000000610600000|  0%| F|  |TAMS 0x0000000610400000, 0x0000000610400000| Untracked 
| 116|0x0000000610600000, 0x0000000610600000, 0x0000000610800000|  0%| F|  |TAMS 0x0000000610600000, 0x0000000610600000| Untracked 
| 117|0x0000000610800000, 0x0000000610800000, 0x0000000610a00000|  0%| F|  |TAMS 0x0000000610800000, 0x0000000610800000| Untracked 
| 118|0x0000000610a00000, 0x0000000610a00000, 0x0000000610c00000|  0%| F|  |TAMS 0x0000000610a00000, 0x0000000610a00000| Untracked 
| 119|0x0000000610c00000, 0x0000000610c00000, 0x0000000610e00000|  0%| F|  |TAMS 0x0000000610c00000, 0x0000000610c00000| Untracked 
| 120|0x0000000610e00000, 0x0000000610e00000, 0x0000000611000000|  0%| F|  |TAMS 0x0000000610e00000, 0x0000000610e00000| Untracked 
| 121|0x0000000611000000, 0x0000000611000000, 0x0000000611200000|  0%| F|  |TAMS 0x0000000611000000, 0x0000000611000000| Untracked 
| 122|0x0000000611200000, 0x0000000611200000, 0x0000000611400000|  0%| F|  |TAMS 0x0000000611200000, 0x0000000611200000| Untracked 
| 123|0x0000000611400000, 0x0000000611400000, 0x0000000611600000|  0%| F|  |TAMS 0x0000000611400000, 0x0000000611400000| Untracked 
| 124|0x0000000611600000, 0x0000000611600000, 0x0000000611800000|  0%| F|  |TAMS 0x0000000611600000, 0x0000000611600000| Untracked 
| 125|0x0000000611800000, 0x0000000611800000, 0x0000000611a00000|  0%| F|  |TAMS 0x0000000611800000, 0x0000000611800000| Untracked 
| 126|0x0000000611a00000, 0x0000000611a00000, 0x0000000611c00000|  0%| F|  |TAMS 0x0000000611a00000, 0x0000000611a00000| Untracked 
| 127|0x0000000611c00000, 0x0000000611c00000, 0x0000000611e00000|  0%| F|  |TAMS 0x0000000611c00000, 0x0000000611c00000| Untracked 
| 128|0x0000000611e00000, 0x0000000611e00000, 0x0000000612000000|  0%| F|  |TAMS 0x0000000611e00000, 0x0000000611e00000| Untracked 
| 129|0x0000000612000000, 0x0000000612000000, 0x0000000612200000|  0%| F|  |TAMS 0x0000000612000000, 0x0000000612000000| Untracked 
| 130|0x0000000612200000, 0x0000000612200000, 0x0000000612400000|  0%| F|  |TAMS 0x0000000612200000, 0x0000000612200000| Untracked 
| 131|0x0000000612400000, 0x0000000612400000, 0x0000000612600000|  0%| F|  |TAMS 0x0000000612400000, 0x0000000612400000| Untracked 
| 132|0x0000000612600000, 0x0000000612600000, 0x0000000612800000|  0%| F|  |TAMS 0x0000000612600000, 0x0000000612600000| Untracked 
| 133|0x0000000612800000, 0x0000000612800000, 0x0000000612a00000|  0%| F|  |TAMS 0x0000000612800000, 0x0000000612800000| Untracked 
| 134|0x0000000612a00000, 0x0000000612a00000, 0x0000000612c00000|  0%| F|  |TAMS 0x0000000612a00000, 0x0000000612a00000| Untracked 
| 135|0x0000000612c00000, 0x0000000612c00000, 0x0000000612e00000|  0%| F|  |TAMS 0x0000000612c00000, 0x0000000612c00000| Untracked 
| 136|0x0000000612e00000, 0x0000000612e00000, 0x0000000613000000|  0%| F|  |TAMS 0x0000000612e00000, 0x0000000612e00000| Untracked 
| 137|0x0000000613000000, 0x0000000613000000, 0x0000000613200000|  0%| F|  |TAMS 0x0000000613000000, 0x0000000613000000| Untracked 
| 138|0x0000000613200000, 0x0000000613200000, 0x0000000613400000|  0%| F|  |TAMS 0x0000000613200000, 0x0000000613200000| Untracked 
| 139|0x0000000613400000, 0x0000000613400000, 0x0000000613600000|  0%| F|  |TAMS 0x0000000613400000, 0x0000000613400000| Untracked 
| 140|0x0000000613600000, 0x0000000613600000, 0x0000000613800000|  0%| F|  |TAMS 0x0000000613600000, 0x0000000613600000| Untracked 
| 141|0x0000000613800000, 0x0000000613800000, 0x0000000613a00000|  0%| F|  |TAMS 0x0000000613800000, 0x0000000613800000| Untracked 
| 142|0x0000000613a00000, 0x0000000613a00000, 0x0000000613c00000|  0%| F|  |TAMS 0x0000000613a00000, 0x0000000613a00000| Untracked 
| 143|0x0000000613c00000, 0x0000000613c00000, 0x0000000613e00000|  0%| F|  |TAMS 0x0000000613c00000, 0x0000000613c00000| Untracked 
| 144|0x0000000613e00000, 0x0000000613e00000, 0x0000000614000000|  0%| F|  |TAMS 0x0000000613e00000, 0x0000000613e00000| Untracked 
| 145|0x0000000614000000, 0x0000000614000000, 0x0000000614200000|  0%| F|  |TAMS 0x0000000614000000, 0x0000000614000000| Untracked 
| 146|0x0000000614200000, 0x0000000614200000, 0x0000000614400000|  0%| F|  |TAMS 0x0000000614200000, 0x0000000614200000| Untracked 
| 147|0x0000000614400000, 0x0000000614400000, 0x0000000614600000|  0%| F|  |TAMS 0x0000000614400000, 0x0000000614400000| Untracked 
| 148|0x0000000614600000, 0x0000000614600000, 0x0000000614800000|  0%| F|  |TAMS 0x0000000614600000, 0x0000000614600000| Untracked 
| 149|0x0000000614800000, 0x0000000614800000, 0x0000000614a00000|  0%| F|  |TAMS 0x0000000614800000, 0x0000000614800000| Untracked 
| 150|0x0000000614a00000, 0x0000000614a00000, 0x0000000614c00000|  0%| F|  |TAMS 0x0000000614a00000, 0x0000000614a00000| Untracked 
| 151|0x0000000614c00000, 0x0000000614c00000, 0x0000000614e00000|  0%| F|  |TAMS 0x0000000614c00000, 0x0000000614c00000| Untracked 
| 152|0x0000000614e00000, 0x0000000614e00000, 0x0000000615000000|  0%| F|  |TAMS 0x0000000614e00000, 0x0000000614e00000| Untracked 
| 153|0x0000000615000000, 0x0000000615000000, 0x0000000615200000|  0%| F|  |TAMS 0x0000000615000000, 0x0000000615000000| Untracked 
| 154|0x0000000615200000, 0x0000000615200000, 0x0000000615400000|  0%| F|  |TAMS 0x0000000615200000, 0x0000000615200000| Untracked 
| 155|0x0000000615400000, 0x0000000615400000, 0x0000000615600000|  0%| F|  |TAMS 0x0000000615400000, 0x0000000615400000| Untracked 
| 156|0x0000000615600000, 0x0000000615600000, 0x0000000615800000|  0%| F|  |TAMS 0x0000000615600000, 0x0000000615600000| Untracked 
| 157|0x0000000615800000, 0x0000000615800000, 0x0000000615a00000|  0%| F|  |TAMS 0x0000000615800000, 0x0000000615800000| Untracked 
| 158|0x0000000615a00000, 0x0000000615a00000, 0x0000000615c00000|  0%| F|  |TAMS 0x0000000615a00000, 0x0000000615a00000| Untracked 
| 159|0x0000000615c00000, 0x0000000615c00000, 0x0000000615e00000|  0%| F|  |TAMS 0x0000000615c00000, 0x0000000615c00000| Untracked 
| 160|0x0000000615e00000, 0x0000000615e00000, 0x0000000616000000|  0%| F|  |TAMS 0x0000000615e00000, 0x0000000615e00000| Untracked 
| 161|0x0000000616000000, 0x0000000616000000, 0x0000000616200000|  0%| F|  |TAMS 0x0000000616000000, 0x0000000616000000| Untracked 
| 162|0x0000000616200000, 0x0000000616200000, 0x0000000616400000|  0%| F|  |TAMS 0x0000000616200000, 0x0000000616200000| Untracked 
| 163|0x0000000616400000, 0x0000000616400000, 0x0000000616600000|  0%| F|  |TAMS 0x0000000616400000, 0x0000000616400000| Untracked 
| 164|0x0000000616600000, 0x0000000616600000, 0x0000000616800000|  0%| F|  |TAMS 0x0000000616600000, 0x0000000616600000| Untracked 
| 165|0x0000000616800000, 0x0000000616800000, 0x0000000616a00000|  0%| F|  |TAMS 0x0000000616800000, 0x0000000616800000| Untracked 
| 166|0x0000000616a00000, 0x0000000616a00000, 0x0000000616c00000|  0%| F|  |TAMS 0x0000000616a00000, 0x0000000616a00000| Untracked 
| 167|0x0000000616c00000, 0x0000000616c00000, 0x0000000616e00000|  0%| F|  |TAMS 0x0000000616c00000, 0x0000000616c00000| Untracked 
| 168|0x0000000616e00000, 0x0000000616e00000, 0x0000000617000000|  0%| F|  |TAMS 0x0000000616e00000, 0x0000000616e00000| Untracked 
| 169|0x0000000617000000, 0x0000000617000000, 0x0000000617200000|  0%| F|  |TAMS 0x0000000617000000, 0x0000000617000000| Untracked 
| 170|0x0000000617200000, 0x0000000617200000, 0x0000000617400000|  0%| F|  |TAMS 0x0000000617200000, 0x0000000617200000| Untracked 
| 171|0x0000000617400000, 0x0000000617400000, 0x0000000617600000|  0%| F|  |TAMS 0x0000000617400000, 0x0000000617400000| Untracked 
| 172|0x0000000617600000, 0x0000000617600000, 0x0000000617800000|  0%| F|  |TAMS 0x0000000617600000, 0x0000000617600000| Untracked 
| 173|0x0000000617800000, 0x0000000617800000, 0x0000000617a00000|  0%| F|  |TAMS 0x0000000617800000, 0x0000000617800000| Untracked 
| 174|0x0000000617a00000, 0x0000000617a00000, 0x0000000617c00000|  0%| F|  |TAMS 0x0000000617a00000, 0x0000000617a00000| Untracked 
| 175|0x0000000617c00000, 0x0000000617c00000, 0x0000000617e00000|  0%| F|  |TAMS 0x0000000617c00000, 0x0000000617c00000| Untracked 
| 176|0x0000000617e00000, 0x0000000617e00000, 0x0000000618000000|  0%| F|  |TAMS 0x0000000617e00000, 0x0000000617e00000| Untracked 
| 177|0x0000000618000000, 0x0000000618000000, 0x0000000618200000|  0%| F|  |TAMS 0x0000000618000000, 0x0000000618000000| Untracked 
| 178|0x0000000618200000, 0x0000000618200000, 0x0000000618400000|  0%| F|  |TAMS 0x0000000618200000, 0x0000000618200000| Untracked 
| 179|0x0000000618400000, 0x0000000618400000, 0x0000000618600000|  0%| F|  |TAMS 0x0000000618400000, 0x0000000618400000| Untracked 
| 180|0x0000000618600000, 0x0000000618600000, 0x0000000618800000|  0%| F|  |TAMS 0x0000000618600000, 0x0000000618600000| Untracked 
| 181|0x0000000618800000, 0x0000000618800000, 0x0000000618a00000|  0%| F|  |TAMS 0x0000000618800000, 0x0000000618800000| Untracked 
| 182|0x0000000618a00000, 0x0000000618a00000, 0x0000000618c00000|  0%| F|  |TAMS 0x0000000618a00000, 0x0000000618a00000| Untracked 
| 183|0x0000000618c00000, 0x0000000618c00000, 0x0000000618e00000|  0%| F|  |TAMS 0x0000000618c00000, 0x0000000618c00000| Untracked 
| 184|0x0000000618e00000, 0x0000000618e00000, 0x0000000619000000|  0%| F|  |TAMS 0x0000000618e00000, 0x0000000618e00000| Untracked 
| 185|0x0000000619000000, 0x0000000619000000, 0x0000000619200000|  0%| F|  |TAMS 0x0000000619000000, 0x0000000619000000| Untracked 
| 186|0x0000000619200000, 0x0000000619200000, 0x0000000619400000|  0%| F|  |TAMS 0x0000000619200000, 0x0000000619200000| Untracked 
| 187|0x0000000619400000, 0x0000000619400000, 0x0000000619600000|  0%| F|  |TAMS 0x0000000619400000, 0x0000000619400000| Untracked 
| 188|0x0000000619600000, 0x0000000619600000, 0x0000000619800000|  0%| F|  |TAMS 0x0000000619600000, 0x0000000619600000| Untracked 
| 189|0x0000000619800000, 0x0000000619800000, 0x0000000619a00000|  0%| F|  |TAMS 0x0000000619800000, 0x0000000619800000| Untracked 
| 190|0x0000000619a00000, 0x0000000619a00000, 0x0000000619c00000|  0%| F|  |TAMS 0x0000000619a00000, 0x0000000619a00000| Untracked 
| 191|0x0000000619c00000, 0x0000000619c00000, 0x0000000619e00000|  0%| F|  |TAMS 0x0000000619c00000, 0x0000000619c00000| Untracked 
| 192|0x0000000619e00000, 0x0000000619e00000, 0x000000061a000000|  0%| F|  |TAMS 0x0000000619e00000, 0x0000000619e00000| Untracked 
| 193|0x000000061a000000, 0x000000061a000000, 0x000000061a200000|  0%| F|  |TAMS 0x000000061a000000, 0x000000061a000000| Untracked 
| 194|0x000000061a200000, 0x000000061a200000, 0x000000061a400000|  0%| F|  |TAMS 0x000000061a200000, 0x000000061a200000| Untracked 
| 195|0x000000061a400000, 0x000000061a400000, 0x000000061a600000|  0%| F|  |TAMS 0x000000061a400000, 0x000000061a400000| Untracked 
| 196|0x000000061a600000, 0x000000061a600000, 0x000000061a800000|  0%| F|  |TAMS 0x000000061a600000, 0x000000061a600000| Untracked 
| 197|0x000000061a800000, 0x000000061a800000, 0x000000061aa00000|  0%| F|  |TAMS 0x000000061a800000, 0x000000061a800000| Untracked 
| 198|0x000000061aa00000, 0x000000061aa00000, 0x000000061ac00000|  0%| F|  |TAMS 0x000000061aa00000, 0x000000061aa00000| Untracked 
| 199|0x000000061ac00000, 0x000000061ac00000, 0x000000061ae00000|  0%| F|  |TAMS 0x000000061ac00000, 0x000000061ac00000| Untracked 
| 200|0x000000061ae00000, 0x000000061ae00000, 0x000000061b000000|  0%| F|  |TAMS 0x000000061ae00000, 0x000000061ae00000| Untracked 
| 201|0x000000061b000000, 0x000000061b000000, 0x000000061b200000|  0%| F|  |TAMS 0x000000061b000000, 0x000000061b000000| Untracked 
| 202|0x000000061b200000, 0x000000061b200000, 0x000000061b400000|  0%| F|  |TAMS 0x000000061b200000, 0x000000061b200000| Untracked 
| 203|0x000000061b400000, 0x000000061b400000, 0x000000061b600000|  0%| F|  |TAMS 0x000000061b400000, 0x000000061b400000| Untracked 
| 204|0x000000061b600000, 0x000000061b600000, 0x000000061b800000|  0%| F|  |TAMS 0x000000061b600000, 0x000000061b600000| Untracked 
| 205|0x000000061b800000, 0x000000061b800000, 0x000000061ba00000|  0%| F|  |TAMS 0x000000061b800000, 0x000000061b800000| Untracked 
| 206|0x000000061ba00000, 0x000000061ba00000, 0x000000061bc00000|  0%| F|  |TAMS 0x000000061ba00000, 0x000000061ba00000| Untracked 
| 207|0x000000061bc00000, 0x000000061bc00000, 0x000000061be00000|  0%| F|  |TAMS 0x000000061bc00000, 0x000000061bc00000| Untracked 
| 208|0x000000061be00000, 0x000000061be00000, 0x000000061c000000|  0%| F|  |TAMS 0x000000061be00000, 0x000000061be00000| Untracked 
| 209|0x000000061c000000, 0x000000061c000000, 0x000000061c200000|  0%| F|  |TAMS 0x000000061c000000, 0x000000061c000000| Untracked 
| 210|0x000000061c200000, 0x000000061c200000, 0x000000061c400000|  0%| F|  |TAMS 0x000000061c200000, 0x000000061c200000| Untracked 
| 211|0x000000061c400000, 0x000000061c400000, 0x000000061c600000|  0%| F|  |TAMS 0x000000061c400000, 0x000000061c400000| Untracked 
| 212|0x000000061c600000, 0x000000061c600000, 0x000000061c800000|  0%| F|  |TAMS 0x000000061c600000, 0x000000061c600000| Untracked 
| 213|0x000000061c800000, 0x000000061c800000, 0x000000061ca00000|  0%| F|  |TAMS 0x000000061c800000, 0x000000061c800000| Untracked 
| 214|0x000000061ca00000, 0x000000061ca00000, 0x000000061cc00000|  0%| F|  |TAMS 0x000000061ca00000, 0x000000061ca00000| Untracked 
| 215|0x000000061cc00000, 0x000000061cc00000, 0x000000061ce00000|  0%| F|  |TAMS 0x000000061cc00000, 0x000000061cc00000| Untracked 
| 216|0x000000061ce00000, 0x000000061ce00000, 0x000000061d000000|  0%| F|  |TAMS 0x000000061ce00000, 0x000000061ce00000| Untracked 
| 217|0x000000061d000000, 0x000000061d000000, 0x000000061d200000|  0%| F|  |TAMS 0x000000061d000000, 0x000000061d000000| Untracked 
| 218|0x000000061d200000, 0x000000061d200000, 0x000000061d400000|  0%| F|  |TAMS 0x000000061d200000, 0x000000061d200000| Untracked 
| 219|0x000000061d400000, 0x000000061d400000, 0x000000061d600000|  0%| F|  |TAMS 0x000000061d400000, 0x000000061d400000| Untracked 
| 220|0x000000061d600000, 0x000000061d600000, 0x000000061d800000|  0%| F|  |TAMS 0x000000061d600000, 0x000000061d600000| Untracked 
| 221|0x000000061d800000, 0x000000061d800000, 0x000000061da00000|  0%| F|  |TAMS 0x000000061d800000, 0x000000061d800000| Untracked 
| 222|0x000000061da00000, 0x000000061da00000, 0x000000061dc00000|  0%| F|  |TAMS 0x000000061da00000, 0x000000061da00000| Untracked 
| 223|0x000000061dc00000, 0x000000061dc00000, 0x000000061de00000|  0%| F|  |TAMS 0x000000061dc00000, 0x000000061dc00000| Untracked 
| 224|0x000000061de00000, 0x000000061de00000, 0x000000061e000000|  0%| F|  |TAMS 0x000000061de00000, 0x000000061de00000| Untracked 
| 225|0x000000061e000000, 0x000000061e000000, 0x000000061e200000|  0%| F|  |TAMS 0x000000061e000000, 0x000000061e000000| Untracked 
| 226|0x000000061e200000, 0x000000061e200000, 0x000000061e400000|  0%| F|  |TAMS 0x000000061e200000, 0x000000061e200000| Untracked 
| 227|0x000000061e400000, 0x000000061e400000, 0x000000061e600000|  0%| F|  |TAMS 0x000000061e400000, 0x000000061e400000| Untracked 
| 228|0x000000061e600000, 0x000000061e600000, 0x000000061e800000|  0%| F|  |TAMS 0x000000061e600000, 0x000000061e600000| Untracked 
| 229|0x000000061e800000, 0x000000061e800000, 0x000000061ea00000|  0%| F|  |TAMS 0x000000061e800000, 0x000000061e800000| Untracked 
| 230|0x000000061ea00000, 0x000000061ea00000, 0x000000061ec00000|  0%| F|  |TAMS 0x000000061ea00000, 0x000000061ea00000| Untracked 
| 231|0x000000061ec00000, 0x000000061ec00000, 0x000000061ee00000|  0%| F|  |TAMS 0x000000061ec00000, 0x000000061ec00000| Untracked 
| 232|0x000000061ee00000, 0x000000061ee00000, 0x000000061f000000|  0%| F|  |TAMS 0x000000061ee00000, 0x000000061ee00000| Untracked 
| 233|0x000000061f000000, 0x000000061f000000, 0x000000061f200000|  0%| F|  |TAMS 0x000000061f000000, 0x000000061f000000| Untracked 
| 234|0x000000061f200000, 0x000000061f200000, 0x000000061f400000|  0%| F|  |TAMS 0x000000061f200000, 0x000000061f200000| Untracked 
| 235|0x000000061f400000, 0x000000061f400000, 0x000000061f600000|  0%| F|  |TAMS 0x000000061f400000, 0x000000061f400000| Untracked 
| 236|0x000000061f600000, 0x000000061f600000, 0x000000061f800000|  0%| F|  |TAMS 0x000000061f600000, 0x000000061f600000| Untracked 
| 237|0x000000061f800000, 0x000000061f800000, 0x000000061fa00000|  0%| F|  |TAMS 0x000000061f800000, 0x000000061f800000| Untracked 
| 238|0x000000061fa00000, 0x000000061fa00000, 0x000000061fc00000|  0%| F|  |TAMS 0x000000061fa00000, 0x000000061fa00000| Untracked 
| 239|0x000000061fc00000, 0x000000061fc00000, 0x000000061fe00000|  0%| F|  |TAMS 0x000000061fc00000, 0x000000061fc00000| Untracked 
| 240|0x000000061fe00000, 0x000000061fe00000, 0x0000000620000000|  0%| F|  |TAMS 0x000000061fe00000, 0x000000061fe00000| Untracked 
| 241|0x0000000620000000, 0x0000000620000000, 0x0000000620200000|  0%| F|  |TAMS 0x0000000620000000, 0x0000000620000000| Untracked 
| 242|0x0000000620200000, 0x0000000620200000, 0x0000000620400000|  0%| F|  |TAMS 0x0000000620200000, 0x0000000620200000| Untracked 
| 243|0x0000000620400000, 0x0000000620400000, 0x0000000620600000|  0%| F|  |TAMS 0x0000000620400000, 0x0000000620400000| Untracked 
| 244|0x0000000620600000, 0x0000000620600000, 0x0000000620800000|  0%| F|  |TAMS 0x0000000620600000, 0x0000000620600000| Untracked 
| 245|0x0000000620800000, 0x0000000620800000, 0x0000000620a00000|  0%| F|  |TAMS 0x0000000620800000, 0x0000000620800000| Untracked 
| 246|0x0000000620a00000, 0x0000000620a00000, 0x0000000620c00000|  0%| F|  |TAMS 0x0000000620a00000, 0x0000000620a00000| Untracked 
| 247|0x0000000620c00000, 0x0000000620c00000, 0x0000000620e00000|  0%| F|  |TAMS 0x0000000620c00000, 0x0000000620c00000| Untracked 
| 248|0x0000000620e00000, 0x0000000620e00000, 0x0000000621000000|  0%| F|  |TAMS 0x0000000620e00000, 0x0000000620e00000| Untracked 
| 249|0x0000000621000000, 0x0000000621000000, 0x0000000621200000|  0%| F|  |TAMS 0x0000000621000000, 0x0000000621000000| Untracked 
| 250|0x0000000621200000, 0x0000000621200000, 0x0000000621400000|  0%| F|  |TAMS 0x0000000621200000, 0x0000000621200000| Untracked 
| 251|0x0000000621400000, 0x0000000621400000, 0x0000000621600000|  0%| F|  |TAMS 0x0000000621400000, 0x0000000621400000| Untracked 
| 252|0x0000000621600000, 0x0000000621600000, 0x0000000621800000|  0%| F|  |TAMS 0x0000000621600000, 0x0000000621600000| Untracked 
| 253|0x0000000621800000, 0x0000000621800000, 0x0000000621a00000|  0%| F|  |TAMS 0x0000000621800000, 0x0000000621800000| Untracked 
| 254|0x0000000621a00000, 0x0000000621a00000, 0x0000000621c00000|  0%| F|  |TAMS 0x0000000621a00000, 0x0000000621a00000| Untracked 
| 255|0x0000000621c00000, 0x0000000621e00000, 0x0000000621e00000|100%| E|  |TAMS 0x0000000621c00000, 0x0000000621c00000| Complete 

Card table byte_map: [0x000001f179c30000,0x000001f17ac30000] _byte_map_base: 0x000001f176c21000

Marking Bits (Prev, Next): (CMBitMap*) 0x000001f1783572b8, (CMBitMap*) 0x000001f1783572f0
 Prev Bits: [0x000001f117640000, 0x000001f11f5c8000)
 Next Bits: [0x000001f11f5d0000, 0x000001f127558000)

Polling page: 0x000001f177ab0000

Metaspace:

Usage:
  Non-class:      4.09 MB capacity,     4.04 MB ( 99%) used,    49.79 KB (  1%) free+waste,   704 bytes ( <1%) overhead. 
      Class:    389.00 KB capacity,   367.36 KB ( 94%) used,    21.39 KB (  5%) free+waste,   256 bytes ( <1%) overhead. 
       Both:      4.47 MB capacity,     4.40 MB ( 98%) used,    71.18 KB (  2%) free+waste,   960 bytes ( <1%) overhead. 

Virtual space:
  Non-class space:        8.00 MB reserved,       4.25 MB ( 53%) committed 
      Class space:        1.00 GB reserved,     512.00 KB ( <1%) committed 
             Both:        1.01 GB reserved,       4.75 MB ( <1%) committed 

Chunk freelists:
   Non-Class:  34.00 KB
       Class:  1.00 KB
        Both:  35.00 KB

MaxMetaspaceSize: 17179869184.00 GB
CompressedClassSpaceSize: 1.00 GB
Initial GC threshold: 20.80 MB
Current GC threshold: 20.80 MB
CDS: off

CodeHeap 'non-profiled nmethods': size=119168Kb used=27Kb max_used=27Kb free=119140Kb
 bounds [0x000001f1101e0000, 0x000001f110450000, 0x000001f117640000]
CodeHeap 'profiled nmethods': size=119168Kb used=128Kb max_used=128Kb free=119039Kb
 bounds [0x000001f108d80000, 0x000001f108ff0000, 0x000001f1101e0000]
CodeHeap 'non-nmethods': size=7424Kb used=1136Kb max_used=1710Kb free=6288Kb
 bounds [0x000001f108640000, 0x000001f1088b0000, 0x000001f108d80000]
 total_blobs=379 nmethods=104 adapters=196
 compilation: enabled
              stopped_count=0, restarted_count=0
 full_count=0

Compilation events (20 events):
Event: 0.193 Thread 0x000001f17f74d000   88       3       java.util.AbstractMap::<init> (5 bytes)
Event: 0.193 Thread 0x000001f17f74d000 nmethod 88 0x000001f108d9da90 code [0x000001f108d9dc40, 0x000001f108d9dd98]
Event: 0.194 Thread 0x000001f17f8ba800   89       3       java.lang.String::hashCode (49 bytes)
Event: 0.194 Thread 0x000001f17f8ba800 nmethod 89 0x000001f108d9de90 code [0x000001f108d9e080, 0x000001f108d9e488]
Event: 0.194 Thread 0x000001f17f74d000   90       3       java.lang.CharacterDataLatin1::getProperties (11 bytes)
Event: 0.194 Thread 0x000001f17f74d000 nmethod 90 0x000001f108d9e610 code [0x000001f108d9e7c0, 0x000001f108d9e8f8]
Event: 0.195 Thread 0x000001f17f8ba800   91       3       java.lang.AbstractStringBuilder::ensureCapacityInternal (39 bytes)
Event: 0.195 Thread 0x000001f17f8ba800 nmethod 91 0x000001f108d9ea10 code [0x000001f108d9ec00, 0x000001f108d9f0b8]
Event: 0.207 Thread 0x000001f17f74d000   96       3       java.lang.String::indexOf (7 bytes)
Event: 0.207 Thread 0x000001f17f74d000 nmethod 96 0x000001f108d9f290 code [0x000001f108d9f480, 0x000001f108d9f798]
Event: 0.208 Thread 0x000001f17f8ba800   97       3       java.lang.AbstractStringBuilder::isLatin1 (19 bytes)
Event: 0.208 Thread 0x000001f17f8ba800 nmethod 97 0x000001f108d9f890 code [0x000001f108d9fa40, 0x000001f108d9fbb8]
Event: 0.209 Thread 0x000001f17f74d000   98       1       java.lang.Enum::ordinal (5 bytes)
Event: 0.209 Thread 0x000001f17f74d000 nmethod 98 0x000001f1101e5e10 code [0x000001f1101e5fc0, 0x000001f1101e6078]
Event: 0.209 Thread 0x000001f17f8ba800   99       3       java.lang.String::<init> (15 bytes)
Event: 0.209 Thread 0x000001f17f8ba800 nmethod 99 0x000001f108d9fc90 code [0x000001f108d9fe40, 0x000001f108d9fff8]
Event: 0.209 Thread 0x000001f17f745000  103       4       java.util.concurrent.ConcurrentHashMap::spread (10 bytes)
Event: 0.210 Thread 0x000001f17f745000 nmethod 103 0x000001f1101e6a10 code [0x000001f1101e6ba0, 0x000001f1101e6bf8]
Event: 0.210 Thread 0x000001f17f74d000  104       3       java.lang.System::getSecurityManager (4 bytes)
Event: 0.210 Thread 0x000001f17f74d000 nmethod 104 0x000001f108da0090 code [0x000001f108da0240, 0x000001f108da0338]

GC Heap History (0 events):
No events

Deoptimization events (4 events):
Event: 0.194 Thread 0x000001f1782ce000 Uncommon trap: trap_request=0xffffff4d fr.pc=0x000001f1101e4a9c relative=0x00000000000001fc
Event: 0.194 Thread 0x000001f1782ce000 Uncommon trap: reason=unstable_if action=reinterpret pc=0x000001f1101e4a9c method=java.lang.String.hashCode()I @ 14 c2
Event: 0.194 Thread 0x000001f1782ce000 DEOPT PACKING pc=0x000001f1101e4a9c sp=0x0000008ac48fd800
Event: 0.194 Thread 0x000001f1782ce000 DEOPT UNPACKING pc=0x000001f10868a1af sp=0x0000008ac48fd7a8 mode 2

Classes redefined (0 events):
No events

Internal exceptions (0 events):
No events

Events (20 events):
Event: 65.875 Executing VM operation: GetFrameCount
Event: 65.875 Executing VM operation: GetFrameCount done
Event: 65.875 Executing VM operation: SetFramePop
Event: 65.875 Executing VM operation: SetFramePop done
Event: 65.875 Executing VM operation: GetFrameLocation
Event: 65.875 Executing VM operation: GetFrameLocation done
Event: 65.875 Executing VM operation: GetCurrentLocation
Event: 65.875 Executing VM operation: GetCurrentLocation done
Event: 65.875 Executing VM operation: ChangeSingleStep
Event: 65.875 Executing VM operation: ChangeSingleStep done
Event: 65.875 Executing VM operation: ChangeSingleStep
Event: 65.875 Executing VM operation: ChangeSingleStep done
Event: 65.876 loading class java/nio/CharBuffer
Event: 65.876 loading class java/lang/Readable
Event: 65.876 loading class java/lang/Readable done
Event: 65.876 loading class java/nio/CharBuffer done
Event: 65.876 loading class java/nio/HeapCharBuffer
Event: 65.876 loading class java/nio/HeapCharBuffer done
Event: 65.877 loading class java/nio/charset/CoderResult
Event: 65.877 loading class java/nio/charset/CoderResult done


Dynamic libraries:
0x00007ff79f160000 - 0x00007ff79f16d000 	C:\Program Files\Microsoft\jdk-11.0.12.7-hotspot\bin\java.exe
0x00007ff905730000 - 0x00007ff905927000 	C:\WINDOWS\SYSTEM32\ntdll.dll
0x00007ff903e30000 - 0x00007ff903eed000 	C:\WINDOWS\System32\KERNEL32.DLL
0x00007ff903070000 - 0x00007ff903366000 	C:\WINDOWS\System32\KERNELBASE.dll
0x00007ff902f10000 - 0x00007ff903010000 	C:\WINDOWS\System32\ucrtbase.dll
0x00007ff8e7100000 - 0x00007ff8e7115000 	C:\Program Files\Microsoft\jdk-11.0.12.7-hotspot\bin\VCRUNTIME140.dll
0x00007ff8d50a0000 - 0x00007ff8d50b7000 	C:\Program Files\Microsoft\jdk-11.0.12.7-hotspot\bin\jli.dll
0x00007ff904ca0000 - 0x00007ff904e3e000 	C:\WINDOWS\System32\USER32.dll
0x00007ff903010000 - 0x00007ff903032000 	C:\WINDOWS\System32\win32u.dll
0x00007ff8f1ae0000 - 0x00007ff8f1d7a000 	C:\WINDOWS\WinSxS\amd64_microsoft.windows.common-controls_6595b64144ccf1df_6.0.19041.3570_none_60bb2a3971f3e41a\COMCTL32.dll
0x00007ff9052b0000 - 0x00007ff9052dc000 	C:\WINDOWS\System32\GDI32.dll
0x00007ff903d80000 - 0x00007ff903e1e000 	C:\WINDOWS\System32\msvcrt.dll
0x00007ff903670000 - 0x00007ff90378a000 	C:\WINDOWS\System32\gdi32full.dll
0x00007ff903520000 - 0x00007ff9035bd000 	C:\WINDOWS\System32\msvcp_win.dll
0x00007ff9056c0000 - 0x00007ff9056f0000 	C:\WINDOWS\System32\IMM32.DLL
0x00007ff8d4b60000 - 0x00007ff8d4bfb000 	C:\Program Files\Microsoft\jdk-11.0.12.7-hotspot\bin\msvcp140.dll
0x00007ff81fca0000 - 0x00007ff820801000 	C:\Program Files\Microsoft\jdk-11.0.12.7-hotspot\bin\server\jvm.dll
0x00007ff9043b0000 - 0x00007ff90445e000 	C:\WINDOWS\System32\ADVAPI32.dll
0x00007ff9051a0000 - 0x00007ff90523c000 	C:\WINDOWS\System32\sechost.dll
0x00007ff904270000 - 0x00007ff904396000 	C:\WINDOWS\System32\RPCRT4.dll
0x00007ff9052a0000 - 0x00007ff9052a8000 	C:\WINDOWS\System32\PSAPI.DLL
0x00007ff8e2a90000 - 0x00007ff8e2a99000 	C:\WINDOWS\SYSTEM32\WSOCK32.dll
0x00007ff8f5b50000 - 0x00007ff8f5b77000 	C:\WINDOWS\SYSTEM32\WINMM.dll
0x00007ff904c30000 - 0x00007ff904c9b000 	C:\WINDOWS\System32\WS2_32.dll
0x00007ff8fb520000 - 0x00007ff8fb52a000 	C:\WINDOWS\SYSTEM32\VERSION.dll
0x00007ff901650000 - 0x00007ff901662000 	C:\WINDOWS\SYSTEM32\kernel.appcore.dll
0x00007ff8e3090000 - 0x00007ff8e30a0000 	C:\Program Files\Microsoft\jdk-11.0.12.7-hotspot\bin\verify.dll
0x00007ff9012d0000 - 0x00007ff9014b4000 	C:\WINDOWS\SYSTEM32\DBGHELP.DLL
0x00007ff8e6430000 - 0x00007ff8e6464000 	C:\WINDOWS\SYSTEM32\dbgcore.DLL
0x00007ff902e80000 - 0x00007ff902f02000 	C:\WINDOWS\System32\bcryptPrimitives.dll
0x00007ff8d3dc0000 - 0x00007ff8d3de8000 	C:\Program Files\Microsoft\jdk-11.0.12.7-hotspot\bin\java.dll
0x00007ff8d86a0000 - 0x00007ff8d86aa000 	C:\Program Files\Microsoft\jdk-11.0.12.7-hotspot\bin\jimage.dll
0x00007ff8ca760000 - 0x00007ff8ca798000 	C:\Program Files\Microsoft\jdk-11.0.12.7-hotspot\bin\jdwp.dll
0x00007ff8d3480000 - 0x00007ff8d3497000 	C:\Program Files\Microsoft\jdk-11.0.12.7-hotspot\bin\zip.dll
0x00007ff904460000 - 0x00007ff904ba4000 	C:\WINDOWS\System32\SHELL32.dll
0x00007ff900a70000 - 0x00007ff90120b000 	C:\WINDOWS\SYSTEM32\windows.storage.dll
0x00007ff904e40000 - 0x00007ff905194000 	C:\WINDOWS\System32\combase.dll
0x00007ff902850000 - 0x00007ff90287d000 	C:\WINDOWS\SYSTEM32\Wldp.dll
0x00007ff903c00000 - 0x00007ff903cad000 	C:\WINDOWS\System32\SHCORE.dll
0x00007ff9052e0000 - 0x00007ff905335000 	C:\WINDOWS\System32\shlwapi.dll
0x00007ff902d40000 - 0x00007ff902d65000 	C:\WINDOWS\SYSTEM32\profapi.dll
0x00007ff8d6720000 - 0x00007ff8d672a000 	C:\Program Files\Microsoft\jdk-11.0.12.7-hotspot\bin\dt_socket.dll
0x00007ff9025b0000 - 0x00007ff90261a000 	C:\WINDOWS\System32\mswsock.dll
0x00007ff902290000 - 0x00007ff90235a000 	C:\WINDOWS\SYSTEM32\DNSAPI.dll
0x00007ff902250000 - 0x00007ff90228b000 	C:\WINDOWS\SYSTEM32\IPHLPAPI.DLL
0x00007ff9043a0000 - 0x00007ff9043a8000 	C:\WINDOWS\System32\NSI.dll
0x00007ff8f8ad0000 - 0x00007ff8f8b52000 	C:\WINDOWS\System32\fwpuclnt.dll
0x00007ff903040000 - 0x00007ff903067000 	C:\WINDOWS\System32\bcrypt.dll
0x00007ff8f9a90000 - 0x00007ff8f9a9a000 	C:\Windows\System32\rasadhlp.dll

dbghelp: loaded successfully - version: 4.0.5 - missing functions: none
symbol engine: initialized successfully - sym options: 0x614 - pdb path: .;C:\Program Files\Microsoft\jdk-11.0.12.7-hotspot\bin;C:\WINDOWS\SYSTEM32;C:\WINDOWS\WinSxS\amd64_microsoft.windows.common-controls_6595b64144ccf1df_6.0.19041.3570_none_60bb2a3971f3e41a;C:\Program Files\Microsoft\jdk-11.0.12.7-hotspot\bin\server

VM Arguments:
jvm_args: -agentlib:jdwp=transport=dt_socket,server=n,suspend=y,address=localhost:60917 
java_command: Main
java_class_path (initial): C:\Users\rokdo\Desktop\Uni_Code\AED_Projects\Project_2\bin
Launcher Type: SUN_STANDARD

[Global flags]
     intx CICompilerCount                          = 12                                        {product} {ergonomic}
     uint ConcGCThreads                            = 3                                         {product} {ergonomic}
     uint G1ConcRefinementThreads                  = 13                                        {product} {ergonomic}
   size_t G1HeapRegionSize                         = 2097152                                   {product} {ergonomic}
    uintx GCDrainStackTargetSize                   = 64                                        {product} {ergonomic}
   size_t InitialHeapSize                          = 536870912                                 {product} {ergonomic}
   size_t MarkStackSize                            = 4194304                                   {product} {ergonomic}
   size_t MaxHeapSize                              = 8558477312                                {product} {ergonomic}
   size_t MaxNewSize                               = 5133828096                                {product} {ergonomic}
   size_t MinHeapDeltaBytes                        = 2097152                                   {product} {ergonomic}
    uintx NonNMethodCodeHeapSize                   = 7594288                                {pd product} {ergonomic}
    uintx NonProfiledCodeHeapSize                  = 122031976                              {pd product} {ergonomic}
    uintx ProfiledCodeHeapSize                     = 122031976                              {pd product} {ergonomic}
    uintx ReservedCodeCacheSize                    = 251658240                              {pd product} {ergonomic}
     bool SegmentedCodeCache                       = true                                      {product} {ergonomic}
     bool UseCompressedClassPointers               = true                                 {lp64_product} {ergonomic}
     bool UseCompressedOops                        = true                                 {lp64_product} {ergonomic}
     bool UseG1GC                                  = true                                      {product} {ergonomic}
     bool UseLargePagesIndividualAllocation        = false                                  {pd product} {ergonomic}

Logging:
Log output configuration:
 #0: stdout all=warning uptime,level,tags
 #1: stderr all=off uptime,level,tags

Environment Variables:
PATH=C:\Program Files\Common Files\Oracle\Java\javapath;C:\Program Files\Microsoft\jdk-11.0.12.7-hotspot\bin;C:\Program Files\Oculus\Support\oculus-runtime;C:\Program Files (x86)\Common Files\Oracle\Java\javapath;C:\Windows\system32;C:\Windows;C:\Windows\System32\Wbem;C:\Windows\System32\WindowsPowerShell\v1.0\;C:\Windows\System32\OpenSSH\;C:\Program Files\NVIDIA Corporation\NVIDIA NvDLISR;C:\Program Files (x86)\NVIDIA Corporation\PhysX\Common;C:\Program Files\Microsoft SQL Server\130\Tools\Binn\;C:\Program Files\Microsoft SQL Server\Client SDK\ODBC\170\Tools\Binn\;C:\Program Files\dotnet\;C:\Program Files\Microsoft SQL Server\150\Tools\Binn\;C:\MinGW\Bin;C:\WINDOWS\system32;C:\WINDOWS;C:\WINDOWS\System32\Wbem;C:\WINDOWS\System32\WindowsPowerShell\v1.0\;C:\WINDOWS\System32\OpenSSH\;C:\Program Files\PuTTY\;C:\Program Files\Git\cmd;C:\Users\rokdo\AppData\Local\Programs\Python\Python311\Scripts\;C:\Users\rokdo\AppData\Local\Programs\Python\Python311\;C:\Program Files\MySQL\MySQL Shell 8.0\bin;C:\Users\rokdo\AppData\Local\Microsoft\WindowsApps;C:\Users\rokdo\.dotnet\tools;C:\Users\rokdo\AppData\Local\GitHubDesktop\bin;C:\Users\rokdo\AppData\Local\Programs\Microsoft VS Code\bin;C:\Program Files\MySQL\MySQL Server 8.0\bin;;C:\Program Files\JetBrains\PyCharm Community Edition 2023.2.1\bin;;C:\Program Files\JetBrains\IntelliJ IDEA Community Edition 2023.2.2\bin;
USERNAME=rokdo
LANG=en_US.UTF-8
OS=Windows_NT
PROCESSOR_IDENTIFIER=Intel64 Family 6 Model 158 Stepping 13, GenuineIntel



---------------  S Y S T E M  ---------------

OS: Windows 10 , 64 bit Build 19041 (10.0.19041.3570)
OS uptime: 0 days 18:03 hours

CPU:total 16 (initial active 16) (8 cores per cpu, 2 threads per core) family 6 model 158 stepping 13 microcode 0xd2, cmov, cx8, fxsr, mmx, sse, sse2, sse3, ssse3, sse4.1, sse4.2, popcnt, avx, avx2, aes, clmul, erms, 3dnowpref, lzcnt, ht, tsc, tscinvbit, bmi1, bmi2, adx, fma

Memory: 4k page, system-wide physical 32641M (17263M free)
TotalPageFile size 37505M (AvailPageFile size 6999M)
current process WorkingSet (physical memory assigned to process): 48M, peak: 48M
current process commit charge ("private bytes"): 614M, peak: 615M

vm_info: OpenJDK 64-Bit Server VM (11.0.12+7) for windows-amd64 JRE (11.0.12+7), built on Jul 21 2021 15:41:43 by "" with unknown MS VC++:1916

END.
