#
# A fatal error has been detected by the Java Runtime Environment:
#
#  EXCEPTION_ACCESS_VIOLATION (0xc0000005) at pc=0x00007ff82005079b, pid=26472, tid=29024
#
# JRE version: OpenJDK Runtime Environment Microsoft-25199 (11.0.12+7) (build 11.0.12+7)
# Java VM: OpenJDK 64-Bit Server VM Microsoft-25199 (11.0.12+7, mixed mode, tiered, compressed oops, g1 gc, windows-amd64)
# Problematic frame:
# V  [jvm.dll+0x3b079b]
#
# No core dump will be written. Minidumps are not enabled by default on client versions of Windows
#
# If you would like to submit a bug report, please visit:
#   https://github.com/microsoft/openjdk/issues
#

---------------  S U M M A R Y ------------

Command Line: -agentlib:jdwp=transport=dt_socket,server=n,suspend=y,address=localhost:56909 Main

Host: Intel(R) Core(TM) i9-9900K CPU @ 3.60GHz, 16 cores, 31G,  Windows 10 , 64 bit Build 19041 (10.0.19041.3570)
Time: Sat Oct 28 04:52:00 2023 GMT Summer Time elapsed time: 32.027107 seconds (0d 0h 0m 32s)

---------------  T H R E A D  ---------------

Current thread (0x000001fdfa01e000):  JavaThread "JDWP Event Helper Thread" daemon [_thread_in_vm, id=29024, stack(0x000000a61af00000,0x000000a61b000000)]

Stack: [0x000000a61af00000,0x000000a61b000000],  sp=0x000000a61afff8c0,  free space=1022k
Native frames: (J=compiled Java code, j=interpreted, Vv=VM code, C=native code)
V  [jvm.dll+0x3b079b]
C  [jdwp.dll+0x26242]


siginfo: EXCEPTION_ACCESS_VIOLATION (0xc0000005), reading address 0x0000000000000010


Register to memory mapping:

RIP=0x00007ff82005079b jvm.dll
RAX=0x0000000000000008 is an unknown value
RBX=0x000001fdfa01e000 is a thread
RCX=0x000001fdf9df5a28 is a global jni handle
RDX=0x0000000000000050 is an unknown value
RSP=0x000000a61afff8c0 is pointing into the stack for thread: 0x000001fdfa01e000
RBP=0x000001fdf9df5a28 is a global jni handle
RSI=0x0000000800001808 is a pointer to class: 
java.lang.String {0x0000000800001810}
RDI=0x000001fdf9df5a00 is a global jni handle
R8 =0x000001fdf9df5948 is a global jni handle
R9 =0x000001fdf9df5a28 is a global jni handle
R10=0x000000a61afff9a8 is pointing into the stack for thread: 0x000001fdfa01e000
R11=0x000000a61afffa43 is pointing into the stack for thread: 0x000001fdfa01e000
R12=0x00007ff8d50dc868 jdwp.dll
R13=0x00007ff8d50dd230 jdwp.dll
R14=0x000001fdfa01e000 is a thread
R15=0x00007ff8d50d9348 jdwp.dll


Registers:
RAX=0x0000000000000008, RBX=0x000001fdfa01e000, RCX=0x000001fdf9df5a28, RDX=0x0000000000000050
RSP=0x000000a61afff8c0, RBP=0x000001fdf9df5a28, RSI=0x0000000800001808, RDI=0x000001fdf9df5a00
R8 =0x000001fdf9df5948, R9 =0x000001fdf9df5a28, R10=0x000000a61afff9a8, R11=0x000000a61afffa43
R12=0x00007ff8d50dc868, R13=0x00007ff8d50dd230, R14=0x000001fdfa01e000, R15=0x00007ff8d50d9348
RIP=0x00007ff82005079b, EFLAGS=0x0000000000010202

Top of Stack: (sp=0x000000a61afff8c0)
0x000000a61afff8c0:   000001fdfa01e000 000000a600000000
0x000000a61afff8d0:   000001fd00000000 00007ff820061b25
0x000000a61afff8e0:   00007ff8d50d9330 00007ff8d50d6242
0x000000a61afff8f0:   000001fdfa01e348 00007ff8d50ded80
0x000000a61afff900:   000001fdf9e6c54c 000001fdf9df5a28
0x000000a61afff910:   00007ff8d50dd101 000001fdfa01e348
0x000000a61afff920:   0000000000000001 00007ff8d50ca3be
0x000000a61afff930:   000001fdf9df5a28 000000a61afffaa0
0x000000a61afff940:   000000a61afff9d0 0000000000000007
0x000000a61afff950:   00007ff8d50dd101 000001fdfa01e348
0x000000a61afff960:   0000000000000001 00007ff8d50ca12f
0x000000a61afff970:   000001fdf9e6c5a8 000000a61afffaa0
0x000000a61afff980:   00007ff8d50dd101 000001fdfa01e348
0x000000a61afff990:   0000000000000001 00007ff8d50c67fb
0x000000a61afff9a0:   000001fdf9e6c5a8 000001fdf9e6c5d8
0x000000a61afff9b0:   000001fdf9df59e8 000001fdf9df5a28 

Instructions: (pc=0x00007ff82005079b)
0x00007ff82005069b:   18 48 8b cb 48 89 46 18 48 8b 47 20 44 8d 42 fe
0x00007ff8200506ab:   48 89 46 20 e8 2c 50 d5 ff 48 8b 5c 24 50 48 8b
0x00007ff8200506bb:   c5 48 8b 6c 24 58 48 8b 74 24 60 48 8b 7c 24 68
0x00007ff8200506cb:   48 83 c4 40 41 5e c3 cc cc cc cc cc cc cc cc cc
0x00007ff8200506db:   cc cc cc cc cc 48 89 5c 24 08 48 89 6c 24 10 48
0x00007ff8200506eb:   89 74 24 18 48 89 7c 24 20 41 56 48 83 ec 20 8b
0x00007ff8200506fb:   81 90 00 00 00 4c 8d b1 b8 fc ff ff 05 55 21 ff
0x00007ff82005070b:   ff 49 8b f0 48 8b ea 83 f8 01 76 0d 49 8b ce 40
0x00007ff82005071b:   b7 01 e8 2e ec 39 00 eb 03 40 32 ff 33 db ba 06
0x00007ff82005072b:   00 00 00 40 84 ff 49 0f 44 de 48 8b cb e8 13 c5
0x00007ff82005073b:   d8 ff 40 b7 01 48 85 ed 0f 84 92 00 00 00 40 32
0x00007ff82005074b:   ff 40 f6 c6 01 74 0c 48 8d 4e ff ff 15 dc 06 67
0x00007ff82005075b:   00 eb 09 48 8b ce ff 15 c9 06 67 00 48 8b c8 e8
0x00007ff82005076b:   e1 70 fc ff 48 8b f0 48 85 c0 74 64 40 f6 c5 01
0x00007ff82005077b:   74 0c 48 8d 4d ff ff 15 b1 06 67 00 eb 09 48 8b
0x00007ff82005078b:   cd ff 15 9e 06 67 00 80 3d c8 b4 6d 00 00 74 16
0x00007ff82005079b:   44 8b 40 08 8b 0d 33 ff 68 00 49 d3 e0 4c 03 05
0x00007ff8200507ab:   21 ff 68 00 eb 04 4c 8b 40 08 8b 4e 10 4a 39 34
0x00007ff8200507bb:   01 75 05 40 b7 01 eb 18 83 f9 20 74 05 40 32 ff
0x00007ff8200507cb:   eb 0e 48 8b d6 49 8b c8 e8 78 7e 12 00 0f b6 f8
0x00007ff8200507db:   ba 06 00 00 00 48 8b cb 44 8d 42 fe e8 f4 4e d5
0x00007ff8200507eb:   ff 48 8b 5c 24 30 40 0f b6 c7 48 8b 7c 24 48 48
0x00007ff8200507fb:   8b 6c 24 38 48 8b 74 24 40 48 83 c4 20 41 5e c3
0x00007ff82005080b:   cc cc cc cc cc 48 89 5c 24 08 48 89 6c 24 10 48
0x00007ff82005081b:   89 74 24 18 48 89 7c 24 20 41 54 41 56 41 57 48
0x00007ff82005082b:   83 ec 50 8b 81 90 00 00 00 48 8d b1 b8 fc ff ff
0x00007ff82005083b:   05 55 21 ff ff 4d 8b f1 4d 8b f8 4c 8b e2 48 8b
0x00007ff82005084b:   e9 83 f8 01 76 0d 48 8b ce 40 b7 01 e8 f4 ea 39
0x00007ff82005085b:   00 eb 03 40 32 ff 33 db ba 06 00 00 00 40 84 ff
0x00007ff82005086b:   48 0f 44 de 48 8b cb e8 d9 c3 d8 ff 48 83 7b 08
0x00007ff82005087b:   00 48 89 5c 24 30 48 c7 44 24 38 00 00 00 00 74
0x00007ff82005088b:   0a 48 8d 4c 24 30 e8 ba af 28 00 48 89 5c 24 28 


Stack slot to memory mapping:
stack at sp + 0 slots: 0x000001fdfa01e000 is a thread
stack at sp + 1 slots: 0x000000a600000000 is an unknown value
stack at sp + 2 slots: 0x000001fd00000000 is an unknown value
stack at sp + 3 slots: 0x00007ff820061b25 jvm.dll
stack at sp + 4 slots: 0x00007ff8d50d9330 jdwp.dll
stack at sp + 5 slots: 0x00007ff8d50d6242 jdwp.dll
stack at sp + 6 slots: 0x000001fdfa01e348 points into unknown readable memory: 0x00007ff8206c4e20 | 20 4e 6c 20 f8 7f 00 00
stack at sp + 7 slots: 0x00007ff8d50ded80 jdwp.dll


---------------  P R O C E S S  ---------------

Threads class SMR info:
_java_thread_list=0x000001fdfa01bdb0, length=13, elements={
0x000001fdcb47e000, 0x000001fdf9df9000, 0x000001fdf9dfa000, 0x000001fdf9e45800,
0x000001fdf9e47800, 0x000001fdf9e48800, 0x000001fdf9e49800, 0x000001fdf9e4e000,
0x000001fdf9e53000, 0x000001fdfa010800, 0x000001fdfa01e000, 0x000001fdfa02a800,
0x000001fdfa048000
}

Java Threads: ( => current thread )
  0x000001fdcb47e000 JavaThread "main" [_thread_blocked, id=3460, stack(0x000000a619e00000,0x000000a619f00000)]
  0x000001fdf9df9000 JavaThread "Reference Handler" daemon [_thread_blocked, id=4124, stack(0x000000a61a500000,0x000000a61a600000)]
  0x000001fdf9dfa000 JavaThread "Finalizer" daemon [_thread_blocked, id=10004, stack(0x000000a61a600000,0x000000a61a700000)]
  0x000001fdf9e45800 JavaThread "Signal Dispatcher" daemon [_thread_blocked, id=1452, stack(0x000000a61a700000,0x000000a61a800000)]
  0x000001fdf9e47800 JavaThread "Attach Listener" daemon [_thread_blocked, id=10752, stack(0x000000a61a800000,0x000000a61a900000)]
  0x000001fdf9e48800 JavaThread "Service Thread" daemon [_thread_blocked, id=22176, stack(0x000000a61a900000,0x000000a61aa00000)]
  0x000001fdf9e49800 JavaThread "C2 CompilerThread0" daemon [_thread_blocked, id=1756, stack(0x000000a61aa00000,0x000000a61ab00000)]
  0x000001fdf9e4e000 JavaThread "C1 CompilerThread0" daemon [_thread_blocked, id=26596, stack(0x000000a61ab00000,0x000000a61ac00000)]
  0x000001fdf9e53000 JavaThread "Sweeper thread" daemon [_thread_blocked, id=11068, stack(0x000000a61ac00000,0x000000a61ad00000)]
  0x000001fdfa010800 JavaThread "JDWP Transport Listener: dt_socket" daemon [_thread_blocked, id=9360, stack(0x000000a61ae00000,0x000000a61af00000)]
=>0x000001fdfa01e000 JavaThread "JDWP Event Helper Thread" daemon [_thread_in_vm, id=29024, stack(0x000000a61af00000,0x000000a61b000000)]
  0x000001fdfa02a800 JavaThread "JDWP Command Reader" daemon [_thread_in_native, id=9412, stack(0x000000a61b000000,0x000000a61b100000)]
  0x000001fdfa048000 JavaThread "Common-Cleaner" daemon [_thread_blocked, id=12592, stack(0x000000a61b200000,0x000000a61b300000)]

Other Threads:
  0x000001fdf9dc5000 VMThread "VM Thread" [stack: 0x000000a61a400000,0x000000a61a500000] [id=21564]
  0x000001fdfa02e000 WatcherThread [stack: 0x000000a61b100000,0x000000a61b200000] [id=14524]
  0x000001fdcb496000 GCTaskThread "GC Thread#0" [stack: 0x000000a619f00000,0x000000a61a000000] [id=22992]
  0x000001fdcb518000 ConcurrentGCThread "G1 Main Marker" [stack: 0x000000a61a000000,0x000000a61a100000] [id=25488]
  0x000001fdcb51b000 ConcurrentGCThread "G1 Conc#0" [stack: 0x000000a61a100000,0x000000a61a200000] [id=18044]
  0x000001fdf9428800 ConcurrentGCThread "G1 Refine#0" [stack: 0x000000a61a200000,0x000000a61a300000] [id=10524]
  0x000001fdf9429800 ConcurrentGCThread "G1 Young RemSet Sampling" [stack: 0x000000a61a300000,0x000000a61a400000] [id=29312]

Threads with active compile tasks:

VM state:not at safepoint (normal execution)

VM Mutex/Monitor currently owned by a thread: None

Heap address: 0x0000000601e00000, size: 8162 MB, Compressed Oops mode: Zero based, Oop shift amount: 3
Narrow klass base: 0x0000000800000000, Narrow klass shift: 0
Compressed class space size: 1073741824 Address: 0x0000000800000000

Heap:
 garbage-first heap   total 524288K, used 0K [0x0000000601e00000, 0x0000000800000000)
  region size 2048K, 1 young (2048K), 0 survivors (0K)
 Metaspace       used 4505K, capacity 4579K, committed 4864K, reserved 1056768K
  class space    used 367K, capacity 389K, committed 512K, reserved 1048576K
Heap Regions: E=young(eden), S=young(survivor), O=old, HS=humongous(starts), HC=humongous(continues), CS=collection set, F=free, A=archive, TAMS=top-at-mark-start (previous, next)
|   0|0x0000000601e00000, 0x0000000601e00000, 0x0000000602000000|  0%| F|  |TAMS 0x0000000601e00000, 0x0000000601e00000| Untracked 
|   1|0x0000000602000000, 0x0000000602000000, 0x0000000602200000|  0%| F|  |TAMS 0x0000000602000000, 0x0000000602000000| Untracked 
|   2|0x0000000602200000, 0x0000000602200000, 0x0000000602400000|  0%| F|  |TAMS 0x0000000602200000, 0x0000000602200000| Untracked 
|   3|0x0000000602400000, 0x0000000602400000, 0x0000000602600000|  0%| F|  |TAMS 0x0000000602400000, 0x0000000602400000| Untracked 
|   4|0x0000000602600000, 0x0000000602600000, 0x0000000602800000|  0%| F|  |TAMS 0x0000000602600000, 0x0000000602600000| Untracked 
|   5|0x0000000602800000, 0x0000000602800000, 0x0000000602a00000|  0%| F|  |TAMS 0x0000000602800000, 0x0000000602800000| Untracked 
|   6|0x0000000602a00000, 0x0000000602a00000, 0x0000000602c00000|  0%| F|  |TAMS 0x0000000602a00000, 0x0000000602a00000| Untracked 
|   7|0x0000000602c00000, 0x0000000602c00000, 0x0000000602e00000|  0%| F|  |TAMS 0x0000000602c00000, 0x0000000602c00000| Untracked 
|   8|0x0000000602e00000, 0x0000000602e00000, 0x0000000603000000|  0%| F|  |TAMS 0x0000000602e00000, 0x0000000602e00000| Untracked 
|   9|0x0000000603000000, 0x0000000603000000, 0x0000000603200000|  0%| F|  |TAMS 0x0000000603000000, 0x0000000603000000| Untracked 
|  10|0x0000000603200000, 0x0000000603200000, 0x0000000603400000|  0%| F|  |TAMS 0x0000000603200000, 0x0000000603200000| Untracked 
|  11|0x0000000603400000, 0x0000000603400000, 0x0000000603600000|  0%| F|  |TAMS 0x0000000603400000, 0x0000000603400000| Untracked 
|  12|0x0000000603600000, 0x0000000603600000, 0x0000000603800000|  0%| F|  |TAMS 0x0000000603600000, 0x0000000603600000| Untracked 
|  13|0x0000000603800000, 0x0000000603800000, 0x0000000603a00000|  0%| F|  |TAMS 0x0000000603800000, 0x0000000603800000| Untracked 
|  14|0x0000000603a00000, 0x0000000603a00000, 0x0000000603c00000|  0%| F|  |TAMS 0x0000000603a00000, 0x0000000603a00000| Untracked 
|  15|0x0000000603c00000, 0x0000000603c00000, 0x0000000603e00000|  0%| F|  |TAMS 0x0000000603c00000, 0x0000000603c00000| Untracked 
|  16|0x0000000603e00000, 0x0000000603e00000, 0x0000000604000000|  0%| F|  |TAMS 0x0000000603e00000, 0x0000000603e00000| Untracked 
|  17|0x0000000604000000, 0x0000000604000000, 0x0000000604200000|  0%| F|  |TAMS 0x0000000604000000, 0x0000000604000000| Untracked 
|  18|0x0000000604200000, 0x0000000604200000, 0x0000000604400000|  0%| F|  |TAMS 0x0000000604200000, 0x0000000604200000| Untracked 
|  19|0x0000000604400000, 0x0000000604400000, 0x0000000604600000|  0%| F|  |TAMS 0x0000000604400000, 0x0000000604400000| Untracked 
|  20|0x0000000604600000, 0x0000000604600000, 0x0000000604800000|  0%| F|  |TAMS 0x0000000604600000, 0x0000000604600000| Untracked 
|  21|0x0000000604800000, 0x0000000604800000, 0x0000000604a00000|  0%| F|  |TAMS 0x0000000604800000, 0x0000000604800000| Untracked 
|  22|0x0000000604a00000, 0x0000000604a00000, 0x0000000604c00000|  0%| F|  |TAMS 0x0000000604a00000, 0x0000000604a00000| Untracked 
|  23|0x0000000604c00000, 0x0000000604c00000, 0x0000000604e00000|  0%| F|  |TAMS 0x0000000604c00000, 0x0000000604c00000| Untracked 
|  24|0x0000000604e00000, 0x0000000604e00000, 0x0000000605000000|  0%| F|  |TAMS 0x0000000604e00000, 0x0000000604e00000| Untracked 
|  25|0x0000000605000000, 0x0000000605000000, 0x0000000605200000|  0%| F|  |TAMS 0x0000000605000000, 0x0000000605000000| Untracked 
|  26|0x0000000605200000, 0x0000000605200000, 0x0000000605400000|  0%| F|  |TAMS 0x0000000605200000, 0x0000000605200000| Untracked 
|  27|0x0000000605400000, 0x0000000605400000, 0x0000000605600000|  0%| F|  |TAMS 0x0000000605400000, 0x0000000605400000| Untracked 
|  28|0x0000000605600000, 0x0000000605600000, 0x0000000605800000|  0%| F|  |TAMS 0x0000000605600000, 0x0000000605600000| Untracked 
|  29|0x0000000605800000, 0x0000000605800000, 0x0000000605a00000|  0%| F|  |TAMS 0x0000000605800000, 0x0000000605800000| Untracked 
|  30|0x0000000605a00000, 0x0000000605a00000, 0x0000000605c00000|  0%| F|  |TAMS 0x0000000605a00000, 0x0000000605a00000| Untracked 
|  31|0x0000000605c00000, 0x0000000605c00000, 0x0000000605e00000|  0%| F|  |TAMS 0x0000000605c00000, 0x0000000605c00000| Untracked 
|  32|0x0000000605e00000, 0x0000000605e00000, 0x0000000606000000|  0%| F|  |TAMS 0x0000000605e00000, 0x0000000605e00000| Untracked 
|  33|0x0000000606000000, 0x0000000606000000, 0x0000000606200000|  0%| F|  |TAMS 0x0000000606000000, 0x0000000606000000| Untracked 
|  34|0x0000000606200000, 0x0000000606200000, 0x0000000606400000|  0%| F|  |TAMS 0x0000000606200000, 0x0000000606200000| Untracked 
|  35|0x0000000606400000, 0x0000000606400000, 0x0000000606600000|  0%| F|  |TAMS 0x0000000606400000, 0x0000000606400000| Untracked 
|  36|0x0000000606600000, 0x0000000606600000, 0x0000000606800000|  0%| F|  |TAMS 0x0000000606600000, 0x0000000606600000| Untracked 
|  37|0x0000000606800000, 0x0000000606800000, 0x0000000606a00000|  0%| F|  |TAMS 0x0000000606800000, 0x0000000606800000| Untracked 
|  38|0x0000000606a00000, 0x0000000606a00000, 0x0000000606c00000|  0%| F|  |TAMS 0x0000000606a00000, 0x0000000606a00000| Untracked 
|  39|0x0000000606c00000, 0x0000000606c00000, 0x0000000606e00000|  0%| F|  |TAMS 0x0000000606c00000, 0x0000000606c00000| Untracked 
|  40|0x0000000606e00000, 0x0000000606e00000, 0x0000000607000000|  0%| F|  |TAMS 0x0000000606e00000, 0x0000000606e00000| Untracked 
|  41|0x0000000607000000, 0x0000000607000000, 0x0000000607200000|  0%| F|  |TAMS 0x0000000607000000, 0x0000000607000000| Untracked 
|  42|0x0000000607200000, 0x0000000607200000, 0x0000000607400000|  0%| F|  |TAMS 0x0000000607200000, 0x0000000607200000| Untracked 
|  43|0x0000000607400000, 0x0000000607400000, 0x0000000607600000|  0%| F|  |TAMS 0x0000000607400000, 0x0000000607400000| Untracked 
|  44|0x0000000607600000, 0x0000000607600000, 0x0000000607800000|  0%| F|  |TAMS 0x0000000607600000, 0x0000000607600000| Untracked 
|  45|0x0000000607800000, 0x0000000607800000, 0x0000000607a00000|  0%| F|  |TAMS 0x0000000607800000, 0x0000000607800000| Untracked 
|  46|0x0000000607a00000, 0x0000000607a00000, 0x0000000607c00000|  0%| F|  |TAMS 0x0000000607a00000, 0x0000000607a00000| Untracked 
|  47|0x0000000607c00000, 0x0000000607c00000, 0x0000000607e00000|  0%| F|  |TAMS 0x0000000607c00000, 0x0000000607c00000| Untracked 
|  48|0x0000000607e00000, 0x0000000607e00000, 0x0000000608000000|  0%| F|  |TAMS 0x0000000607e00000, 0x0000000607e00000| Untracked 
|  49|0x0000000608000000, 0x0000000608000000, 0x0000000608200000|  0%| F|  |TAMS 0x0000000608000000, 0x0000000608000000| Untracked 
|  50|0x0000000608200000, 0x0000000608200000, 0x0000000608400000|  0%| F|  |TAMS 0x0000000608200000, 0x0000000608200000| Untracked 
|  51|0x0000000608400000, 0x0000000608400000, 0x0000000608600000|  0%| F|  |TAMS 0x0000000608400000, 0x0000000608400000| Untracked 
|  52|0x0000000608600000, 0x0000000608600000, 0x0000000608800000|  0%| F|  |TAMS 0x0000000608600000, 0x0000000608600000| Untracked 
|  53|0x0000000608800000, 0x0000000608800000, 0x0000000608a00000|  0%| F|  |TAMS 0x0000000608800000, 0x0000000608800000| Untracked 
|  54|0x0000000608a00000, 0x0000000608a00000, 0x0000000608c00000|  0%| F|  |TAMS 0x0000000608a00000, 0x0000000608a00000| Untracked 
|  55|0x0000000608c00000, 0x0000000608c00000, 0x0000000608e00000|  0%| F|  |TAMS 0x0000000608c00000, 0x0000000608c00000| Untracked 
|  56|0x0000000608e00000, 0x0000000608e00000, 0x0000000609000000|  0%| F|  |TAMS 0x0000000608e00000, 0x0000000608e00000| Untracked 
|  57|0x0000000609000000, 0x0000000609000000, 0x0000000609200000|  0%| F|  |TAMS 0x0000000609000000, 0x0000000609000000| Untracked 
|  58|0x0000000609200000, 0x0000000609200000, 0x0000000609400000|  0%| F|  |TAMS 0x0000000609200000, 0x0000000609200000| Untracked 
|  59|0x0000000609400000, 0x0000000609400000, 0x0000000609600000|  0%| F|  |TAMS 0x0000000609400000, 0x0000000609400000| Untracked 
|  60|0x0000000609600000, 0x0000000609600000, 0x0000000609800000|  0%| F|  |TAMS 0x0000000609600000, 0x0000000609600000| Untracked 
|  61|0x0000000609800000, 0x0000000609800000, 0x0000000609a00000|  0%| F|  |TAMS 0x0000000609800000, 0x0000000609800000| Untracked 
|  62|0x0000000609a00000, 0x0000000609a00000, 0x0000000609c00000|  0%| F|  |TAMS 0x0000000609a00000, 0x0000000609a00000| Untracked 
|  63|0x0000000609c00000, 0x0000000609c00000, 0x0000000609e00000|  0%| F|  |TAMS 0x0000000609c00000, 0x0000000609c00000| Untracked 
|  64|0x0000000609e00000, 0x0000000609e00000, 0x000000060a000000|  0%| F|  |TAMS 0x0000000609e00000, 0x0000000609e00000| Untracked 
|  65|0x000000060a000000, 0x000000060a000000, 0x000000060a200000|  0%| F|  |TAMS 0x000000060a000000, 0x000000060a000000| Untracked 
|  66|0x000000060a200000, 0x000000060a200000, 0x000000060a400000|  0%| F|  |TAMS 0x000000060a200000, 0x000000060a200000| Untracked 
|  67|0x000000060a400000, 0x000000060a400000, 0x000000060a600000|  0%| F|  |TAMS 0x000000060a400000, 0x000000060a400000| Untracked 
|  68|0x000000060a600000, 0x000000060a600000, 0x000000060a800000|  0%| F|  |TAMS 0x000000060a600000, 0x000000060a600000| Untracked 
|  69|0x000000060a800000, 0x000000060a800000, 0x000000060aa00000|  0%| F|  |TAMS 0x000000060a800000, 0x000000060a800000| Untracked 
|  70|0x000000060aa00000, 0x000000060aa00000, 0x000000060ac00000|  0%| F|  |TAMS 0x000000060aa00000, 0x000000060aa00000| Untracked 
|  71|0x000000060ac00000, 0x000000060ac00000, 0x000000060ae00000|  0%| F|  |TAMS 0x000000060ac00000, 0x000000060ac00000| Untracked 
|  72|0x000000060ae00000, 0x000000060ae00000, 0x000000060b000000|  0%| F|  |TAMS 0x000000060ae00000, 0x000000060ae00000| Untracked 
|  73|0x000000060b000000, 0x000000060b000000, 0x000000060b200000|  0%| F|  |TAMS 0x000000060b000000, 0x000000060b000000| Untracked 
|  74|0x000000060b200000, 0x000000060b200000, 0x000000060b400000|  0%| F|  |TAMS 0x000000060b200000, 0x000000060b200000| Untracked 
|  75|0x000000060b400000, 0x000000060b400000, 0x000000060b600000|  0%| F|  |TAMS 0x000000060b400000, 0x000000060b400000| Untracked 
|  76|0x000000060b600000, 0x000000060b600000, 0x000000060b800000|  0%| F|  |TAMS 0x000000060b600000, 0x000000060b600000| Untracked 
|  77|0x000000060b800000, 0x000000060b800000, 0x000000060ba00000|  0%| F|  |TAMS 0x000000060b800000, 0x000000060b800000| Untracked 
|  78|0x000000060ba00000, 0x000000060ba00000, 0x000000060bc00000|  0%| F|  |TAMS 0x000000060ba00000, 0x000000060ba00000| Untracked 
|  79|0x000000060bc00000, 0x000000060bc00000, 0x000000060be00000|  0%| F|  |TAMS 0x000000060bc00000, 0x000000060bc00000| Untracked 
|  80|0x000000060be00000, 0x000000060be00000, 0x000000060c000000|  0%| F|  |TAMS 0x000000060be00000, 0x000000060be00000| Untracked 
|  81|0x000000060c000000, 0x000000060c000000, 0x000000060c200000|  0%| F|  |TAMS 0x000000060c000000, 0x000000060c000000| Untracked 
|  82|0x000000060c200000, 0x000000060c200000, 0x000000060c400000|  0%| F|  |TAMS 0x000000060c200000, 0x000000060c200000| Untracked 
|  83|0x000000060c400000, 0x000000060c400000, 0x000000060c600000|  0%| F|  |TAMS 0x000000060c400000, 0x000000060c400000| Untracked 
|  84|0x000000060c600000, 0x000000060c600000, 0x000000060c800000|  0%| F|  |TAMS 0x000000060c600000, 0x000000060c600000| Untracked 
|  85|0x000000060c800000, 0x000000060c800000, 0x000000060ca00000|  0%| F|  |TAMS 0x000000060c800000, 0x000000060c800000| Untracked 
|  86|0x000000060ca00000, 0x000000060ca00000, 0x000000060cc00000|  0%| F|  |TAMS 0x000000060ca00000, 0x000000060ca00000| Untracked 
|  87|0x000000060cc00000, 0x000000060cc00000, 0x000000060ce00000|  0%| F|  |TAMS 0x000000060cc00000, 0x000000060cc00000| Untracked 
|  88|0x000000060ce00000, 0x000000060ce00000, 0x000000060d000000|  0%| F|  |TAMS 0x000000060ce00000, 0x000000060ce00000| Untracked 
|  89|0x000000060d000000, 0x000000060d000000, 0x000000060d200000|  0%| F|  |TAMS 0x000000060d000000, 0x000000060d000000| Untracked 
|  90|0x000000060d200000, 0x000000060d200000, 0x000000060d400000|  0%| F|  |TAMS 0x000000060d200000, 0x000000060d200000| Untracked 
|  91|0x000000060d400000, 0x000000060d400000, 0x000000060d600000|  0%| F|  |TAMS 0x000000060d400000, 0x000000060d400000| Untracked 
|  92|0x000000060d600000, 0x000000060d600000, 0x000000060d800000|  0%| F|  |TAMS 0x000000060d600000, 0x000000060d600000| Untracked 
|  93|0x000000060d800000, 0x000000060d800000, 0x000000060da00000|  0%| F|  |TAMS 0x000000060d800000, 0x000000060d800000| Untracked 
|  94|0x000000060da00000, 0x000000060da00000, 0x000000060dc00000|  0%| F|  |TAMS 0x000000060da00000, 0x000000060da00000| Untracked 
|  95|0x000000060dc00000, 0x000000060dc00000, 0x000000060de00000|  0%| F|  |TAMS 0x000000060dc00000, 0x000000060dc00000| Untracked 
|  96|0x000000060de00000, 0x000000060de00000, 0x000000060e000000|  0%| F|  |TAMS 0x000000060de00000, 0x000000060de00000| Untracked 
|  97|0x000000060e000000, 0x000000060e000000, 0x000000060e200000|  0%| F|  |TAMS 0x000000060e000000, 0x000000060e000000| Untracked 
|  98|0x000000060e200000, 0x000000060e200000, 0x000000060e400000|  0%| F|  |TAMS 0x000000060e200000, 0x000000060e200000| Untracked 
|  99|0x000000060e400000, 0x000000060e400000, 0x000000060e600000|  0%| F|  |TAMS 0x000000060e400000, 0x000000060e400000| Untracked 
| 100|0x000000060e600000, 0x000000060e600000, 0x000000060e800000|  0%| F|  |TAMS 0x000000060e600000, 0x000000060e600000| Untracked 
| 101|0x000000060e800000, 0x000000060e800000, 0x000000060ea00000|  0%| F|  |TAMS 0x000000060e800000, 0x000000060e800000| Untracked 
| 102|0x000000060ea00000, 0x000000060ea00000, 0x000000060ec00000|  0%| F|  |TAMS 0x000000060ea00000, 0x000000060ea00000| Untracked 
| 103|0x000000060ec00000, 0x000000060ec00000, 0x000000060ee00000|  0%| F|  |TAMS 0x000000060ec00000, 0x000000060ec00000| Untracked 
| 104|0x000000060ee00000, 0x000000060ee00000, 0x000000060f000000|  0%| F|  |TAMS 0x000000060ee00000, 0x000000060ee00000| Untracked 
| 105|0x000000060f000000, 0x000000060f000000, 0x000000060f200000|  0%| F|  |TAMS 0x000000060f000000, 0x000000060f000000| Untracked 
| 106|0x000000060f200000, 0x000000060f200000, 0x000000060f400000|  0%| F|  |TAMS 0x000000060f200000, 0x000000060f200000| Untracked 
| 107|0x000000060f400000, 0x000000060f400000, 0x000000060f600000|  0%| F|  |TAMS 0x000000060f400000, 0x000000060f400000| Untracked 
| 108|0x000000060f600000, 0x000000060f600000, 0x000000060f800000|  0%| F|  |TAMS 0x000000060f600000, 0x000000060f600000| Untracked 
| 109|0x000000060f800000, 0x000000060f800000, 0x000000060fa00000|  0%| F|  |TAMS 0x000000060f800000, 0x000000060f800000| Untracked 
| 110|0x000000060fa00000, 0x000000060fa00000, 0x000000060fc00000|  0%| F|  |TAMS 0x000000060fa00000, 0x000000060fa00000| Untracked 
| 111|0x000000060fc00000, 0x000000060fc00000, 0x000000060fe00000|  0%| F|  |TAMS 0x000000060fc00000, 0x000000060fc00000| Untracked 
| 112|0x000000060fe00000, 0x000000060fe00000, 0x0000000610000000|  0%| F|  |TAMS 0x000000060fe00000, 0x000000060fe00000| Untracked 
| 113|0x0000000610000000, 0x0000000610000000, 0x0000000610200000|  0%| F|  |TAMS 0x0000000610000000, 0x0000000610000000| Untracked 
| 114|0x0000000610200000, 0x0000000610200000, 0x0000000610400000|  0%| F|  |TAMS 0x0000000610200000, 0x0000000610200000| Untracked 
| 115|0x0000000610400000, 0x0000000610400000, 0x0000000610600000|  0%| F|  |TAMS 0x0000000610400000, 0x0000000610400000| Untracked 
| 116|0x0000000610600000, 0x0000000610600000, 0x0000000610800000|  0%| F|  |TAMS 0x0000000610600000, 0x0000000610600000| Untracked 
| 117|0x0000000610800000, 0x0000000610800000, 0x0000000610a00000|  0%| F|  |TAMS 0x0000000610800000, 0x0000000610800000| Untracked 
| 118|0x0000000610a00000, 0x0000000610a00000, 0x0000000610c00000|  0%| F|  |TAMS 0x0000000610a00000, 0x0000000610a00000| Untracked 
| 119|0x0000000610c00000, 0x0000000610c00000, 0x0000000610e00000|  0%| F|  |TAMS 0x0000000610c00000, 0x0000000610c00000| Untracked 
| 120|0x0000000610e00000, 0x0000000610e00000, 0x0000000611000000|  0%| F|  |TAMS 0x0000000610e00000, 0x0000000610e00000| Untracked 
| 121|0x0000000611000000, 0x0000000611000000, 0x0000000611200000|  0%| F|  |TAMS 0x0000000611000000, 0x0000000611000000| Untracked 
| 122|0x0000000611200000, 0x0000000611200000, 0x0000000611400000|  0%| F|  |TAMS 0x0000000611200000, 0x0000000611200000| Untracked 
| 123|0x0000000611400000, 0x0000000611400000, 0x0000000611600000|  0%| F|  |TAMS 0x0000000611400000, 0x0000000611400000| Untracked 
| 124|0x0000000611600000, 0x0000000611600000, 0x0000000611800000|  0%| F|  |TAMS 0x0000000611600000, 0x0000000611600000| Untracked 
| 125|0x0000000611800000, 0x0000000611800000, 0x0000000611a00000|  0%| F|  |TAMS 0x0000000611800000, 0x0000000611800000| Untracked 
| 126|0x0000000611a00000, 0x0000000611a00000, 0x0000000611c00000|  0%| F|  |TAMS 0x0000000611a00000, 0x0000000611a00000| Untracked 
| 127|0x0000000611c00000, 0x0000000611c00000, 0x0000000611e00000|  0%| F|  |TAMS 0x0000000611c00000, 0x0000000611c00000| Untracked 
| 128|0x0000000611e00000, 0x0000000611e00000, 0x0000000612000000|  0%| F|  |TAMS 0x0000000611e00000, 0x0000000611e00000| Untracked 
| 129|0x0000000612000000, 0x0000000612000000, 0x0000000612200000|  0%| F|  |TAMS 0x0000000612000000, 0x0000000612000000| Untracked 
| 130|0x0000000612200000, 0x0000000612200000, 0x0000000612400000|  0%| F|  |TAMS 0x0000000612200000, 0x0000000612200000| Untracked 
| 131|0x0000000612400000, 0x0000000612400000, 0x0000000612600000|  0%| F|  |TAMS 0x0000000612400000, 0x0000000612400000| Untracked 
| 132|0x0000000612600000, 0x0000000612600000, 0x0000000612800000|  0%| F|  |TAMS 0x0000000612600000, 0x0000000612600000| Untracked 
| 133|0x0000000612800000, 0x0000000612800000, 0x0000000612a00000|  0%| F|  |TAMS 0x0000000612800000, 0x0000000612800000| Untracked 
| 134|0x0000000612a00000, 0x0000000612a00000, 0x0000000612c00000|  0%| F|  |TAMS 0x0000000612a00000, 0x0000000612a00000| Untracked 
| 135|0x0000000612c00000, 0x0000000612c00000, 0x0000000612e00000|  0%| F|  |TAMS 0x0000000612c00000, 0x0000000612c00000| Untracked 
| 136|0x0000000612e00000, 0x0000000612e00000, 0x0000000613000000|  0%| F|  |TAMS 0x0000000612e00000, 0x0000000612e00000| Untracked 
| 137|0x0000000613000000, 0x0000000613000000, 0x0000000613200000|  0%| F|  |TAMS 0x0000000613000000, 0x0000000613000000| Untracked 
| 138|0x0000000613200000, 0x0000000613200000, 0x0000000613400000|  0%| F|  |TAMS 0x0000000613200000, 0x0000000613200000| Untracked 
| 139|0x0000000613400000, 0x0000000613400000, 0x0000000613600000|  0%| F|  |TAMS 0x0000000613400000, 0x0000000613400000| Untracked 
| 140|0x0000000613600000, 0x0000000613600000, 0x0000000613800000|  0%| F|  |TAMS 0x0000000613600000, 0x0000000613600000| Untracked 
| 141|0x0000000613800000, 0x0000000613800000, 0x0000000613a00000|  0%| F|  |TAMS 0x0000000613800000, 0x0000000613800000| Untracked 
| 142|0x0000000613a00000, 0x0000000613a00000, 0x0000000613c00000|  0%| F|  |TAMS 0x0000000613a00000, 0x0000000613a00000| Untracked 
| 143|0x0000000613c00000, 0x0000000613c00000, 0x0000000613e00000|  0%| F|  |TAMS 0x0000000613c00000, 0x0000000613c00000| Untracked 
| 144|0x0000000613e00000, 0x0000000613e00000, 0x0000000614000000|  0%| F|  |TAMS 0x0000000613e00000, 0x0000000613e00000| Untracked 
| 145|0x0000000614000000, 0x0000000614000000, 0x0000000614200000|  0%| F|  |TAMS 0x0000000614000000, 0x0000000614000000| Untracked 
| 146|0x0000000614200000, 0x0000000614200000, 0x0000000614400000|  0%| F|  |TAMS 0x0000000614200000, 0x0000000614200000| Untracked 
| 147|0x0000000614400000, 0x0000000614400000, 0x0000000614600000|  0%| F|  |TAMS 0x0000000614400000, 0x0000000614400000| Untracked 
| 148|0x0000000614600000, 0x0000000614600000, 0x0000000614800000|  0%| F|  |TAMS 0x0000000614600000, 0x0000000614600000| Untracked 
| 149|0x0000000614800000, 0x0000000614800000, 0x0000000614a00000|  0%| F|  |TAMS 0x0000000614800000, 0x0000000614800000| Untracked 
| 150|0x0000000614a00000, 0x0000000614a00000, 0x0000000614c00000|  0%| F|  |TAMS 0x0000000614a00000, 0x0000000614a00000| Untracked 
| 151|0x0000000614c00000, 0x0000000614c00000, 0x0000000614e00000|  0%| F|  |TAMS 0x0000000614c00000, 0x0000000614c00000| Untracked 
| 152|0x0000000614e00000, 0x0000000614e00000, 0x0000000615000000|  0%| F|  |TAMS 0x0000000614e00000, 0x0000000614e00000| Untracked 
| 153|0x0000000615000000, 0x0000000615000000, 0x0000000615200000|  0%| F|  |TAMS 0x0000000615000000, 0x0000000615000000| Untracked 
| 154|0x0000000615200000, 0x0000000615200000, 0x0000000615400000|  0%| F|  |TAMS 0x0000000615200000, 0x0000000615200000| Untracked 
| 155|0x0000000615400000, 0x0000000615400000, 0x0000000615600000|  0%| F|  |TAMS 0x0000000615400000, 0x0000000615400000| Untracked 
| 156|0x0000000615600000, 0x0000000615600000, 0x0000000615800000|  0%| F|  |TAMS 0x0000000615600000, 0x0000000615600000| Untracked 
| 157|0x0000000615800000, 0x0000000615800000, 0x0000000615a00000|  0%| F|  |TAMS 0x0000000615800000, 0x0000000615800000| Untracked 
| 158|0x0000000615a00000, 0x0000000615a00000, 0x0000000615c00000|  0%| F|  |TAMS 0x0000000615a00000, 0x0000000615a00000| Untracked 
| 159|0x0000000615c00000, 0x0000000615c00000, 0x0000000615e00000|  0%| F|  |TAMS 0x0000000615c00000, 0x0000000615c00000| Untracked 
| 160|0x0000000615e00000, 0x0000000615e00000, 0x0000000616000000|  0%| F|  |TAMS 0x0000000615e00000, 0x0000000615e00000| Untracked 
| 161|0x0000000616000000, 0x0000000616000000, 0x0000000616200000|  0%| F|  |TAMS 0x0000000616000000, 0x0000000616000000| Untracked 
| 162|0x0000000616200000, 0x0000000616200000, 0x0000000616400000|  0%| F|  |TAMS 0x0000000616200000, 0x0000000616200000| Untracked 
| 163|0x0000000616400000, 0x0000000616400000, 0x0000000616600000|  0%| F|  |TAMS 0x0000000616400000, 0x0000000616400000| Untracked 
| 164|0x0000000616600000, 0x0000000616600000, 0x0000000616800000|  0%| F|  |TAMS 0x0000000616600000, 0x0000000616600000| Untracked 
| 165|0x0000000616800000, 0x0000000616800000, 0x0000000616a00000|  0%| F|  |TAMS 0x0000000616800000, 0x0000000616800000| Untracked 
| 166|0x0000000616a00000, 0x0000000616a00000, 0x0000000616c00000|  0%| F|  |TAMS 0x0000000616a00000, 0x0000000616a00000| Untracked 
| 167|0x0000000616c00000, 0x0000000616c00000, 0x0000000616e00000|  0%| F|  |TAMS 0x0000000616c00000, 0x0000000616c00000| Untracked 
| 168|0x0000000616e00000, 0x0000000616e00000, 0x0000000617000000|  0%| F|  |TAMS 0x0000000616e00000, 0x0000000616e00000| Untracked 
| 169|0x0000000617000000, 0x0000000617000000, 0x0000000617200000|  0%| F|  |TAMS 0x0000000617000000, 0x0000000617000000| Untracked 
| 170|0x0000000617200000, 0x0000000617200000, 0x0000000617400000|  0%| F|  |TAMS 0x0000000617200000, 0x0000000617200000| Untracked 
| 171|0x0000000617400000, 0x0000000617400000, 0x0000000617600000|  0%| F|  |TAMS 0x0000000617400000, 0x0000000617400000| Untracked 
| 172|0x0000000617600000, 0x0000000617600000, 0x0000000617800000|  0%| F|  |TAMS 0x0000000617600000, 0x0000000617600000| Untracked 
| 173|0x0000000617800000, 0x0000000617800000, 0x0000000617a00000|  0%| F|  |TAMS 0x0000000617800000, 0x0000000617800000| Untracked 
| 174|0x0000000617a00000, 0x0000000617a00000, 0x0000000617c00000|  0%| F|  |TAMS 0x0000000617a00000, 0x0000000617a00000| Untracked 
| 175|0x0000000617c00000, 0x0000000617c00000, 0x0000000617e00000|  0%| F|  |TAMS 0x0000000617c00000, 0x0000000617c00000| Untracked 
| 176|0x0000000617e00000, 0x0000000617e00000, 0x0000000618000000|  0%| F|  |TAMS 0x0000000617e00000, 0x0000000617e00000| Untracked 
| 177|0x0000000618000000, 0x0000000618000000, 0x0000000618200000|  0%| F|  |TAMS 0x0000000618000000, 0x0000000618000000| Untracked 
| 178|0x0000000618200000, 0x0000000618200000, 0x0000000618400000|  0%| F|  |TAMS 0x0000000618200000, 0x0000000618200000| Untracked 
| 179|0x0000000618400000, 0x0000000618400000, 0x0000000618600000|  0%| F|  |TAMS 0x0000000618400000, 0x0000000618400000| Untracked 
| 180|0x0000000618600000, 0x0000000618600000, 0x0000000618800000|  0%| F|  |TAMS 0x0000000618600000, 0x0000000618600000| Untracked 
| 181|0x0000000618800000, 0x0000000618800000, 0x0000000618a00000|  0%| F|  |TAMS 0x0000000618800000, 0x0000000618800000| Untracked 
| 182|0x0000000618a00000, 0x0000000618a00000, 0x0000000618c00000|  0%| F|  |TAMS 0x0000000618a00000, 0x0000000618a00000| Untracked 
| 183|0x0000000618c00000, 0x0000000618c00000, 0x0000000618e00000|  0%| F|  |TAMS 0x0000000618c00000, 0x0000000618c00000| Untracked 
| 184|0x0000000618e00000, 0x0000000618e00000, 0x0000000619000000|  0%| F|  |TAMS 0x0000000618e00000, 0x0000000618e00000| Untracked 
| 185|0x0000000619000000, 0x0000000619000000, 0x0000000619200000|  0%| F|  |TAMS 0x0000000619000000, 0x0000000619000000| Untracked 
| 186|0x0000000619200000, 0x0000000619200000, 0x0000000619400000|  0%| F|  |TAMS 0x0000000619200000, 0x0000000619200000| Untracked 
| 187|0x0000000619400000, 0x0000000619400000, 0x0000000619600000|  0%| F|  |TAMS 0x0000000619400000, 0x0000000619400000| Untracked 
| 188|0x0000000619600000, 0x0000000619600000, 0x0000000619800000|  0%| F|  |TAMS 0x0000000619600000, 0x0000000619600000| Untracked 
| 189|0x0000000619800000, 0x0000000619800000, 0x0000000619a00000|  0%| F|  |TAMS 0x0000000619800000, 0x0000000619800000| Untracked 
| 190|0x0000000619a00000, 0x0000000619a00000, 0x0000000619c00000|  0%| F|  |TAMS 0x0000000619a00000, 0x0000000619a00000| Untracked 
| 191|0x0000000619c00000, 0x0000000619c00000, 0x0000000619e00000|  0%| F|  |TAMS 0x0000000619c00000, 0x0000000619c00000| Untracked 
| 192|0x0000000619e00000, 0x0000000619e00000, 0x000000061a000000|  0%| F|  |TAMS 0x0000000619e00000, 0x0000000619e00000| Untracked 
| 193|0x000000061a000000, 0x000000061a000000, 0x000000061a200000|  0%| F|  |TAMS 0x000000061a000000, 0x000000061a000000| Untracked 
| 194|0x000000061a200000, 0x000000061a200000, 0x000000061a400000|  0%| F|  |TAMS 0x000000061a200000, 0x000000061a200000| Untracked 
| 195|0x000000061a400000, 0x000000061a400000, 0x000000061a600000|  0%| F|  |TAMS 0x000000061a400000, 0x000000061a400000| Untracked 
| 196|0x000000061a600000, 0x000000061a600000, 0x000000061a800000|  0%| F|  |TAMS 0x000000061a600000, 0x000000061a600000| Untracked 
| 197|0x000000061a800000, 0x000000061a800000, 0x000000061aa00000|  0%| F|  |TAMS 0x000000061a800000, 0x000000061a800000| Untracked 
| 198|0x000000061aa00000, 0x000000061aa00000, 0x000000061ac00000|  0%| F|  |TAMS 0x000000061aa00000, 0x000000061aa00000| Untracked 
| 199|0x000000061ac00000, 0x000000061ac00000, 0x000000061ae00000|  0%| F|  |TAMS 0x000000061ac00000, 0x000000061ac00000| Untracked 
| 200|0x000000061ae00000, 0x000000061ae00000, 0x000000061b000000|  0%| F|  |TAMS 0x000000061ae00000, 0x000000061ae00000| Untracked 
| 201|0x000000061b000000, 0x000000061b000000, 0x000000061b200000|  0%| F|  |TAMS 0x000000061b000000, 0x000000061b000000| Untracked 
| 202|0x000000061b200000, 0x000000061b200000, 0x000000061b400000|  0%| F|  |TAMS 0x000000061b200000, 0x000000061b200000| Untracked 
| 203|0x000000061b400000, 0x000000061b400000, 0x000000061b600000|  0%| F|  |TAMS 0x000000061b400000, 0x000000061b400000| Untracked 
| 204|0x000000061b600000, 0x000000061b600000, 0x000000061b800000|  0%| F|  |TAMS 0x000000061b600000, 0x000000061b600000| Untracked 
| 205|0x000000061b800000, 0x000000061b800000, 0x000000061ba00000|  0%| F|  |TAMS 0x000000061b800000, 0x000000061b800000| Untracked 
| 206|0x000000061ba00000, 0x000000061ba00000, 0x000000061bc00000|  0%| F|  |TAMS 0x000000061ba00000, 0x000000061ba00000| Untracked 
| 207|0x000000061bc00000, 0x000000061bc00000, 0x000000061be00000|  0%| F|  |TAMS 0x000000061bc00000, 0x000000061bc00000| Untracked 
| 208|0x000000061be00000, 0x000000061be00000, 0x000000061c000000|  0%| F|  |TAMS 0x000000061be00000, 0x000000061be00000| Untracked 
| 209|0x000000061c000000, 0x000000061c000000, 0x000000061c200000|  0%| F|  |TAMS 0x000000061c000000, 0x000000061c000000| Untracked 
| 210|0x000000061c200000, 0x000000061c200000, 0x000000061c400000|  0%| F|  |TAMS 0x000000061c200000, 0x000000061c200000| Untracked 
| 211|0x000000061c400000, 0x000000061c400000, 0x000000061c600000|  0%| F|  |TAMS 0x000000061c400000, 0x000000061c400000| Untracked 
| 212|0x000000061c600000, 0x000000061c600000, 0x000000061c800000|  0%| F|  |TAMS 0x000000061c600000, 0x000000061c600000| Untracked 
| 213|0x000000061c800000, 0x000000061c800000, 0x000000061ca00000|  0%| F|  |TAMS 0x000000061c800000, 0x000000061c800000| Untracked 
| 214|0x000000061ca00000, 0x000000061ca00000, 0x000000061cc00000|  0%| F|  |TAMS 0x000000061ca00000, 0x000000061ca00000| Untracked 
| 215|0x000000061cc00000, 0x000000061cc00000, 0x000000061ce00000|  0%| F|  |TAMS 0x000000061cc00000, 0x000000061cc00000| Untracked 
| 216|0x000000061ce00000, 0x000000061ce00000, 0x000000061d000000|  0%| F|  |TAMS 0x000000061ce00000, 0x000000061ce00000| Untracked 
| 217|0x000000061d000000, 0x000000061d000000, 0x000000061d200000|  0%| F|  |TAMS 0x000000061d000000, 0x000000061d000000| Untracked 
| 218|0x000000061d200000, 0x000000061d200000, 0x000000061d400000|  0%| F|  |TAMS 0x000000061d200000, 0x000000061d200000| Untracked 
| 219|0x000000061d400000, 0x000000061d400000, 0x000000061d600000|  0%| F|  |TAMS 0x000000061d400000, 0x000000061d400000| Untracked 
| 220|0x000000061d600000, 0x000000061d600000, 0x000000061d800000|  0%| F|  |TAMS 0x000000061d600000, 0x000000061d600000| Untracked 
| 221|0x000000061d800000, 0x000000061d800000, 0x000000061da00000|  0%| F|  |TAMS 0x000000061d800000, 0x000000061d800000| Untracked 
| 222|0x000000061da00000, 0x000000061da00000, 0x000000061dc00000|  0%| F|  |TAMS 0x000000061da00000, 0x000000061da00000| Untracked 
| 223|0x000000061dc00000, 0x000000061dc00000, 0x000000061de00000|  0%| F|  |TAMS 0x000000061dc00000, 0x000000061dc00000| Untracked 
| 224|0x000000061de00000, 0x000000061de00000, 0x000000061e000000|  0%| F|  |TAMS 0x000000061de00000, 0x000000061de00000| Untracked 
| 225|0x000000061e000000, 0x000000061e000000, 0x000000061e200000|  0%| F|  |TAMS 0x000000061e000000, 0x000000061e000000| Untracked 
| 226|0x000000061e200000, 0x000000061e200000, 0x000000061e400000|  0%| F|  |TAMS 0x000000061e200000, 0x000000061e200000| Untracked 
| 227|0x000000061e400000, 0x000000061e400000, 0x000000061e600000|  0%| F|  |TAMS 0x000000061e400000, 0x000000061e400000| Untracked 
| 228|0x000000061e600000, 0x000000061e600000, 0x000000061e800000|  0%| F|  |TAMS 0x000000061e600000, 0x000000061e600000| Untracked 
| 229|0x000000061e800000, 0x000000061e800000, 0x000000061ea00000|  0%| F|  |TAMS 0x000000061e800000, 0x000000061e800000| Untracked 
| 230|0x000000061ea00000, 0x000000061ea00000, 0x000000061ec00000|  0%| F|  |TAMS 0x000000061ea00000, 0x000000061ea00000| Untracked 
| 231|0x000000061ec00000, 0x000000061ec00000, 0x000000061ee00000|  0%| F|  |TAMS 0x000000061ec00000, 0x000000061ec00000| Untracked 
| 232|0x000000061ee00000, 0x000000061ee00000, 0x000000061f000000|  0%| F|  |TAMS 0x000000061ee00000, 0x000000061ee00000| Untracked 
| 233|0x000000061f000000, 0x000000061f000000, 0x000000061f200000|  0%| F|  |TAMS 0x000000061f000000, 0x000000061f000000| Untracked 
| 234|0x000000061f200000, 0x000000061f200000, 0x000000061f400000|  0%| F|  |TAMS 0x000000061f200000, 0x000000061f200000| Untracked 
| 235|0x000000061f400000, 0x000000061f400000, 0x000000061f600000|  0%| F|  |TAMS 0x000000061f400000, 0x000000061f400000| Untracked 
| 236|0x000000061f600000, 0x000000061f600000, 0x000000061f800000|  0%| F|  |TAMS 0x000000061f600000, 0x000000061f600000| Untracked 
| 237|0x000000061f800000, 0x000000061f800000, 0x000000061fa00000|  0%| F|  |TAMS 0x000000061f800000, 0x000000061f800000| Untracked 
| 238|0x000000061fa00000, 0x000000061fa00000, 0x000000061fc00000|  0%| F|  |TAMS 0x000000061fa00000, 0x000000061fa00000| Untracked 
| 239|0x000000061fc00000, 0x000000061fc00000, 0x000000061fe00000|  0%| F|  |TAMS 0x000000061fc00000, 0x000000061fc00000| Untracked 
| 240|0x000000061fe00000, 0x000000061fe00000, 0x0000000620000000|  0%| F|  |TAMS 0x000000061fe00000, 0x000000061fe00000| Untracked 
| 241|0x0000000620000000, 0x0000000620000000, 0x0000000620200000|  0%| F|  |TAMS 0x0000000620000000, 0x0000000620000000| Untracked 
| 242|0x0000000620200000, 0x0000000620200000, 0x0000000620400000|  0%| F|  |TAMS 0x0000000620200000, 0x0000000620200000| Untracked 
| 243|0x0000000620400000, 0x0000000620400000, 0x0000000620600000|  0%| F|  |TAMS 0x0000000620400000, 0x0000000620400000| Untracked 
| 244|0x0000000620600000, 0x0000000620600000, 0x0000000620800000|  0%| F|  |TAMS 0x0000000620600000, 0x0000000620600000| Untracked 
| 245|0x0000000620800000, 0x0000000620800000, 0x0000000620a00000|  0%| F|  |TAMS 0x0000000620800000, 0x0000000620800000| Untracked 
| 246|0x0000000620a00000, 0x0000000620a00000, 0x0000000620c00000|  0%| F|  |TAMS 0x0000000620a00000, 0x0000000620a00000| Untracked 
| 247|0x0000000620c00000, 0x0000000620c00000, 0x0000000620e00000|  0%| F|  |TAMS 0x0000000620c00000, 0x0000000620c00000| Untracked 
| 248|0x0000000620e00000, 0x0000000620e00000, 0x0000000621000000|  0%| F|  |TAMS 0x0000000620e00000, 0x0000000620e00000| Untracked 
| 249|0x0000000621000000, 0x0000000621000000, 0x0000000621200000|  0%| F|  |TAMS 0x0000000621000000, 0x0000000621000000| Untracked 
| 250|0x0000000621200000, 0x0000000621200000, 0x0000000621400000|  0%| F|  |TAMS 0x0000000621200000, 0x0000000621200000| Untracked 
| 251|0x0000000621400000, 0x0000000621400000, 0x0000000621600000|  0%| F|  |TAMS 0x0000000621400000, 0x0000000621400000| Untracked 
| 252|0x0000000621600000, 0x0000000621600000, 0x0000000621800000|  0%| F|  |TAMS 0x0000000621600000, 0x0000000621600000| Untracked 
| 253|0x0000000621800000, 0x0000000621800000, 0x0000000621a00000|  0%| F|  |TAMS 0x0000000621800000, 0x0000000621800000| Untracked 
| 254|0x0000000621a00000, 0x0000000621a00000, 0x0000000621c00000|  0%| F|  |TAMS 0x0000000621a00000, 0x0000000621a00000| Untracked 
| 255|0x0000000621c00000, 0x0000000621e00000, 0x0000000621e00000|100%| E|  |TAMS 0x0000000621c00000, 0x0000000621c00000| Complete 

Card table byte_map: [0x000001fde4420000,0x000001fde5420000] _byte_map_base: 0x000001fde1411000

Marking Bits (Prev, Next): (CMBitMap*) 0x000001fdcb5075e8, (CMBitMap*) 0x000001fdcb507620
 Prev Bits: [0x000001fde6420000, 0x000001fdee3a8000)
 Next Bits: [0x000001fdee3b0000, 0x000001fdf6338000)

Polling page: 0x000001fdc9410000

Metaspace:

Usage:
  Non-class:      4.09 MB capacity,     4.04 MB ( 99%) used,    50.77 KB (  1%) free+waste,   704 bytes ( <1%) overhead. 
      Class:    389.00 KB capacity,   367.34 KB ( 94%) used,    21.41 KB (  6%) free+waste,   256 bytes ( <1%) overhead. 
       Both:      4.47 MB capacity,     4.40 MB ( 98%) used,    72.18 KB (  2%) free+waste,   960 bytes ( <1%) overhead. 

Virtual space:
  Non-class space:        8.00 MB reserved,       4.25 MB ( 53%) committed 
      Class space:        1.00 GB reserved,     512.00 KB ( <1%) committed 
             Both:        1.01 GB reserved,       4.75 MB ( <1%) committed 

Chunk freelists:
   Non-Class:  34.00 KB
       Class:  1.00 KB
        Both:  35.00 KB

MaxMetaspaceSize: 17179869184.00 GB
CompressedClassSpaceSize: 1.00 GB
Initial GC threshold: 20.80 MB
Current GC threshold: 20.80 MB
CDS: off

CodeHeap 'non-profiled nmethods': size=119168Kb used=27Kb max_used=27Kb free=119140Kb
 bounds [0x000001fddb740000, 0x000001fddb9b0000, 0x000001fde2ba0000]
CodeHeap 'profiled nmethods': size=119168Kb used=131Kb max_used=131Kb free=119036Kb
 bounds [0x000001fdd42e0000, 0x000001fdd4550000, 0x000001fddb740000]
CodeHeap 'non-nmethods': size=7424Kb used=1136Kb max_used=1703Kb free=6288Kb
 bounds [0x000001fdd3ba0000, 0x000001fdd3e10000, 0x000001fdd42e0000]
 total_blobs=381 nmethods=106 adapters=196
 compilation: enabled
              stopped_count=0, restarted_count=0
 full_count=0

Compilation events (20 events):
Event: 0.189 Thread 0x000001fdf9faf800   90       3       java.util.AbstractMap::<init> (5 bytes)
Event: 0.189 Thread 0x000001fdf9faf800 nmethod 90 0x000001fdd42fe590 code [0x000001fdd42fe740, 0x000001fdd42fe898]
Event: 0.190 Thread 0x000001fdf9e4e000   91       3       java.lang.String::hashCode (49 bytes)
Event: 0.190 Thread 0x000001fdf9faf800   92       3       java.lang.CharacterDataLatin1::getProperties (11 bytes)
Event: 0.190 Thread 0x000001fdf9e4e000 nmethod 91 0x000001fdd42fe990 code [0x000001fdd42feb80, 0x000001fdd42fef88]
Event: 0.190 Thread 0x000001fdf9faf800 nmethod 92 0x000001fdd42ff110 code [0x000001fdd42ff2c0, 0x000001fdd42ff3f8]
Event: 0.190 Thread 0x000001fdf9e4e000   93       3       java.lang.AbstractStringBuilder::ensureCapacityInternal (39 bytes)
Event: 0.190 Thread 0x000001fdf9e4e000 nmethod 93 0x000001fdd42ff510 code [0x000001fdd42ff700, 0x000001fdd42ffbb8]
Event: 0.202 Thread 0x000001fdf9e49800   96       4       java.lang.String::coder (15 bytes)
Event: 0.202 Thread 0x000001fdf9e49800 nmethod 96 0x000001fddb745e90 code [0x000001fddb746020, 0x000001fddb746078]
Event: 0.202 Thread 0x000001fdf9faf800   99       3       java.lang.String::indexOf (7 bytes)
Event: 0.202 Thread 0x000001fdf9faf800 nmethod 99 0x000001fdd42ffd90 code [0x000001fdd42fff80, 0x000001fdd4300298]
Event: 0.203 Thread 0x000001fdf9e4e000  100       3       java.lang.AbstractStringBuilder::isLatin1 (19 bytes)
Event: 0.203 Thread 0x000001fdf9e4e000 nmethod 100 0x000001fdd4300390 code [0x000001fdd4300540, 0x000001fdd43006b8]
Event: 0.204 Thread 0x000001fdf9faf800  101       1       java.lang.Enum::ordinal (5 bytes)
Event: 0.204 Thread 0x000001fdf9faf800 nmethod 101 0x000001fddb746190 code [0x000001fddb746340, 0x000001fddb7463f8]
Event: 0.204 Thread 0x000001fdf9faf800  102       3       java.lang.String::<init> (15 bytes)
Event: 0.204 Thread 0x000001fdf9faf800 nmethod 102 0x000001fdd4300790 code [0x000001fdd4300940, 0x000001fdd4300af8]
Event: 0.205 Thread 0x000001fdf9e4e000  106       3       java.lang.System::getSecurityManager (4 bytes)
Event: 0.205 Thread 0x000001fdf9e4e000 nmethod 106 0x000001fdd4300b90 code [0x000001fdd4300d40, 0x000001fdd4300e38]

GC Heap History (0 events):
No events

Deoptimization events (4 events):
Event: 0.189 Thread 0x000001fdcb47e000 Uncommon trap: trap_request=0xffffff4d fr.pc=0x000001fddb744ab4 relative=0x0000000000000214
Event: 0.189 Thread 0x000001fdcb47e000 Uncommon trap: reason=unstable_if action=reinterpret pc=0x000001fddb744ab4 method=java.lang.String.hashCode()I @ 14 c2
Event: 0.189 Thread 0x000001fdcb47e000 DEOPT PACKING pc=0x000001fddb744ab4 sp=0x000000a619efda00
Event: 0.189 Thread 0x000001fdcb47e000 DEOPT UNPACKING pc=0x000001fdd3bea1af sp=0x000000a619efd9a8 mode 2

Classes redefined (0 events):
No events

Internal exceptions (0 events):
No events

Events (20 events):
Event: 32.015 Executing VM operation: GetFrameCount
Event: 32.016 Executing VM operation: GetFrameCount done
Event: 32.016 Executing VM operation: GetFrameLocation
Event: 32.016 Executing VM operation: GetFrameLocation done
Event: 32.016 Executing VM operation: GetOrSetLocal
Event: 32.016 Executing VM operation: GetOrSetLocal done
Event: 32.016 Executing VM operation: GetFrameCount
Event: 32.016 Executing VM operation: GetFrameCount done
Event: 32.016 Executing VM operation: SetFramePop
Event: 32.016 Executing VM operation: SetFramePop done
Event: 32.016 Executing VM operation: GetFrameLocation
Event: 32.016 Executing VM operation: GetFrameLocation done
Event: 32.016 Executing VM operation: GetCurrentLocation
Event: 32.016 Executing VM operation: GetCurrentLocation done
Event: 32.016 Executing VM operation: ChangeSingleStep
Event: 32.016 Executing VM operation: ChangeSingleStep done
Event: 32.016 Executing VM operation: ChangeSingleStep
Event: 32.016 Executing VM operation: ChangeSingleStep done
Event: 32.016 Executing VM operation: GetOrSetLocal
Event: 32.016 Executing VM operation: GetOrSetLocal done


Dynamic libraries:
0x00007ff79f160000 - 0x00007ff79f16d000 	C:\Program Files\Microsoft\jdk-11.0.12.7-hotspot\bin\java.exe
0x00007ff905730000 - 0x00007ff905927000 	C:\WINDOWS\SYSTEM32\ntdll.dll
0x00007ff903e30000 - 0x00007ff903eed000 	C:\WINDOWS\System32\KERNEL32.DLL
0x00007ff903070000 - 0x00007ff903366000 	C:\WINDOWS\System32\KERNELBASE.dll
0x00007ff902f10000 - 0x00007ff903010000 	C:\WINDOWS\System32\ucrtbase.dll
0x00007ff8fe430000 - 0x00007ff8fe447000 	C:\Program Files\Microsoft\jdk-11.0.12.7-hotspot\bin\jli.dll
0x00007ff8fe3f0000 - 0x00007ff8fe405000 	C:\Program Files\Microsoft\jdk-11.0.12.7-hotspot\bin\VCRUNTIME140.dll
0x00007ff904ca0000 - 0x00007ff904e3e000 	C:\WINDOWS\System32\USER32.dll
0x00007ff903010000 - 0x00007ff903032000 	C:\WINDOWS\System32\win32u.dll
0x00007ff8f1ae0000 - 0x00007ff8f1d7a000 	C:\WINDOWS\WinSxS\amd64_microsoft.windows.common-controls_6595b64144ccf1df_6.0.19041.3570_none_60bb2a3971f3e41a\COMCTL32.dll
0x00007ff9052b0000 - 0x00007ff9052dc000 	C:\WINDOWS\System32\GDI32.dll
0x00007ff903d80000 - 0x00007ff903e1e000 	C:\WINDOWS\System32\msvcrt.dll
0x00007ff903670000 - 0x00007ff90378a000 	C:\WINDOWS\System32\gdi32full.dll
0x00007ff903520000 - 0x00007ff9035bd000 	C:\WINDOWS\System32\msvcp_win.dll
0x00007ff9056c0000 - 0x00007ff9056f0000 	C:\WINDOWS\System32\IMM32.DLL
0x00007ff8d4b60000 - 0x00007ff8d4bfb000 	C:\Program Files\Microsoft\jdk-11.0.12.7-hotspot\bin\msvcp140.dll
0x00007ff81fca0000 - 0x00007ff820801000 	C:\Program Files\Microsoft\jdk-11.0.12.7-hotspot\bin\server\jvm.dll
0x00007ff9043b0000 - 0x00007ff90445e000 	C:\WINDOWS\System32\ADVAPI32.dll
0x00007ff9051a0000 - 0x00007ff90523c000 	C:\WINDOWS\System32\sechost.dll
0x00007ff904270000 - 0x00007ff904396000 	C:\WINDOWS\System32\RPCRT4.dll
0x00007ff9052a0000 - 0x00007ff9052a8000 	C:\WINDOWS\System32\PSAPI.DLL
0x00007ff8e2a90000 - 0x00007ff8e2a99000 	C:\WINDOWS\SYSTEM32\WSOCK32.dll
0x00007ff8f5b50000 - 0x00007ff8f5b77000 	C:\WINDOWS\SYSTEM32\WINMM.dll
0x00007ff8fb520000 - 0x00007ff8fb52a000 	C:\WINDOWS\SYSTEM32\VERSION.dll
0x00007ff904c30000 - 0x00007ff904c9b000 	C:\WINDOWS\System32\WS2_32.dll
0x00007ff901650000 - 0x00007ff901662000 	C:\WINDOWS\SYSTEM32\kernel.appcore.dll
0x00007ff8e7110000 - 0x00007ff8e7120000 	C:\Program Files\Microsoft\jdk-11.0.12.7-hotspot\bin\verify.dll
0x00007ff9012d0000 - 0x00007ff9014b4000 	C:\WINDOWS\SYSTEM32\DBGHELP.DLL
0x00007ff8e6430000 - 0x00007ff8e6464000 	C:\WINDOWS\SYSTEM32\dbgcore.DLL
0x00007ff902e80000 - 0x00007ff902f02000 	C:\WINDOWS\System32\bcryptPrimitives.dll
0x00007ff8d85f0000 - 0x00007ff8d8618000 	C:\Program Files\Microsoft\jdk-11.0.12.7-hotspot\bin\java.dll
0x00007ff8e7100000 - 0x00007ff8e710a000 	C:\Program Files\Microsoft\jdk-11.0.12.7-hotspot\bin\jimage.dll
0x00007ff8d50b0000 - 0x00007ff8d50e8000 	C:\Program Files\Microsoft\jdk-11.0.12.7-hotspot\bin\jdwp.dll
0x00007ff8d6400000 - 0x00007ff8d6417000 	C:\Program Files\Microsoft\jdk-11.0.12.7-hotspot\bin\zip.dll
0x00007ff904460000 - 0x00007ff904ba4000 	C:\WINDOWS\System32\SHELL32.dll
0x00007ff900a70000 - 0x00007ff90120b000 	C:\WINDOWS\SYSTEM32\windows.storage.dll
0x00007ff904e40000 - 0x00007ff905194000 	C:\WINDOWS\System32\combase.dll
0x00007ff902850000 - 0x00007ff90287d000 	C:\WINDOWS\SYSTEM32\Wldp.dll
0x00007ff903c00000 - 0x00007ff903cad000 	C:\WINDOWS\System32\SHCORE.dll
0x00007ff9052e0000 - 0x00007ff905335000 	C:\WINDOWS\System32\shlwapi.dll
0x00007ff902d40000 - 0x00007ff902d65000 	C:\WINDOWS\SYSTEM32\profapi.dll
0x00007ff8e70e0000 - 0x00007ff8e70ea000 	C:\Program Files\Microsoft\jdk-11.0.12.7-hotspot\bin\dt_socket.dll
0x00007ff9025b0000 - 0x00007ff90261a000 	C:\WINDOWS\System32\mswsock.dll
0x00007ff902290000 - 0x00007ff90235a000 	C:\WINDOWS\SYSTEM32\DNSAPI.dll
0x00007ff902250000 - 0x00007ff90228b000 	C:\WINDOWS\SYSTEM32\IPHLPAPI.DLL
0x00007ff9043a0000 - 0x00007ff9043a8000 	C:\WINDOWS\System32\NSI.dll
0x00007ff8f8ad0000 - 0x00007ff8f8b52000 	C:\WINDOWS\System32\fwpuclnt.dll
0x00007ff903040000 - 0x00007ff903067000 	C:\WINDOWS\System32\bcrypt.dll
0x00007ff8f9a90000 - 0x00007ff8f9a9a000 	C:\Windows\System32\rasadhlp.dll

dbghelp: loaded successfully - version: 4.0.5 - missing functions: none
symbol engine: initialized successfully - sym options: 0x614 - pdb path: .;C:\Program Files\Microsoft\jdk-11.0.12.7-hotspot\bin;C:\WINDOWS\SYSTEM32;C:\WINDOWS\WinSxS\amd64_microsoft.windows.common-controls_6595b64144ccf1df_6.0.19041.3570_none_60bb2a3971f3e41a;C:\Program Files\Microsoft\jdk-11.0.12.7-hotspot\bin\server

VM Arguments:
jvm_args: -agentlib:jdwp=transport=dt_socket,server=n,suspend=y,address=localhost:56909 
java_command: Main
java_class_path (initial): C:\Users\rokdo\Desktop\Uni_Code\AED_Projects\Project_2\bin
Launcher Type: SUN_STANDARD

[Global flags]
     intx CICompilerCount                          = 12                                        {product} {ergonomic}
     uint ConcGCThreads                            = 3                                         {product} {ergonomic}
     uint G1ConcRefinementThreads                  = 13                                        {product} {ergonomic}
   size_t G1HeapRegionSize                         = 2097152                                   {product} {ergonomic}
    uintx GCDrainStackTargetSize                   = 64                                        {product} {ergonomic}
   size_t InitialHeapSize                          = 536870912                                 {product} {ergonomic}
   size_t MarkStackSize                            = 4194304                                   {product} {ergonomic}
   size_t MaxHeapSize                              = 8558477312                                {product} {ergonomic}
   size_t MaxNewSize                               = 5133828096                                {product} {ergonomic}
   size_t MinHeapDeltaBytes                        = 2097152                                   {product} {ergonomic}
    uintx NonNMethodCodeHeapSize                   = 7594288                                {pd product} {ergonomic}
    uintx NonProfiledCodeHeapSize                  = 122031976                              {pd product} {ergonomic}
    uintx ProfiledCodeHeapSize                     = 122031976                              {pd product} {ergonomic}
    uintx ReservedCodeCacheSize                    = 251658240                              {pd product} {ergonomic}
     bool SegmentedCodeCache                       = true                                      {product} {ergonomic}
     bool UseCompressedClassPointers               = true                                 {lp64_product} {ergonomic}
     bool UseCompressedOops                        = true                                 {lp64_product} {ergonomic}
     bool UseG1GC                                  = true                                      {product} {ergonomic}
     bool UseLargePagesIndividualAllocation        = false                                  {pd product} {ergonomic}

Logging:
Log output configuration:
 #0: stdout all=warning uptime,level,tags
 #1: stderr all=off uptime,level,tags

Environment Variables:
PATH=C:\Program Files\Common Files\Oracle\Java\javapath;C:\Program Files\Microsoft\jdk-11.0.12.7-hotspot\bin;C:\Program Files\Oculus\Support\oculus-runtime;C:\Program Files (x86)\Common Files\Oracle\Java\javapath;C:\Windows\system32;C:\Windows;C:\Windows\System32\Wbem;C:\Windows\System32\WindowsPowerShell\v1.0\;C:\Windows\System32\OpenSSH\;C:\Program Files\NVIDIA Corporation\NVIDIA NvDLISR;C:\Program Files (x86)\NVIDIA Corporation\PhysX\Common;C:\Program Files\Microsoft SQL Server\130\Tools\Binn\;C:\Program Files\Microsoft SQL Server\Client SDK\ODBC\170\Tools\Binn\;C:\Program Files\dotnet\;C:\Program Files\Microsoft SQL Server\150\Tools\Binn\;C:\MinGW\Bin;C:\WINDOWS\system32;C:\WINDOWS;C:\WINDOWS\System32\Wbem;C:\WINDOWS\System32\WindowsPowerShell\v1.0\;C:\WINDOWS\System32\OpenSSH\;C:\Program Files\PuTTY\;C:\Program Files\Git\cmd;C:\Users\rokdo\AppData\Local\Programs\Python\Python311\Scripts\;C:\Users\rokdo\AppData\Local\Programs\Python\Python311\;C:\Program Files\MySQL\MySQL Shell 8.0\bin;C:\Users\rokdo\AppData\Local\Microsoft\WindowsApps;C:\Users\rokdo\.dotnet\tools;C:\Users\rokdo\AppData\Local\GitHubDesktop\bin;C:\Users\rokdo\AppData\Local\Programs\Microsoft VS Code\bin;C:\Program Files\MySQL\MySQL Server 8.0\bin;;C:\Program Files\JetBrains\PyCharm Community Edition 2023.2.1\bin;;C:\Program Files\JetBrains\IntelliJ IDEA Community Edition 2023.2.2\bin;
USERNAME=rokdo
LANG=en_US.UTF-8
OS=Windows_NT
PROCESSOR_IDENTIFIER=Intel64 Family 6 Model 158 Stepping 13, GenuineIntel



---------------  S Y S T E M  ---------------

OS: Windows 10 , 64 bit Build 19041 (10.0.19041.3570)
OS uptime: 0 days 15:35 hours

CPU:total 16 (initial active 16) (8 cores per cpu, 2 threads per core) family 6 model 158 stepping 13 microcode 0xd2, cmov, cx8, fxsr, mmx, sse, sse2, sse3, ssse3, sse4.1, sse4.2, popcnt, avx, avx2, aes, clmul, erms, 3dnowpref, lzcnt, ht, tsc, tscinvbit, bmi1, bmi2, adx, fma

Memory: 4k page, system-wide physical 32641M (16917M free)
TotalPageFile size 37505M (AvailPageFile size 7283M)
current process WorkingSet (physical memory assigned to process): 48M, peak: 48M
current process commit charge ("private bytes"): 615M, peak: 615M

vm_info: OpenJDK 64-Bit Server VM (11.0.12+7) for windows-amd64 JRE (11.0.12+7), built on Jul 21 2021 15:41:43 by "" with unknown MS VC++:1916

END.
