#
# A fatal error has been detected by the Java Runtime Environment:
#
#  EXCEPTION_ACCESS_VIOLATION (0xc0000005) at pc=0x00007ff82005079b, pid=27920, tid=14852
#
# JRE version: OpenJDK Runtime Environment Microsoft-25199 (11.0.12+7) (build 11.0.12+7)
# Java VM: OpenJDK 64-Bit Server VM Microsoft-25199 (11.0.12+7, mixed mode, tiered, compressed oops, g1 gc, windows-amd64)
# Problematic frame:
# V  [jvm.dll+0x3b079b]
#
# No core dump will be written. Minidumps are not enabled by default on client versions of Windows
#
# If you would like to submit a bug report, please visit:
#   https://github.com/microsoft/openjdk/issues
#

---------------  S U M M A R Y ------------

Command Line: -agentlib:jdwp=transport=dt_socket,server=n,suspend=y,address=localhost:56517 Main

Host: Intel(R) Core(TM) i9-9900K CPU @ 3.60GHz, 16 cores, 31G,  Windows 10 , 64 bit Build 19041 (10.0.19041.3570)
Time: Sat Oct 28 04:38:00 2023 GMT Summer Time elapsed time: 51.895445 seconds (0d 0h 0m 51s)

---------------  T H R E A D  ---------------

Current thread (0x000001427fea4800):  JavaThread "JDWP Event Helper Thread" daemon [_thread_in_vm, id=14852, stack(0x0000000642400000,0x0000000642500000)]

Stack: [0x0000000642400000,0x0000000642500000],  sp=0x00000006424ff440,  free space=1021k
Native frames: (J=compiled Java code, j=interpreted, Vv=VM code, C=native code)
V  [jvm.dll+0x3b079b]
C  [jdwp.dll+0x26242]


siginfo: EXCEPTION_ACCESS_VIOLATION (0xc0000005), reading address 0x0000000000000048


Register to memory mapping:

RIP=0x00007ff82005079b jvm.dll
RAX=64 is a compressed pointer to class: 0x0000014227560040
RBX=0x000001427fea4800 is a thread
RCX=0x000001427fc9f968 is a global jni handle
RDX=0x0000000000000050 is an unknown value
RSP=0x00000006424ff440 is pointing into the stack for thread: 0x000001427fea4800
RBP=0x000001427fc9f968 is a global jni handle
RSI=0x0000014227561808 is a pointer to class: 
java.lang.String {0x0000014227561810}
RDI=0x000001427fc9f900 is a global jni handle
R8 =0x000001427fc9f888 is a global jni handle
R9 =0x000001427fc9f968 is a global jni handle
R10=0x00000006424ff528 is pointing into the stack for thread: 0x000001427fea4800
R11=0x00000006424ff5c3 is pointing into the stack for thread: 0x000001427fea4800
R12=0x00007ff8d3d9c868 jdwp.dll
R13=0x00007ff8d3d9d230 jdwp.dll
R14=0x000001427fea4800 is a thread
R15=0x00007ff8d3d99348 jdwp.dll


Registers:
RAX=0x0000000000000040, RBX=0x000001427fea4800, RCX=0x000001427fc9f968, RDX=0x0000000000000050
RSP=0x00000006424ff440, RBP=0x000001427fc9f968, RSI=0x0000014227561808, RDI=0x000001427fc9f900
R8 =0x000001427fc9f888, R9 =0x000001427fc9f968, R10=0x00000006424ff528, R11=0x00000006424ff5c3
R12=0x00007ff8d3d9c868, R13=0x00007ff8d3d9d230, R14=0x000001427fea4800, R15=0x00007ff8d3d99348
RIP=0x00007ff82005079b, EFLAGS=0x0000000000010202

Top of Stack: (sp=0x00000006424ff440)
0x00000006424ff440:   000001427fea4800 0000000600000000
0x00000006424ff450:   0000014200000000 00007ff820061b25
0x00000006424ff460:   00007ff8d3d99330 00007ff8d3d96242
0x00000006424ff470:   000001427fea4b48 00007ff8d3d9ed80
0x00000006424ff480:   000001427fd4b34c 000001427fc9f968
0x00000006424ff490:   00007ff8d3d9d101 000001427fea4b48
0x00000006424ff4a0:   0000000000000001 00007ff8d3d8a3be
0x00000006424ff4b0:   000001427fc9f968 00000006424ff620
0x00000006424ff4c0:   00000006424ff550 0000000000000007
0x00000006424ff4d0:   00007ff8d3d9d101 000001427fea4b48
0x00000006424ff4e0:   0000000000000001 00007ff8d3d8a12f
0x00000006424ff4f0:   000001427fd4b2f8 00000006424ff620
0x00000006424ff500:   00007ff8d3d9d101 000001427fea4b48
0x00000006424ff510:   0000000000000001 00007ff8d3d867fb
0x00000006424ff520:   000001427fd4b2f8 000001427fd4b328
0x00000006424ff530:   000001427fc9f928 000001427fc9f968 

Instructions: (pc=0x00007ff82005079b)
0x00007ff82005069b:   18 48 8b cb 48 89 46 18 48 8b 47 20 44 8d 42 fe
0x00007ff8200506ab:   48 89 46 20 e8 2c 50 d5 ff 48 8b 5c 24 50 48 8b
0x00007ff8200506bb:   c5 48 8b 6c 24 58 48 8b 74 24 60 48 8b 7c 24 68
0x00007ff8200506cb:   48 83 c4 40 41 5e c3 cc cc cc cc cc cc cc cc cc
0x00007ff8200506db:   cc cc cc cc cc 48 89 5c 24 08 48 89 6c 24 10 48
0x00007ff8200506eb:   89 74 24 18 48 89 7c 24 20 41 56 48 83 ec 20 8b
0x00007ff8200506fb:   81 90 00 00 00 4c 8d b1 b8 fc ff ff 05 55 21 ff
0x00007ff82005070b:   ff 49 8b f0 48 8b ea 83 f8 01 76 0d 49 8b ce 40
0x00007ff82005071b:   b7 01 e8 2e ec 39 00 eb 03 40 32 ff 33 db ba 06
0x00007ff82005072b:   00 00 00 40 84 ff 49 0f 44 de 48 8b cb e8 13 c5
0x00007ff82005073b:   d8 ff 40 b7 01 48 85 ed 0f 84 92 00 00 00 40 32
0x00007ff82005074b:   ff 40 f6 c6 01 74 0c 48 8d 4e ff ff 15 dc 06 67
0x00007ff82005075b:   00 eb 09 48 8b ce ff 15 c9 06 67 00 48 8b c8 e8
0x00007ff82005076b:   e1 70 fc ff 48 8b f0 48 85 c0 74 64 40 f6 c5 01
0x00007ff82005077b:   74 0c 48 8d 4d ff ff 15 b1 06 67 00 eb 09 48 8b
0x00007ff82005078b:   cd ff 15 9e 06 67 00 80 3d c8 b4 6d 00 00 74 16
0x00007ff82005079b:   44 8b 40 08 8b 0d 33 ff 68 00 49 d3 e0 4c 03 05
0x00007ff8200507ab:   21 ff 68 00 eb 04 4c 8b 40 08 8b 4e 10 4a 39 34
0x00007ff8200507bb:   01 75 05 40 b7 01 eb 18 83 f9 20 74 05 40 32 ff
0x00007ff8200507cb:   eb 0e 48 8b d6 49 8b c8 e8 78 7e 12 00 0f b6 f8
0x00007ff8200507db:   ba 06 00 00 00 48 8b cb 44 8d 42 fe e8 f4 4e d5
0x00007ff8200507eb:   ff 48 8b 5c 24 30 40 0f b6 c7 48 8b 7c 24 48 48
0x00007ff8200507fb:   8b 6c 24 38 48 8b 74 24 40 48 83 c4 20 41 5e c3
0x00007ff82005080b:   cc cc cc cc cc 48 89 5c 24 08 48 89 6c 24 10 48
0x00007ff82005081b:   89 74 24 18 48 89 7c 24 20 41 54 41 56 41 57 48
0x00007ff82005082b:   83 ec 50 8b 81 90 00 00 00 48 8d b1 b8 fc ff ff
0x00007ff82005083b:   05 55 21 ff ff 4d 8b f1 4d 8b f8 4c 8b e2 48 8b
0x00007ff82005084b:   e9 83 f8 01 76 0d 48 8b ce 40 b7 01 e8 f4 ea 39
0x00007ff82005085b:   00 eb 03 40 32 ff 33 db ba 06 00 00 00 40 84 ff
0x00007ff82005086b:   48 0f 44 de 48 8b cb e8 d9 c3 d8 ff 48 83 7b 08
0x00007ff82005087b:   00 48 89 5c 24 30 48 c7 44 24 38 00 00 00 00 74
0x00007ff82005088b:   0a 48 8d 4c 24 30 e8 ba af 28 00 48 89 5c 24 28 


Stack slot to memory mapping:
stack at sp + 0 slots: 0x000001427fea4800 is a thread
stack at sp + 1 slots: 
[error occurred during error reporting (inspecting top of stack), id 0xc0000005, EXCEPTION_ACCESS_VIOLATION (0xc0000005) at pc=0x00007ff81ff82126]


---------------  P R O C E S S  ---------------

Threads class SMR info:
_java_thread_list=0x000001427feb9390, length=13, elements={
0x000001427906e000, 0x000001427fc89800, 0x000001427fc8b000, 0x000001427fce8000,
0x000001427fcea000, 0x000001427fceb000, 0x000001427fcee800, 0x000001427fcfb000,
0x000001427fd04000, 0x000001427fea3000, 0x000001427fea4800, 0x000001427fea7000,
0x000001427fec4800
}

Java Threads: ( => current thread )
  0x000001427906e000 JavaThread "main" [_thread_blocked, id=20656, stack(0x0000000641400000,0x0000000641500000)]
  0x000001427fc89800 JavaThread "Reference Handler" daemon [_thread_blocked, id=27940, stack(0x0000000641b00000,0x0000000641c00000)]
  0x000001427fc8b000 JavaThread "Finalizer" daemon [_thread_blocked, id=26240, stack(0x0000000641c00000,0x0000000641d00000)]
  0x000001427fce8000 JavaThread "Signal Dispatcher" daemon [_thread_blocked, id=14072, stack(0x0000000641d00000,0x0000000641e00000)]
  0x000001427fcea000 JavaThread "Attach Listener" daemon [_thread_blocked, id=4564, stack(0x0000000641e00000,0x0000000641f00000)]
  0x000001427fceb000 JavaThread "Service Thread" daemon [_thread_blocked, id=5912, stack(0x0000000641f00000,0x0000000642000000)]
  0x000001427fcee800 JavaThread "C2 CompilerThread0" daemon [_thread_blocked, id=22820, stack(0x0000000642000000,0x0000000642100000)]
  0x000001427fcfb000 JavaThread "C1 CompilerThread0" daemon [_thread_blocked, id=29420, stack(0x0000000642100000,0x0000000642200000)]
  0x000001427fd04000 JavaThread "Sweeper thread" daemon [_thread_blocked, id=1816, stack(0x0000000642200000,0x0000000642300000)]
  0x000001427fea3000 JavaThread "JDWP Transport Listener: dt_socket" daemon [_thread_blocked, id=22288, stack(0x0000000642300000,0x0000000642400000)]
=>0x000001427fea4800 JavaThread "JDWP Event Helper Thread" daemon [_thread_in_vm, id=14852, stack(0x0000000642400000,0x0000000642500000)]
  0x000001427fea7000 JavaThread "JDWP Command Reader" daemon [_thread_in_native, id=27972, stack(0x0000000642500000,0x0000000642600000)]
  0x000001427fec4800 JavaThread "Common-Cleaner" daemon [_thread_blocked, id=21260, stack(0x0000000642700000,0x0000000642800000)]

Other Threads:
  0x000001427fc65000 VMThread "VM Thread" [stack: 0x0000000641a00000,0x0000000641b00000] [id=11580]
  0x000001427feb4000 WatcherThread [stack: 0x0000000642600000,0x0000000642700000] [id=28460]
  0x0000014279085800 GCTaskThread "GC Thread#0" [stack: 0x0000000641500000,0x0000000641600000] [id=8284]
  0x0000014279109000 ConcurrentGCThread "G1 Main Marker" [stack: 0x0000000641600000,0x0000000641700000] [id=23388]
  0x000001427910a800 ConcurrentGCThread "G1 Conc#0" [stack: 0x0000000641700000,0x0000000641800000] [id=8136]
  0x000001427faca000 ConcurrentGCThread "G1 Refine#0" [stack: 0x0000000641800000,0x0000000641900000] [id=13560]
  0x000001427facb000 ConcurrentGCThread "G1 Young RemSet Sampling" [stack: 0x0000000641900000,0x0000000641a00000] [id=14760]

Threads with active compile tasks:

VM state:not at safepoint (normal execution)

VM Mutex/Monitor currently owned by a thread: None

Heap address: 0x000000042be00000, size: 8162 MB, Compressed Oops mode: Zero based, Oop shift amount: 3
Narrow klass base: 0x0000014227560000, Narrow klass shift: 0
Compressed class space size: 1073741824 Address: 0x0000014227560000

Heap:
 garbage-first heap   total 524288K, used 0K [0x000000042be00000, 0x000000062a000000)
  region size 2048K, 1 young (2048K), 0 survivors (0K)
 Metaspace       used 4509K, capacity 4583K, committed 4864K, reserved 1056768K
  class space    used 367K, capacity 389K, committed 512K, reserved 1048576K
Heap Regions: E=young(eden), S=young(survivor), O=old, HS=humongous(starts), HC=humongous(continues), CS=collection set, F=free, A=archive, TAMS=top-at-mark-start (previous, next)
|   0|0x000000042be00000, 0x000000042be00000, 0x000000042c000000|  0%| F|  |TAMS 0x000000042be00000, 0x000000042be00000| Untracked 
|   1|0x000000042c000000, 0x000000042c000000, 0x000000042c200000|  0%| F|  |TAMS 0x000000042c000000, 0x000000042c000000| Untracked 
|   2|0x000000042c200000, 0x000000042c200000, 0x000000042c400000|  0%| F|  |TAMS 0x000000042c200000, 0x000000042c200000| Untracked 
|   3|0x000000042c400000, 0x000000042c400000, 0x000000042c600000|  0%| F|  |TAMS 0x000000042c400000, 0x000000042c400000| Untracked 
|   4|0x000000042c600000, 0x000000042c600000, 0x000000042c800000|  0%| F|  |TAMS 0x000000042c600000, 0x000000042c600000| Untracked 
|   5|0x000000042c800000, 0x000000042c800000, 0x000000042ca00000|  0%| F|  |TAMS 0x000000042c800000, 0x000000042c800000| Untracked 
|   6|0x000000042ca00000, 0x000000042ca00000, 0x000000042cc00000|  0%| F|  |TAMS 0x000000042ca00000, 0x000000042ca00000| Untracked 
|   7|0x000000042cc00000, 0x000000042cc00000, 0x000000042ce00000|  0%| F|  |TAMS 0x000000042cc00000, 0x000000042cc00000| Untracked 
|   8|0x000000042ce00000, 0x000000042ce00000, 0x000000042d000000|  0%| F|  |TAMS 0x000000042ce00000, 0x000000042ce00000| Untracked 
|   9|0x000000042d000000, 0x000000042d000000, 0x000000042d200000|  0%| F|  |TAMS 0x000000042d000000, 0x000000042d000000| Untracked 
|  10|0x000000042d200000, 0x000000042d200000, 0x000000042d400000|  0%| F|  |TAMS 0x000000042d200000, 0x000000042d200000| Untracked 
|  11|0x000000042d400000, 0x000000042d400000, 0x000000042d600000|  0%| F|  |TAMS 0x000000042d400000, 0x000000042d400000| Untracked 
|  12|0x000000042d600000, 0x000000042d600000, 0x000000042d800000|  0%| F|  |TAMS 0x000000042d600000, 0x000000042d600000| Untracked 
|  13|0x000000042d800000, 0x000000042d800000, 0x000000042da00000|  0%| F|  |TAMS 0x000000042d800000, 0x000000042d800000| Untracked 
|  14|0x000000042da00000, 0x000000042da00000, 0x000000042dc00000|  0%| F|  |TAMS 0x000000042da00000, 0x000000042da00000| Untracked 
|  15|0x000000042dc00000, 0x000000042dc00000, 0x000000042de00000|  0%| F|  |TAMS 0x000000042dc00000, 0x000000042dc00000| Untracked 
|  16|0x000000042de00000, 0x000000042de00000, 0x000000042e000000|  0%| F|  |TAMS 0x000000042de00000, 0x000000042de00000| Untracked 
|  17|0x000000042e000000, 0x000000042e000000, 0x000000042e200000|  0%| F|  |TAMS 0x000000042e000000, 0x000000042e000000| Untracked 
|  18|0x000000042e200000, 0x000000042e200000, 0x000000042e400000|  0%| F|  |TAMS 0x000000042e200000, 0x000000042e200000| Untracked 
|  19|0x000000042e400000, 0x000000042e400000, 0x000000042e600000|  0%| F|  |TAMS 0x000000042e400000, 0x000000042e400000| Untracked 
|  20|0x000000042e600000, 0x000000042e600000, 0x000000042e800000|  0%| F|  |TAMS 0x000000042e600000, 0x000000042e600000| Untracked 
|  21|0x000000042e800000, 0x000000042e800000, 0x000000042ea00000|  0%| F|  |TAMS 0x000000042e800000, 0x000000042e800000| Untracked 
|  22|0x000000042ea00000, 0x000000042ea00000, 0x000000042ec00000|  0%| F|  |TAMS 0x000000042ea00000, 0x000000042ea00000| Untracked 
|  23|0x000000042ec00000, 0x000000042ec00000, 0x000000042ee00000|  0%| F|  |TAMS 0x000000042ec00000, 0x000000042ec00000| Untracked 
|  24|0x000000042ee00000, 0x000000042ee00000, 0x000000042f000000|  0%| F|  |TAMS 0x000000042ee00000, 0x000000042ee00000| Untracked 
|  25|0x000000042f000000, 0x000000042f000000, 0x000000042f200000|  0%| F|  |TAMS 0x000000042f000000, 0x000000042f000000| Untracked 
|  26|0x000000042f200000, 0x000000042f200000, 0x000000042f400000|  0%| F|  |TAMS 0x000000042f200000, 0x000000042f200000| Untracked 
|  27|0x000000042f400000, 0x000000042f400000, 0x000000042f600000|  0%| F|  |TAMS 0x000000042f400000, 0x000000042f400000| Untracked 
|  28|0x000000042f600000, 0x000000042f600000, 0x000000042f800000|  0%| F|  |TAMS 0x000000042f600000, 0x000000042f600000| Untracked 
|  29|0x000000042f800000, 0x000000042f800000, 0x000000042fa00000|  0%| F|  |TAMS 0x000000042f800000, 0x000000042f800000| Untracked 
|  30|0x000000042fa00000, 0x000000042fa00000, 0x000000042fc00000|  0%| F|  |TAMS 0x000000042fa00000, 0x000000042fa00000| Untracked 
|  31|0x000000042fc00000, 0x000000042fc00000, 0x000000042fe00000|  0%| F|  |TAMS 0x000000042fc00000, 0x000000042fc00000| Untracked 
|  32|0x000000042fe00000, 0x000000042fe00000, 0x0000000430000000|  0%| F|  |TAMS 0x000000042fe00000, 0x000000042fe00000| Untracked 
|  33|0x0000000430000000, 0x0000000430000000, 0x0000000430200000|  0%| F|  |TAMS 0x0000000430000000, 0x0000000430000000| Untracked 
|  34|0x0000000430200000, 0x0000000430200000, 0x0000000430400000|  0%| F|  |TAMS 0x0000000430200000, 0x0000000430200000| Untracked 
|  35|0x0000000430400000, 0x0000000430400000, 0x0000000430600000|  0%| F|  |TAMS 0x0000000430400000, 0x0000000430400000| Untracked 
|  36|0x0000000430600000, 0x0000000430600000, 0x0000000430800000|  0%| F|  |TAMS 0x0000000430600000, 0x0000000430600000| Untracked 
|  37|0x0000000430800000, 0x0000000430800000, 0x0000000430a00000|  0%| F|  |TAMS 0x0000000430800000, 0x0000000430800000| Untracked 
|  38|0x0000000430a00000, 0x0000000430a00000, 0x0000000430c00000|  0%| F|  |TAMS 0x0000000430a00000, 0x0000000430a00000| Untracked 
|  39|0x0000000430c00000, 0x0000000430c00000, 0x0000000430e00000|  0%| F|  |TAMS 0x0000000430c00000, 0x0000000430c00000| Untracked 
|  40|0x0000000430e00000, 0x0000000430e00000, 0x0000000431000000|  0%| F|  |TAMS 0x0000000430e00000, 0x0000000430e00000| Untracked 
|  41|0x0000000431000000, 0x0000000431000000, 0x0000000431200000|  0%| F|  |TAMS 0x0000000431000000, 0x0000000431000000| Untracked 
|  42|0x0000000431200000, 0x0000000431200000, 0x0000000431400000|  0%| F|  |TAMS 0x0000000431200000, 0x0000000431200000| Untracked 
|  43|0x0000000431400000, 0x0000000431400000, 0x0000000431600000|  0%| F|  |TAMS 0x0000000431400000, 0x0000000431400000| Untracked 
|  44|0x0000000431600000, 0x0000000431600000, 0x0000000431800000|  0%| F|  |TAMS 0x0000000431600000, 0x0000000431600000| Untracked 
|  45|0x0000000431800000, 0x0000000431800000, 0x0000000431a00000|  0%| F|  |TAMS 0x0000000431800000, 0x0000000431800000| Untracked 
|  46|0x0000000431a00000, 0x0000000431a00000, 0x0000000431c00000|  0%| F|  |TAMS 0x0000000431a00000, 0x0000000431a00000| Untracked 
|  47|0x0000000431c00000, 0x0000000431c00000, 0x0000000431e00000|  0%| F|  |TAMS 0x0000000431c00000, 0x0000000431c00000| Untracked 
|  48|0x0000000431e00000, 0x0000000431e00000, 0x0000000432000000|  0%| F|  |TAMS 0x0000000431e00000, 0x0000000431e00000| Untracked 
|  49|0x0000000432000000, 0x0000000432000000, 0x0000000432200000|  0%| F|  |TAMS 0x0000000432000000, 0x0000000432000000| Untracked 
|  50|0x0000000432200000, 0x0000000432200000, 0x0000000432400000|  0%| F|  |TAMS 0x0000000432200000, 0x0000000432200000| Untracked 
|  51|0x0000000432400000, 0x0000000432400000, 0x0000000432600000|  0%| F|  |TAMS 0x0000000432400000, 0x0000000432400000| Untracked 
|  52|0x0000000432600000, 0x0000000432600000, 0x0000000432800000|  0%| F|  |TAMS 0x0000000432600000, 0x0000000432600000| Untracked 
|  53|0x0000000432800000, 0x0000000432800000, 0x0000000432a00000|  0%| F|  |TAMS 0x0000000432800000, 0x0000000432800000| Untracked 
|  54|0x0000000432a00000, 0x0000000432a00000, 0x0000000432c00000|  0%| F|  |TAMS 0x0000000432a00000, 0x0000000432a00000| Untracked 
|  55|0x0000000432c00000, 0x0000000432c00000, 0x0000000432e00000|  0%| F|  |TAMS 0x0000000432c00000, 0x0000000432c00000| Untracked 
|  56|0x0000000432e00000, 0x0000000432e00000, 0x0000000433000000|  0%| F|  |TAMS 0x0000000432e00000, 0x0000000432e00000| Untracked 
|  57|0x0000000433000000, 0x0000000433000000, 0x0000000433200000|  0%| F|  |TAMS 0x0000000433000000, 0x0000000433000000| Untracked 
|  58|0x0000000433200000, 0x0000000433200000, 0x0000000433400000|  0%| F|  |TAMS 0x0000000433200000, 0x0000000433200000| Untracked 
|  59|0x0000000433400000, 0x0000000433400000, 0x0000000433600000|  0%| F|  |TAMS 0x0000000433400000, 0x0000000433400000| Untracked 
|  60|0x0000000433600000, 0x0000000433600000, 0x0000000433800000|  0%| F|  |TAMS 0x0000000433600000, 0x0000000433600000| Untracked 
|  61|0x0000000433800000, 0x0000000433800000, 0x0000000433a00000|  0%| F|  |TAMS 0x0000000433800000, 0x0000000433800000| Untracked 
|  62|0x0000000433a00000, 0x0000000433a00000, 0x0000000433c00000|  0%| F|  |TAMS 0x0000000433a00000, 0x0000000433a00000| Untracked 
|  63|0x0000000433c00000, 0x0000000433c00000, 0x0000000433e00000|  0%| F|  |TAMS 0x0000000433c00000, 0x0000000433c00000| Untracked 
|  64|0x0000000433e00000, 0x0000000433e00000, 0x0000000434000000|  0%| F|  |TAMS 0x0000000433e00000, 0x0000000433e00000| Untracked 
|  65|0x0000000434000000, 0x0000000434000000, 0x0000000434200000|  0%| F|  |TAMS 0x0000000434000000, 0x0000000434000000| Untracked 
|  66|0x0000000434200000, 0x0000000434200000, 0x0000000434400000|  0%| F|  |TAMS 0x0000000434200000, 0x0000000434200000| Untracked 
|  67|0x0000000434400000, 0x0000000434400000, 0x0000000434600000|  0%| F|  |TAMS 0x0000000434400000, 0x0000000434400000| Untracked 
|  68|0x0000000434600000, 0x0000000434600000, 0x0000000434800000|  0%| F|  |TAMS 0x0000000434600000, 0x0000000434600000| Untracked 
|  69|0x0000000434800000, 0x0000000434800000, 0x0000000434a00000|  0%| F|  |TAMS 0x0000000434800000, 0x0000000434800000| Untracked 
|  70|0x0000000434a00000, 0x0000000434a00000, 0x0000000434c00000|  0%| F|  |TAMS 0x0000000434a00000, 0x0000000434a00000| Untracked 
|  71|0x0000000434c00000, 0x0000000434c00000, 0x0000000434e00000|  0%| F|  |TAMS 0x0000000434c00000, 0x0000000434c00000| Untracked 
|  72|0x0000000434e00000, 0x0000000434e00000, 0x0000000435000000|  0%| F|  |TAMS 0x0000000434e00000, 0x0000000434e00000| Untracked 
|  73|0x0000000435000000, 0x0000000435000000, 0x0000000435200000|  0%| F|  |TAMS 0x0000000435000000, 0x0000000435000000| Untracked 
|  74|0x0000000435200000, 0x0000000435200000, 0x0000000435400000|  0%| F|  |TAMS 0x0000000435200000, 0x0000000435200000| Untracked 
|  75|0x0000000435400000, 0x0000000435400000, 0x0000000435600000|  0%| F|  |TAMS 0x0000000435400000, 0x0000000435400000| Untracked 
|  76|0x0000000435600000, 0x0000000435600000, 0x0000000435800000|  0%| F|  |TAMS 0x0000000435600000, 0x0000000435600000| Untracked 
|  77|0x0000000435800000, 0x0000000435800000, 0x0000000435a00000|  0%| F|  |TAMS 0x0000000435800000, 0x0000000435800000| Untracked 
|  78|0x0000000435a00000, 0x0000000435a00000, 0x0000000435c00000|  0%| F|  |TAMS 0x0000000435a00000, 0x0000000435a00000| Untracked 
|  79|0x0000000435c00000, 0x0000000435c00000, 0x0000000435e00000|  0%| F|  |TAMS 0x0000000435c00000, 0x0000000435c00000| Untracked 
|  80|0x0000000435e00000, 0x0000000435e00000, 0x0000000436000000|  0%| F|  |TAMS 0x0000000435e00000, 0x0000000435e00000| Untracked 
|  81|0x0000000436000000, 0x0000000436000000, 0x0000000436200000|  0%| F|  |TAMS 0x0000000436000000, 0x0000000436000000| Untracked 
|  82|0x0000000436200000, 0x0000000436200000, 0x0000000436400000|  0%| F|  |TAMS 0x0000000436200000, 0x0000000436200000| Untracked 
|  83|0x0000000436400000, 0x0000000436400000, 0x0000000436600000|  0%| F|  |TAMS 0x0000000436400000, 0x0000000436400000| Untracked 
|  84|0x0000000436600000, 0x0000000436600000, 0x0000000436800000|  0%| F|  |TAMS 0x0000000436600000, 0x0000000436600000| Untracked 
|  85|0x0000000436800000, 0x0000000436800000, 0x0000000436a00000|  0%| F|  |TAMS 0x0000000436800000, 0x0000000436800000| Untracked 
|  86|0x0000000436a00000, 0x0000000436a00000, 0x0000000436c00000|  0%| F|  |TAMS 0x0000000436a00000, 0x0000000436a00000| Untracked 
|  87|0x0000000436c00000, 0x0000000436c00000, 0x0000000436e00000|  0%| F|  |TAMS 0x0000000436c00000, 0x0000000436c00000| Untracked 
|  88|0x0000000436e00000, 0x0000000436e00000, 0x0000000437000000|  0%| F|  |TAMS 0x0000000436e00000, 0x0000000436e00000| Untracked 
|  89|0x0000000437000000, 0x0000000437000000, 0x0000000437200000|  0%| F|  |TAMS 0x0000000437000000, 0x0000000437000000| Untracked 
|  90|0x0000000437200000, 0x0000000437200000, 0x0000000437400000|  0%| F|  |TAMS 0x0000000437200000, 0x0000000437200000| Untracked 
|  91|0x0000000437400000, 0x0000000437400000, 0x0000000437600000|  0%| F|  |TAMS 0x0000000437400000, 0x0000000437400000| Untracked 
|  92|0x0000000437600000, 0x0000000437600000, 0x0000000437800000|  0%| F|  |TAMS 0x0000000437600000, 0x0000000437600000| Untracked 
|  93|0x0000000437800000, 0x0000000437800000, 0x0000000437a00000|  0%| F|  |TAMS 0x0000000437800000, 0x0000000437800000| Untracked 
|  94|0x0000000437a00000, 0x0000000437a00000, 0x0000000437c00000|  0%| F|  |TAMS 0x0000000437a00000, 0x0000000437a00000| Untracked 
|  95|0x0000000437c00000, 0x0000000437c00000, 0x0000000437e00000|  0%| F|  |TAMS 0x0000000437c00000, 0x0000000437c00000| Untracked 
|  96|0x0000000437e00000, 0x0000000437e00000, 0x0000000438000000|  0%| F|  |TAMS 0x0000000437e00000, 0x0000000437e00000| Untracked 
|  97|0x0000000438000000, 0x0000000438000000, 0x0000000438200000|  0%| F|  |TAMS 0x0000000438000000, 0x0000000438000000| Untracked 
|  98|0x0000000438200000, 0x0000000438200000, 0x0000000438400000|  0%| F|  |TAMS 0x0000000438200000, 0x0000000438200000| Untracked 
|  99|0x0000000438400000, 0x0000000438400000, 0x0000000438600000|  0%| F|  |TAMS 0x0000000438400000, 0x0000000438400000| Untracked 
| 100|0x0000000438600000, 0x0000000438600000, 0x0000000438800000|  0%| F|  |TAMS 0x0000000438600000, 0x0000000438600000| Untracked 
| 101|0x0000000438800000, 0x0000000438800000, 0x0000000438a00000|  0%| F|  |TAMS 0x0000000438800000, 0x0000000438800000| Untracked 
| 102|0x0000000438a00000, 0x0000000438a00000, 0x0000000438c00000|  0%| F|  |TAMS 0x0000000438a00000, 0x0000000438a00000| Untracked 
| 103|0x0000000438c00000, 0x0000000438c00000, 0x0000000438e00000|  0%| F|  |TAMS 0x0000000438c00000, 0x0000000438c00000| Untracked 
| 104|0x0000000438e00000, 0x0000000438e00000, 0x0000000439000000|  0%| F|  |TAMS 0x0000000438e00000, 0x0000000438e00000| Untracked 
| 105|0x0000000439000000, 0x0000000439000000, 0x0000000439200000|  0%| F|  |TAMS 0x0000000439000000, 0x0000000439000000| Untracked 
| 106|0x0000000439200000, 0x0000000439200000, 0x0000000439400000|  0%| F|  |TAMS 0x0000000439200000, 0x0000000439200000| Untracked 
| 107|0x0000000439400000, 0x0000000439400000, 0x0000000439600000|  0%| F|  |TAMS 0x0000000439400000, 0x0000000439400000| Untracked 
| 108|0x0000000439600000, 0x0000000439600000, 0x0000000439800000|  0%| F|  |TAMS 0x0000000439600000, 0x0000000439600000| Untracked 
| 109|0x0000000439800000, 0x0000000439800000, 0x0000000439a00000|  0%| F|  |TAMS 0x0000000439800000, 0x0000000439800000| Untracked 
| 110|0x0000000439a00000, 0x0000000439a00000, 0x0000000439c00000|  0%| F|  |TAMS 0x0000000439a00000, 0x0000000439a00000| Untracked 
| 111|0x0000000439c00000, 0x0000000439c00000, 0x0000000439e00000|  0%| F|  |TAMS 0x0000000439c00000, 0x0000000439c00000| Untracked 
| 112|0x0000000439e00000, 0x0000000439e00000, 0x000000043a000000|  0%| F|  |TAMS 0x0000000439e00000, 0x0000000439e00000| Untracked 
| 113|0x000000043a000000, 0x000000043a000000, 0x000000043a200000|  0%| F|  |TAMS 0x000000043a000000, 0x000000043a000000| Untracked 
| 114|0x000000043a200000, 0x000000043a200000, 0x000000043a400000|  0%| F|  |TAMS 0x000000043a200000, 0x000000043a200000| Untracked 
| 115|0x000000043a400000, 0x000000043a400000, 0x000000043a600000|  0%| F|  |TAMS 0x000000043a400000, 0x000000043a400000| Untracked 
| 116|0x000000043a600000, 0x000000043a600000, 0x000000043a800000|  0%| F|  |TAMS 0x000000043a600000, 0x000000043a600000| Untracked 
| 117|0x000000043a800000, 0x000000043a800000, 0x000000043aa00000|  0%| F|  |TAMS 0x000000043a800000, 0x000000043a800000| Untracked 
| 118|0x000000043aa00000, 0x000000043aa00000, 0x000000043ac00000|  0%| F|  |TAMS 0x000000043aa00000, 0x000000043aa00000| Untracked 
| 119|0x000000043ac00000, 0x000000043ac00000, 0x000000043ae00000|  0%| F|  |TAMS 0x000000043ac00000, 0x000000043ac00000| Untracked 
| 120|0x000000043ae00000, 0x000000043ae00000, 0x000000043b000000|  0%| F|  |TAMS 0x000000043ae00000, 0x000000043ae00000| Untracked 
| 121|0x000000043b000000, 0x000000043b000000, 0x000000043b200000|  0%| F|  |TAMS 0x000000043b000000, 0x000000043b000000| Untracked 
| 122|0x000000043b200000, 0x000000043b200000, 0x000000043b400000|  0%| F|  |TAMS 0x000000043b200000, 0x000000043b200000| Untracked 
| 123|0x000000043b400000, 0x000000043b400000, 0x000000043b600000|  0%| F|  |TAMS 0x000000043b400000, 0x000000043b400000| Untracked 
| 124|0x000000043b600000, 0x000000043b600000, 0x000000043b800000|  0%| F|  |TAMS 0x000000043b600000, 0x000000043b600000| Untracked 
| 125|0x000000043b800000, 0x000000043b800000, 0x000000043ba00000|  0%| F|  |TAMS 0x000000043b800000, 0x000000043b800000| Untracked 
| 126|0x000000043ba00000, 0x000000043ba00000, 0x000000043bc00000|  0%| F|  |TAMS 0x000000043ba00000, 0x000000043ba00000| Untracked 
| 127|0x000000043bc00000, 0x000000043bc00000, 0x000000043be00000|  0%| F|  |TAMS 0x000000043bc00000, 0x000000043bc00000| Untracked 
| 128|0x000000043be00000, 0x000000043be00000, 0x000000043c000000|  0%| F|  |TAMS 0x000000043be00000, 0x000000043be00000| Untracked 
| 129|0x000000043c000000, 0x000000043c000000, 0x000000043c200000|  0%| F|  |TAMS 0x000000043c000000, 0x000000043c000000| Untracked 
| 130|0x000000043c200000, 0x000000043c200000, 0x000000043c400000|  0%| F|  |TAMS 0x000000043c200000, 0x000000043c200000| Untracked 
| 131|0x000000043c400000, 0x000000043c400000, 0x000000043c600000|  0%| F|  |TAMS 0x000000043c400000, 0x000000043c400000| Untracked 
| 132|0x000000043c600000, 0x000000043c600000, 0x000000043c800000|  0%| F|  |TAMS 0x000000043c600000, 0x000000043c600000| Untracked 
| 133|0x000000043c800000, 0x000000043c800000, 0x000000043ca00000|  0%| F|  |TAMS 0x000000043c800000, 0x000000043c800000| Untracked 
| 134|0x000000043ca00000, 0x000000043ca00000, 0x000000043cc00000|  0%| F|  |TAMS 0x000000043ca00000, 0x000000043ca00000| Untracked 
| 135|0x000000043cc00000, 0x000000043cc00000, 0x000000043ce00000|  0%| F|  |TAMS 0x000000043cc00000, 0x000000043cc00000| Untracked 
| 136|0x000000043ce00000, 0x000000043ce00000, 0x000000043d000000|  0%| F|  |TAMS 0x000000043ce00000, 0x000000043ce00000| Untracked 
| 137|0x000000043d000000, 0x000000043d000000, 0x000000043d200000|  0%| F|  |TAMS 0x000000043d000000, 0x000000043d000000| Untracked 
| 138|0x000000043d200000, 0x000000043d200000, 0x000000043d400000|  0%| F|  |TAMS 0x000000043d200000, 0x000000043d200000| Untracked 
| 139|0x000000043d400000, 0x000000043d400000, 0x000000043d600000|  0%| F|  |TAMS 0x000000043d400000, 0x000000043d400000| Untracked 
| 140|0x000000043d600000, 0x000000043d600000, 0x000000043d800000|  0%| F|  |TAMS 0x000000043d600000, 0x000000043d600000| Untracked 
| 141|0x000000043d800000, 0x000000043d800000, 0x000000043da00000|  0%| F|  |TAMS 0x000000043d800000, 0x000000043d800000| Untracked 
| 142|0x000000043da00000, 0x000000043da00000, 0x000000043dc00000|  0%| F|  |TAMS 0x000000043da00000, 0x000000043da00000| Untracked 
| 143|0x000000043dc00000, 0x000000043dc00000, 0x000000043de00000|  0%| F|  |TAMS 0x000000043dc00000, 0x000000043dc00000| Untracked 
| 144|0x000000043de00000, 0x000000043de00000, 0x000000043e000000|  0%| F|  |TAMS 0x000000043de00000, 0x000000043de00000| Untracked 
| 145|0x000000043e000000, 0x000000043e000000, 0x000000043e200000|  0%| F|  |TAMS 0x000000043e000000, 0x000000043e000000| Untracked 
| 146|0x000000043e200000, 0x000000043e200000, 0x000000043e400000|  0%| F|  |TAMS 0x000000043e200000, 0x000000043e200000| Untracked 
| 147|0x000000043e400000, 0x000000043e400000, 0x000000043e600000|  0%| F|  |TAMS 0x000000043e400000, 0x000000043e400000| Untracked 
| 148|0x000000043e600000, 0x000000043e600000, 0x000000043e800000|  0%| F|  |TAMS 0x000000043e600000, 0x000000043e600000| Untracked 
| 149|0x000000043e800000, 0x000000043e800000, 0x000000043ea00000|  0%| F|  |TAMS 0x000000043e800000, 0x000000043e800000| Untracked 
| 150|0x000000043ea00000, 0x000000043ea00000, 0x000000043ec00000|  0%| F|  |TAMS 0x000000043ea00000, 0x000000043ea00000| Untracked 
| 151|0x000000043ec00000, 0x000000043ec00000, 0x000000043ee00000|  0%| F|  |TAMS 0x000000043ec00000, 0x000000043ec00000| Untracked 
| 152|0x000000043ee00000, 0x000000043ee00000, 0x000000043f000000|  0%| F|  |TAMS 0x000000043ee00000, 0x000000043ee00000| Untracked 
| 153|0x000000043f000000, 0x000000043f000000, 0x000000043f200000|  0%| F|  |TAMS 0x000000043f000000, 0x000000043f000000| Untracked 
| 154|0x000000043f200000, 0x000000043f200000, 0x000000043f400000|  0%| F|  |TAMS 0x000000043f200000, 0x000000043f200000| Untracked 
| 155|0x000000043f400000, 0x000000043f400000, 0x000000043f600000|  0%| F|  |TAMS 0x000000043f400000, 0x000000043f400000| Untracked 
| 156|0x000000043f600000, 0x000000043f600000, 0x000000043f800000|  0%| F|  |TAMS 0x000000043f600000, 0x000000043f600000| Untracked 
| 157|0x000000043f800000, 0x000000043f800000, 0x000000043fa00000|  0%| F|  |TAMS 0x000000043f800000, 0x000000043f800000| Untracked 
| 158|0x000000043fa00000, 0x000000043fa00000, 0x000000043fc00000|  0%| F|  |TAMS 0x000000043fa00000, 0x000000043fa00000| Untracked 
| 159|0x000000043fc00000, 0x000000043fc00000, 0x000000043fe00000|  0%| F|  |TAMS 0x000000043fc00000, 0x000000043fc00000| Untracked 
| 160|0x000000043fe00000, 0x000000043fe00000, 0x0000000440000000|  0%| F|  |TAMS 0x000000043fe00000, 0x000000043fe00000| Untracked 
| 161|0x0000000440000000, 0x0000000440000000, 0x0000000440200000|  0%| F|  |TAMS 0x0000000440000000, 0x0000000440000000| Untracked 
| 162|0x0000000440200000, 0x0000000440200000, 0x0000000440400000|  0%| F|  |TAMS 0x0000000440200000, 0x0000000440200000| Untracked 
| 163|0x0000000440400000, 0x0000000440400000, 0x0000000440600000|  0%| F|  |TAMS 0x0000000440400000, 0x0000000440400000| Untracked 
| 164|0x0000000440600000, 0x0000000440600000, 0x0000000440800000|  0%| F|  |TAMS 0x0000000440600000, 0x0000000440600000| Untracked 
| 165|0x0000000440800000, 0x0000000440800000, 0x0000000440a00000|  0%| F|  |TAMS 0x0000000440800000, 0x0000000440800000| Untracked 
| 166|0x0000000440a00000, 0x0000000440a00000, 0x0000000440c00000|  0%| F|  |TAMS 0x0000000440a00000, 0x0000000440a00000| Untracked 
| 167|0x0000000440c00000, 0x0000000440c00000, 0x0000000440e00000|  0%| F|  |TAMS 0x0000000440c00000, 0x0000000440c00000| Untracked 
| 168|0x0000000440e00000, 0x0000000440e00000, 0x0000000441000000|  0%| F|  |TAMS 0x0000000440e00000, 0x0000000440e00000| Untracked 
| 169|0x0000000441000000, 0x0000000441000000, 0x0000000441200000|  0%| F|  |TAMS 0x0000000441000000, 0x0000000441000000| Untracked 
| 170|0x0000000441200000, 0x0000000441200000, 0x0000000441400000|  0%| F|  |TAMS 0x0000000441200000, 0x0000000441200000| Untracked 
| 171|0x0000000441400000, 0x0000000441400000, 0x0000000441600000|  0%| F|  |TAMS 0x0000000441400000, 0x0000000441400000| Untracked 
| 172|0x0000000441600000, 0x0000000441600000, 0x0000000441800000|  0%| F|  |TAMS 0x0000000441600000, 0x0000000441600000| Untracked 
| 173|0x0000000441800000, 0x0000000441800000, 0x0000000441a00000|  0%| F|  |TAMS 0x0000000441800000, 0x0000000441800000| Untracked 
| 174|0x0000000441a00000, 0x0000000441a00000, 0x0000000441c00000|  0%| F|  |TAMS 0x0000000441a00000, 0x0000000441a00000| Untracked 
| 175|0x0000000441c00000, 0x0000000441c00000, 0x0000000441e00000|  0%| F|  |TAMS 0x0000000441c00000, 0x0000000441c00000| Untracked 
| 176|0x0000000441e00000, 0x0000000441e00000, 0x0000000442000000|  0%| F|  |TAMS 0x0000000441e00000, 0x0000000441e00000| Untracked 
| 177|0x0000000442000000, 0x0000000442000000, 0x0000000442200000|  0%| F|  |TAMS 0x0000000442000000, 0x0000000442000000| Untracked 
| 178|0x0000000442200000, 0x0000000442200000, 0x0000000442400000|  0%| F|  |TAMS 0x0000000442200000, 0x0000000442200000| Untracked 
| 179|0x0000000442400000, 0x0000000442400000, 0x0000000442600000|  0%| F|  |TAMS 0x0000000442400000, 0x0000000442400000| Untracked 
| 180|0x0000000442600000, 0x0000000442600000, 0x0000000442800000|  0%| F|  |TAMS 0x0000000442600000, 0x0000000442600000| Untracked 
| 181|0x0000000442800000, 0x0000000442800000, 0x0000000442a00000|  0%| F|  |TAMS 0x0000000442800000, 0x0000000442800000| Untracked 
| 182|0x0000000442a00000, 0x0000000442a00000, 0x0000000442c00000|  0%| F|  |TAMS 0x0000000442a00000, 0x0000000442a00000| Untracked 
| 183|0x0000000442c00000, 0x0000000442c00000, 0x0000000442e00000|  0%| F|  |TAMS 0x0000000442c00000, 0x0000000442c00000| Untracked 
| 184|0x0000000442e00000, 0x0000000442e00000, 0x0000000443000000|  0%| F|  |TAMS 0x0000000442e00000, 0x0000000442e00000| Untracked 
| 185|0x0000000443000000, 0x0000000443000000, 0x0000000443200000|  0%| F|  |TAMS 0x0000000443000000, 0x0000000443000000| Untracked 
| 186|0x0000000443200000, 0x0000000443200000, 0x0000000443400000|  0%| F|  |TAMS 0x0000000443200000, 0x0000000443200000| Untracked 
| 187|0x0000000443400000, 0x0000000443400000, 0x0000000443600000|  0%| F|  |TAMS 0x0000000443400000, 0x0000000443400000| Untracked 
| 188|0x0000000443600000, 0x0000000443600000, 0x0000000443800000|  0%| F|  |TAMS 0x0000000443600000, 0x0000000443600000| Untracked 
| 189|0x0000000443800000, 0x0000000443800000, 0x0000000443a00000|  0%| F|  |TAMS 0x0000000443800000, 0x0000000443800000| Untracked 
| 190|0x0000000443a00000, 0x0000000443a00000, 0x0000000443c00000|  0%| F|  |TAMS 0x0000000443a00000, 0x0000000443a00000| Untracked 
| 191|0x0000000443c00000, 0x0000000443c00000, 0x0000000443e00000|  0%| F|  |TAMS 0x0000000443c00000, 0x0000000443c00000| Untracked 
| 192|0x0000000443e00000, 0x0000000443e00000, 0x0000000444000000|  0%| F|  |TAMS 0x0000000443e00000, 0x0000000443e00000| Untracked 
| 193|0x0000000444000000, 0x0000000444000000, 0x0000000444200000|  0%| F|  |TAMS 0x0000000444000000, 0x0000000444000000| Untracked 
| 194|0x0000000444200000, 0x0000000444200000, 0x0000000444400000|  0%| F|  |TAMS 0x0000000444200000, 0x0000000444200000| Untracked 
| 195|0x0000000444400000, 0x0000000444400000, 0x0000000444600000|  0%| F|  |TAMS 0x0000000444400000, 0x0000000444400000| Untracked 
| 196|0x0000000444600000, 0x0000000444600000, 0x0000000444800000|  0%| F|  |TAMS 0x0000000444600000, 0x0000000444600000| Untracked 
| 197|0x0000000444800000, 0x0000000444800000, 0x0000000444a00000|  0%| F|  |TAMS 0x0000000444800000, 0x0000000444800000| Untracked 
| 198|0x0000000444a00000, 0x0000000444a00000, 0x0000000444c00000|  0%| F|  |TAMS 0x0000000444a00000, 0x0000000444a00000| Untracked 
| 199|0x0000000444c00000, 0x0000000444c00000, 0x0000000444e00000|  0%| F|  |TAMS 0x0000000444c00000, 0x0000000444c00000| Untracked 
| 200|0x0000000444e00000, 0x0000000444e00000, 0x0000000445000000|  0%| F|  |TAMS 0x0000000444e00000, 0x0000000444e00000| Untracked 
| 201|0x0000000445000000, 0x0000000445000000, 0x0000000445200000|  0%| F|  |TAMS 0x0000000445000000, 0x0000000445000000| Untracked 
| 202|0x0000000445200000, 0x0000000445200000, 0x0000000445400000|  0%| F|  |TAMS 0x0000000445200000, 0x0000000445200000| Untracked 
| 203|0x0000000445400000, 0x0000000445400000, 0x0000000445600000|  0%| F|  |TAMS 0x0000000445400000, 0x0000000445400000| Untracked 
| 204|0x0000000445600000, 0x0000000445600000, 0x0000000445800000|  0%| F|  |TAMS 0x0000000445600000, 0x0000000445600000| Untracked 
| 205|0x0000000445800000, 0x0000000445800000, 0x0000000445a00000|  0%| F|  |TAMS 0x0000000445800000, 0x0000000445800000| Untracked 
| 206|0x0000000445a00000, 0x0000000445a00000, 0x0000000445c00000|  0%| F|  |TAMS 0x0000000445a00000, 0x0000000445a00000| Untracked 
| 207|0x0000000445c00000, 0x0000000445c00000, 0x0000000445e00000|  0%| F|  |TAMS 0x0000000445c00000, 0x0000000445c00000| Untracked 
| 208|0x0000000445e00000, 0x0000000445e00000, 0x0000000446000000|  0%| F|  |TAMS 0x0000000445e00000, 0x0000000445e00000| Untracked 
| 209|0x0000000446000000, 0x0000000446000000, 0x0000000446200000|  0%| F|  |TAMS 0x0000000446000000, 0x0000000446000000| Untracked 
| 210|0x0000000446200000, 0x0000000446200000, 0x0000000446400000|  0%| F|  |TAMS 0x0000000446200000, 0x0000000446200000| Untracked 
| 211|0x0000000446400000, 0x0000000446400000, 0x0000000446600000|  0%| F|  |TAMS 0x0000000446400000, 0x0000000446400000| Untracked 
| 212|0x0000000446600000, 0x0000000446600000, 0x0000000446800000|  0%| F|  |TAMS 0x0000000446600000, 0x0000000446600000| Untracked 
| 213|0x0000000446800000, 0x0000000446800000, 0x0000000446a00000|  0%| F|  |TAMS 0x0000000446800000, 0x0000000446800000| Untracked 
| 214|0x0000000446a00000, 0x0000000446a00000, 0x0000000446c00000|  0%| F|  |TAMS 0x0000000446a00000, 0x0000000446a00000| Untracked 
| 215|0x0000000446c00000, 0x0000000446c00000, 0x0000000446e00000|  0%| F|  |TAMS 0x0000000446c00000, 0x0000000446c00000| Untracked 
| 216|0x0000000446e00000, 0x0000000446e00000, 0x0000000447000000|  0%| F|  |TAMS 0x0000000446e00000, 0x0000000446e00000| Untracked 
| 217|0x0000000447000000, 0x0000000447000000, 0x0000000447200000|  0%| F|  |TAMS 0x0000000447000000, 0x0000000447000000| Untracked 
| 218|0x0000000447200000, 0x0000000447200000, 0x0000000447400000|  0%| F|  |TAMS 0x0000000447200000, 0x0000000447200000| Untracked 
| 219|0x0000000447400000, 0x0000000447400000, 0x0000000447600000|  0%| F|  |TAMS 0x0000000447400000, 0x0000000447400000| Untracked 
| 220|0x0000000447600000, 0x0000000447600000, 0x0000000447800000|  0%| F|  |TAMS 0x0000000447600000, 0x0000000447600000| Untracked 
| 221|0x0000000447800000, 0x0000000447800000, 0x0000000447a00000|  0%| F|  |TAMS 0x0000000447800000, 0x0000000447800000| Untracked 
| 222|0x0000000447a00000, 0x0000000447a00000, 0x0000000447c00000|  0%| F|  |TAMS 0x0000000447a00000, 0x0000000447a00000| Untracked 
| 223|0x0000000447c00000, 0x0000000447c00000, 0x0000000447e00000|  0%| F|  |TAMS 0x0000000447c00000, 0x0000000447c00000| Untracked 
| 224|0x0000000447e00000, 0x0000000447e00000, 0x0000000448000000|  0%| F|  |TAMS 0x0000000447e00000, 0x0000000447e00000| Untracked 
| 225|0x0000000448000000, 0x0000000448000000, 0x0000000448200000|  0%| F|  |TAMS 0x0000000448000000, 0x0000000448000000| Untracked 
| 226|0x0000000448200000, 0x0000000448200000, 0x0000000448400000|  0%| F|  |TAMS 0x0000000448200000, 0x0000000448200000| Untracked 
| 227|0x0000000448400000, 0x0000000448400000, 0x0000000448600000|  0%| F|  |TAMS 0x0000000448400000, 0x0000000448400000| Untracked 
| 228|0x0000000448600000, 0x0000000448600000, 0x0000000448800000|  0%| F|  |TAMS 0x0000000448600000, 0x0000000448600000| Untracked 
| 229|0x0000000448800000, 0x0000000448800000, 0x0000000448a00000|  0%| F|  |TAMS 0x0000000448800000, 0x0000000448800000| Untracked 
| 230|0x0000000448a00000, 0x0000000448a00000, 0x0000000448c00000|  0%| F|  |TAMS 0x0000000448a00000, 0x0000000448a00000| Untracked 
| 231|0x0000000448c00000, 0x0000000448c00000, 0x0000000448e00000|  0%| F|  |TAMS 0x0000000448c00000, 0x0000000448c00000| Untracked 
| 232|0x0000000448e00000, 0x0000000448e00000, 0x0000000449000000|  0%| F|  |TAMS 0x0000000448e00000, 0x0000000448e00000| Untracked 
| 233|0x0000000449000000, 0x0000000449000000, 0x0000000449200000|  0%| F|  |TAMS 0x0000000449000000, 0x0000000449000000| Untracked 
| 234|0x0000000449200000, 0x0000000449200000, 0x0000000449400000|  0%| F|  |TAMS 0x0000000449200000, 0x0000000449200000| Untracked 
| 235|0x0000000449400000, 0x0000000449400000, 0x0000000449600000|  0%| F|  |TAMS 0x0000000449400000, 0x0000000449400000| Untracked 
| 236|0x0000000449600000, 0x0000000449600000, 0x0000000449800000|  0%| F|  |TAMS 0x0000000449600000, 0x0000000449600000| Untracked 
| 237|0x0000000449800000, 0x0000000449800000, 0x0000000449a00000|  0%| F|  |TAMS 0x0000000449800000, 0x0000000449800000| Untracked 
| 238|0x0000000449a00000, 0x0000000449a00000, 0x0000000449c00000|  0%| F|  |TAMS 0x0000000449a00000, 0x0000000449a00000| Untracked 
| 239|0x0000000449c00000, 0x0000000449c00000, 0x0000000449e00000|  0%| F|  |TAMS 0x0000000449c00000, 0x0000000449c00000| Untracked 
| 240|0x0000000449e00000, 0x0000000449e00000, 0x000000044a000000|  0%| F|  |TAMS 0x0000000449e00000, 0x0000000449e00000| Untracked 
| 241|0x000000044a000000, 0x000000044a000000, 0x000000044a200000|  0%| F|  |TAMS 0x000000044a000000, 0x000000044a000000| Untracked 
| 242|0x000000044a200000, 0x000000044a200000, 0x000000044a400000|  0%| F|  |TAMS 0x000000044a200000, 0x000000044a200000| Untracked 
| 243|0x000000044a400000, 0x000000044a400000, 0x000000044a600000|  0%| F|  |TAMS 0x000000044a400000, 0x000000044a400000| Untracked 
| 244|0x000000044a600000, 0x000000044a600000, 0x000000044a800000|  0%| F|  |TAMS 0x000000044a600000, 0x000000044a600000| Untracked 
| 245|0x000000044a800000, 0x000000044a800000, 0x000000044aa00000|  0%| F|  |TAMS 0x000000044a800000, 0x000000044a800000| Untracked 
| 246|0x000000044aa00000, 0x000000044aa00000, 0x000000044ac00000|  0%| F|  |TAMS 0x000000044aa00000, 0x000000044aa00000| Untracked 
| 247|0x000000044ac00000, 0x000000044ac00000, 0x000000044ae00000|  0%| F|  |TAMS 0x000000044ac00000, 0x000000044ac00000| Untracked 
| 248|0x000000044ae00000, 0x000000044ae00000, 0x000000044b000000|  0%| F|  |TAMS 0x000000044ae00000, 0x000000044ae00000| Untracked 
| 249|0x000000044b000000, 0x000000044b000000, 0x000000044b200000|  0%| F|  |TAMS 0x000000044b000000, 0x000000044b000000| Untracked 
| 250|0x000000044b200000, 0x000000044b200000, 0x000000044b400000|  0%| F|  |TAMS 0x000000044b200000, 0x000000044b200000| Untracked 
| 251|0x000000044b400000, 0x000000044b400000, 0x000000044b600000|  0%| F|  |TAMS 0x000000044b400000, 0x000000044b400000| Untracked 
| 252|0x000000044b600000, 0x000000044b600000, 0x000000044b800000|  0%| F|  |TAMS 0x000000044b600000, 0x000000044b600000| Untracked 
| 253|0x000000044b800000, 0x000000044b800000, 0x000000044ba00000|  0%| F|  |TAMS 0x000000044b800000, 0x000000044b800000| Untracked 
| 254|0x000000044ba00000, 0x000000044ba00000, 0x000000044bc00000|  0%| F|  |TAMS 0x000000044ba00000, 0x000000044ba00000| Untracked 
| 255|0x000000044bc00000, 0x000000044be00000, 0x000000044be00000|100%| E|  |TAMS 0x000000044bc00000, 0x000000044bc00000| Complete 

Card table byte_map: [0x000001427a9e0000,0x000001427b9e0000] _byte_map_base: 0x0000014278881000

Marking Bits (Prev, Next): (CMBitMap*) 0x00000142790f8228, (CMBitMap*) 0x00000142790f8260
 Prev Bits: [0x0000014217640000, 0x000001421f5c8000)
 Next Bits: [0x000001421f5d0000, 0x0000014227558000)

Polling page: 0x0000014277070000

Metaspace:

Usage:
  Non-class:      4.10 MB capacity,     4.05 MB ( 99%) used,    51.11 KB (  1%) free+waste,   768 bytes ( <1%) overhead. 
      Class:    389.00 KB capacity,   367.34 KB ( 94%) used,    21.41 KB (  6%) free+waste,   256 bytes ( <1%) overhead. 
       Both:      4.48 MB capacity,     4.40 MB ( 98%) used,    72.52 KB (  2%) free+waste,     1.00 KB ( <1%) overhead. 

Virtual space:
  Non-class space:        8.00 MB reserved,       4.25 MB ( 53%) committed 
      Class space:        1.00 GB reserved,     512.00 KB ( <1%) committed 
             Both:        1.01 GB reserved,       4.75 MB ( <1%) committed 

Chunk freelists:
   Non-Class:  30.00 KB
       Class:  1.00 KB
        Both:  31.00 KB

MaxMetaspaceSize: 17179869184.00 GB
CompressedClassSpaceSize: 1.00 GB
Initial GC threshold: 20.80 MB
Current GC threshold: 20.80 MB
CDS: off

CodeHeap 'non-profiled nmethods': size=119168Kb used=26Kb max_used=26Kb free=119141Kb
 bounds [0x00000142101e0000, 0x0000014210450000, 0x0000014217640000]
CodeHeap 'profiled nmethods': size=119168Kb used=136Kb max_used=136Kb free=119031Kb
 bounds [0x0000014208d80000, 0x0000014208ff0000, 0x00000142101e0000]
CodeHeap 'non-nmethods': size=7424Kb used=1136Kb max_used=1136Kb free=6288Kb
 bounds [0x0000014208640000, 0x00000142088b0000, 0x0000014208d80000]
 total_blobs=382 nmethods=107 adapters=196
 compilation: enabled
              stopped_count=0, restarted_count=0
 full_count=0

Compilation events (20 events):
Event: 0.288 Thread 0x000001427fcfb000   91       3       java.lang.StringUTF16::getChar (60 bytes)
Event: 0.288 Thread 0x000001427fcfb000 nmethod 91 0x0000014208d9f710 code [0x0000014208d9f8c0, 0x0000014208d9fa18]
Event: 0.290 Thread 0x000001427fcfb000   92       3       java.lang.CharacterDataLatin1::getProperties (11 bytes)
Event: 0.290 Thread 0x000001427fcfb000 nmethod 92 0x0000014208d9fb10 code [0x0000014208d9fcc0, 0x0000014208d9fdf8]
Event: 0.290 Thread 0x000001427fcfb000   93       3       java.lang.AbstractStringBuilder::ensureCapacityInternal (39 bytes)
Event: 0.290 Thread 0x000001427fcfb000 nmethod 93 0x0000014208d9ff10 code [0x0000014208da0100, 0x0000014208da05b8]
Event: 0.293 Thread 0x000001427fcfb000   94       3       java.lang.String::hashCode (49 bytes)
Event: 0.294 Thread 0x000001427fcfb000 nmethod 94 0x0000014208da0790 code [0x0000014208da0980, 0x0000014208da0d88]
Event: 0.300 Thread 0x000001427fcfb000   99       3       java.lang.String::indexOf (7 bytes)
Event: 0.300 Thread 0x000001427fcfb000 nmethod 99 0x0000014208da0f10 code [0x0000014208da1100, 0x0000014208da1418]
Event: 0.300 Thread 0x000001427fcfb000  100       3       java.lang.Math::min (11 bytes)
Event: 0.300 Thread 0x000001427fcfb000 nmethod 100 0x0000014208da1510 code [0x0000014208da16c0, 0x0000014208da17f8]
Event: 0.301 Thread 0x000001427fcfb000  101       3       java.lang.AbstractStringBuilder::isLatin1 (19 bytes)
Event: 0.301 Thread 0x000001427fcfb000 nmethod 101 0x0000014208da1890 code [0x0000014208da1a40, 0x0000014208da1bb8]
Event: 0.301 Thread 0x000001427fcfb000  102       1       java.lang.Enum::ordinal (5 bytes)
Event: 0.301 Thread 0x000001427fcfb000 nmethod 102 0x00000142101e5e90 code [0x00000142101e6040, 0x00000142101e60f8]
Event: 0.301 Thread 0x000001427fcfb000  103       3       java.lang.String::<init> (15 bytes)
Event: 0.301 Thread 0x000001427fcfb000 nmethod 103 0x0000014208da1c90 code [0x0000014208da1e40, 0x0000014208da1ff8]
Event: 0.302 Thread 0x000001427fcfb000  107       3       java.lang.System::getSecurityManager (4 bytes)
Event: 0.302 Thread 0x000001427fcfb000 nmethod 107 0x0000014208da2090 code [0x0000014208da2240, 0x0000014208da2338]

GC Heap History (0 events):
No events

Deoptimization events (4 events):
Event: 0.289 Thread 0x000001427906e000 Uncommon trap: trap_request=0xffffff4d fr.pc=0x00000142101e4ab4 relative=0x0000000000000214
Event: 0.289 Thread 0x000001427906e000 Uncommon trap: reason=unstable_if action=reinterpret pc=0x00000142101e4ab4 method=java.lang.String.hashCode()I @ 14 c2
Event: 0.289 Thread 0x000001427906e000 DEOPT PACKING pc=0x00000142101e4ab4 sp=0x00000006414fd430
Event: 0.289 Thread 0x000001427906e000 DEOPT UNPACKING pc=0x000001420868a1af sp=0x00000006414fd3d8 mode 2

Classes redefined (0 events):
No events

Internal exceptions (0 events):
No events

Events (20 events):
Event: 51.882 Executing VM operation: GetFrameCount
Event: 51.882 Executing VM operation: GetFrameCount done
Event: 51.883 Executing VM operation: GetFrameLocation
Event: 51.883 Executing VM operation: GetFrameLocation done
Event: 51.883 Executing VM operation: GetOrSetLocal
Event: 51.883 Executing VM operation: GetOrSetLocal done
Event: 51.883 Executing VM operation: GetFrameCount
Event: 51.883 Executing VM operation: GetFrameCount done
Event: 51.883 Executing VM operation: SetFramePop
Event: 51.883 Executing VM operation: SetFramePop done
Event: 51.883 Executing VM operation: GetFrameLocation
Event: 51.883 Executing VM operation: GetFrameLocation done
Event: 51.883 Executing VM operation: GetCurrentLocation
Event: 51.883 Executing VM operation: GetCurrentLocation done
Event: 51.883 Executing VM operation: ChangeSingleStep
Event: 51.883 Executing VM operation: ChangeSingleStep done
Event: 51.883 Executing VM operation: ChangeSingleStep
Event: 51.883 Executing VM operation: ChangeSingleStep done
Event: 51.883 Executing VM operation: GetOrSetLocal
Event: 51.883 Executing VM operation: GetOrSetLocal done


Dynamic libraries:
0x00007ff79f160000 - 0x00007ff79f16d000 	C:\Program Files\Microsoft\jdk-11.0.12.7-hotspot\bin\java.exe
0x00007ff905730000 - 0x00007ff905927000 	C:\WINDOWS\SYSTEM32\ntdll.dll
0x00007ff903e30000 - 0x00007ff903eed000 	C:\WINDOWS\System32\KERNEL32.DLL
0x00007ff903070000 - 0x00007ff903366000 	C:\WINDOWS\System32\KERNELBASE.dll
0x00007ff902f10000 - 0x00007ff903010000 	C:\WINDOWS\System32\ucrtbase.dll
0x00007ff8fe430000 - 0x00007ff8fe447000 	C:\Program Files\Microsoft\jdk-11.0.12.7-hotspot\bin\jli.dll
0x00007ff8fe3f0000 - 0x00007ff8fe405000 	C:\Program Files\Microsoft\jdk-11.0.12.7-hotspot\bin\VCRUNTIME140.dll
0x00007ff904ca0000 - 0x00007ff904e3e000 	C:\WINDOWS\System32\USER32.dll
0x00007ff903010000 - 0x00007ff903032000 	C:\WINDOWS\System32\win32u.dll
0x00007ff8f1ae0000 - 0x00007ff8f1d7a000 	C:\WINDOWS\WinSxS\amd64_microsoft.windows.common-controls_6595b64144ccf1df_6.0.19041.3570_none_60bb2a3971f3e41a\COMCTL32.dll
0x00007ff9052b0000 - 0x00007ff9052dc000 	C:\WINDOWS\System32\GDI32.dll
0x00007ff903d80000 - 0x00007ff903e1e000 	C:\WINDOWS\System32\msvcrt.dll
0x00007ff903670000 - 0x00007ff90378a000 	C:\WINDOWS\System32\gdi32full.dll
0x00007ff903520000 - 0x00007ff9035bd000 	C:\WINDOWS\System32\msvcp_win.dll
0x00007ff9056c0000 - 0x00007ff9056f0000 	C:\WINDOWS\System32\IMM32.DLL
0x00007ff8d4b60000 - 0x00007ff8d4bfb000 	C:\Program Files\Microsoft\jdk-11.0.12.7-hotspot\bin\msvcp140.dll
0x00007ff81fca0000 - 0x00007ff820801000 	C:\Program Files\Microsoft\jdk-11.0.12.7-hotspot\bin\server\jvm.dll
0x00007ff9043b0000 - 0x00007ff90445e000 	C:\WINDOWS\System32\ADVAPI32.dll
0x00007ff9051a0000 - 0x00007ff90523c000 	C:\WINDOWS\System32\sechost.dll
0x00007ff904270000 - 0x00007ff904396000 	C:\WINDOWS\System32\RPCRT4.dll
0x00007ff9052a0000 - 0x00007ff9052a8000 	C:\WINDOWS\System32\PSAPI.DLL
0x00007ff8e2a90000 - 0x00007ff8e2a99000 	C:\WINDOWS\SYSTEM32\WSOCK32.dll
0x00007ff8f5b50000 - 0x00007ff8f5b77000 	C:\WINDOWS\SYSTEM32\WINMM.dll
0x00007ff904c30000 - 0x00007ff904c9b000 	C:\WINDOWS\System32\WS2_32.dll
0x00007ff8fb520000 - 0x00007ff8fb52a000 	C:\WINDOWS\SYSTEM32\VERSION.dll
0x00007ff901650000 - 0x00007ff901662000 	C:\WINDOWS\SYSTEM32\kernel.appcore.dll
0x00007ff8e7110000 - 0x00007ff8e7120000 	C:\Program Files\Microsoft\jdk-11.0.12.7-hotspot\bin\verify.dll
0x00007ff9012d0000 - 0x00007ff9014b4000 	C:\WINDOWS\SYSTEM32\DBGHELP.DLL
0x00007ff8e6430000 - 0x00007ff8e6464000 	C:\WINDOWS\SYSTEM32\dbgcore.DLL
0x00007ff902e80000 - 0x00007ff902f02000 	C:\WINDOWS\System32\bcryptPrimitives.dll
0x00007ff8d85f0000 - 0x00007ff8d8618000 	C:\Program Files\Microsoft\jdk-11.0.12.7-hotspot\bin\java.dll
0x00007ff8e7100000 - 0x00007ff8e710a000 	C:\Program Files\Microsoft\jdk-11.0.12.7-hotspot\bin\jimage.dll
0x00007ff8d3d70000 - 0x00007ff8d3da8000 	C:\Program Files\Microsoft\jdk-11.0.12.7-hotspot\bin\jdwp.dll
0x00007ff8d6400000 - 0x00007ff8d6417000 	C:\Program Files\Microsoft\jdk-11.0.12.7-hotspot\bin\zip.dll
0x00007ff904460000 - 0x00007ff904ba4000 	C:\WINDOWS\System32\SHELL32.dll
0x00007ff900a70000 - 0x00007ff90120b000 	C:\WINDOWS\SYSTEM32\windows.storage.dll
0x00007ff904e40000 - 0x00007ff905194000 	C:\WINDOWS\System32\combase.dll
0x00007ff902850000 - 0x00007ff90287d000 	C:\WINDOWS\SYSTEM32\Wldp.dll
0x00007ff903c00000 - 0x00007ff903cad000 	C:\WINDOWS\System32\SHCORE.dll
0x00007ff9052e0000 - 0x00007ff905335000 	C:\WINDOWS\System32\shlwapi.dll
0x00007ff902d40000 - 0x00007ff902d65000 	C:\WINDOWS\SYSTEM32\profapi.dll
0x00007ff8e70e0000 - 0x00007ff8e70ea000 	C:\Program Files\Microsoft\jdk-11.0.12.7-hotspot\bin\dt_socket.dll
0x00007ff9025b0000 - 0x00007ff90261a000 	C:\WINDOWS\System32\mswsock.dll
0x00007ff902290000 - 0x00007ff90235a000 	C:\WINDOWS\SYSTEM32\DNSAPI.dll
0x00007ff902250000 - 0x00007ff90228b000 	C:\WINDOWS\SYSTEM32\IPHLPAPI.DLL
0x00007ff9043a0000 - 0x00007ff9043a8000 	C:\WINDOWS\System32\NSI.dll
0x00007ff8f8ad0000 - 0x00007ff8f8b52000 	C:\WINDOWS\System32\fwpuclnt.dll
0x00007ff903040000 - 0x00007ff903067000 	C:\WINDOWS\System32\bcrypt.dll
0x00007ff8f9a90000 - 0x00007ff8f9a9a000 	C:\Windows\System32\rasadhlp.dll

dbghelp: loaded successfully - version: 4.0.5 - missing functions: none
symbol engine: initialized successfully - sym options: 0x614 - pdb path: .;C:\Program Files\Microsoft\jdk-11.0.12.7-hotspot\bin;C:\WINDOWS\SYSTEM32;C:\WINDOWS\WinSxS\amd64_microsoft.windows.common-controls_6595b64144ccf1df_6.0.19041.3570_none_60bb2a3971f3e41a;C:\Program Files\Microsoft\jdk-11.0.12.7-hotspot\bin\server

VM Arguments:
jvm_args: -agentlib:jdwp=transport=dt_socket,server=n,suspend=y,address=localhost:56517 
java_command: Main
java_class_path (initial): C:\Users\rokdo\Desktop\Uni_Code\AED_Projects\Project_2\bin
Launcher Type: SUN_STANDARD

[Global flags]
     intx CICompilerCount                          = 12                                        {product} {ergonomic}
     uint ConcGCThreads                            = 3                                         {product} {ergonomic}
     uint G1ConcRefinementThreads                  = 13                                        {product} {ergonomic}
   size_t G1HeapRegionSize                         = 2097152                                   {product} {ergonomic}
    uintx GCDrainStackTargetSize                   = 64                                        {product} {ergonomic}
   size_t InitialHeapSize                          = 536870912                                 {product} {ergonomic}
   size_t MarkStackSize                            = 4194304                                   {product} {ergonomic}
   size_t MaxHeapSize                              = 8558477312                                {product} {ergonomic}
   size_t MaxNewSize                               = 5133828096                                {product} {ergonomic}
   size_t MinHeapDeltaBytes                        = 2097152                                   {product} {ergonomic}
    uintx NonNMethodCodeHeapSize                   = 7594288                                {pd product} {ergonomic}
    uintx NonProfiledCodeHeapSize                  = 122031976                              {pd product} {ergonomic}
    uintx ProfiledCodeHeapSize                     = 122031976                              {pd product} {ergonomic}
    uintx ReservedCodeCacheSize                    = 251658240                              {pd product} {ergonomic}
     bool SegmentedCodeCache                       = true                                      {product} {ergonomic}
     bool UseCompressedClassPointers               = true                                 {lp64_product} {ergonomic}
     bool UseCompressedOops                        = true                                 {lp64_product} {ergonomic}
     bool UseG1GC                                  = true                                      {product} {ergonomic}
     bool UseLargePagesIndividualAllocation        = false                                  {pd product} {ergonomic}

Logging:
Log output configuration:
 #0: stdout all=warning uptime,level,tags
 #1: stderr all=off uptime,level,tags

Environment Variables:
PATH=C:\Program Files\Common Files\Oracle\Java\javapath;C:\Program Files\Microsoft\jdk-11.0.12.7-hotspot\bin;C:\Program Files\Oculus\Support\oculus-runtime;C:\Program Files (x86)\Common Files\Oracle\Java\javapath;C:\Windows\system32;C:\Windows;C:\Windows\System32\Wbem;C:\Windows\System32\WindowsPowerShell\v1.0\;C:\Windows\System32\OpenSSH\;C:\Program Files\NVIDIA Corporation\NVIDIA NvDLISR;C:\Program Files (x86)\NVIDIA Corporation\PhysX\Common;C:\Program Files\Microsoft SQL Server\130\Tools\Binn\;C:\Program Files\Microsoft SQL Server\Client SDK\ODBC\170\Tools\Binn\;C:\Program Files\dotnet\;C:\Program Files\Microsoft SQL Server\150\Tools\Binn\;C:\MinGW\Bin;C:\WINDOWS\system32;C:\WINDOWS;C:\WINDOWS\System32\Wbem;C:\WINDOWS\System32\WindowsPowerShell\v1.0\;C:\WINDOWS\System32\OpenSSH\;C:\Program Files\PuTTY\;C:\Program Files\Git\cmd;C:\Users\rokdo\AppData\Local\Programs\Python\Python311\Scripts\;C:\Users\rokdo\AppData\Local\Programs\Python\Python311\;C:\Program Files\MySQL\MySQL Shell 8.0\bin;C:\Users\rokdo\AppData\Local\Microsoft\WindowsApps;C:\Users\rokdo\.dotnet\tools;C:\Users\rokdo\AppData\Local\GitHubDesktop\bin;C:\Users\rokdo\AppData\Local\Programs\Microsoft VS Code\bin;C:\Program Files\MySQL\MySQL Server 8.0\bin;;C:\Program Files\JetBrains\PyCharm Community Edition 2023.2.1\bin;;C:\Program Files\JetBrains\IntelliJ IDEA Community Edition 2023.2.2\bin;
USERNAME=rokdo
LANG=en_US.UTF-8
OS=Windows_NT
PROCESSOR_IDENTIFIER=Intel64 Family 6 Model 158 Stepping 13, GenuineIntel



---------------  S Y S T E M  ---------------

OS: Windows 10 , 64 bit Build 19041 (10.0.19041.3570)
OS uptime: 0 days 15:21 hours

CPU:total 16 (initial active 16) (8 cores per cpu, 2 threads per core) family 6 model 158 stepping 13 microcode 0xd2, cmov, cx8, fxsr, mmx, sse, sse2, sse3, ssse3, sse4.1, sse4.2, popcnt, avx, avx2, aes, clmul, erms, 3dnowpref, lzcnt, ht, tsc, tscinvbit, bmi1, bmi2, adx, fma

Memory: 4k page, system-wide physical 32641M (17006M free)
TotalPageFile size 37505M (AvailPageFile size 7474M)
current process WorkingSet (physical memory assigned to process): 48M, peak: 48M
current process commit charge ("private bytes"): 615M, peak: 615M

vm_info: OpenJDK 64-Bit Server VM (11.0.12+7) for windows-amd64 JRE (11.0.12+7), built on Jul 21 2021 15:41:43 by "" with unknown MS VC++:1916

END.
